<?xml version="1.0" encoding="UTF-8"?>
<testsuite name="com.ceiba.cita.controlador.ConsultaControladorCitaTest" tests="2" skipped="0" failures="0" errors="0" timestamp="2022-06-29T20:02:12" hostname="DESKTOP-SJD26V0" time="4.643">
  <properties/>
  <testcase name="obtenerPorId()" classname="com.ceiba.cita.controlador.ConsultaControladorCitaTest" time="0.586"/>
  <testcase name="obtenerTodasActivas()" classname="com.ceiba.cita.controlador.ConsultaControladorCitaTest" time="0.292"/>
  <system-out><![CDATA[2022-06-29 15:02:07.184  INFO 15072 --- [    Test worker] o.s.t.c.support.AbstractContextLoader    : Could not detect default resource locations for test class [com.ceiba.cita.controlador.ConsultaControladorCitaTest]: no resource found for suffixes {-context.xml, Context.groovy}.
2022-06-29 15:02:07.206  INFO 15072 --- [    Test worker] .b.t.a.w.s.WebMvcTestContextBootstrapper : Loaded default TestExecutionListener class names from location [META-INF/spring.factories]: [org.springframework.boot.test.autoconfigure.restdocs.RestDocsTestExecutionListener, org.springframework.boot.test.autoconfigure.web.client.MockRestServiceServerResetTestExecutionListener, org.springframework.boot.test.autoconfigure.web.servlet.MockMvcPrintOnlyOnFailureTestExecutionListener, org.springframework.boot.test.autoconfigure.web.servlet.WebDriverTestExecutionListener, org.springframework.boot.test.autoconfigure.webservices.client.MockWebServiceServerTestExecutionListener, org.springframework.boot.test.mock.mockito.MockitoTestExecutionListener, org.springframework.boot.test.mock.mockito.ResetMocksTestExecutionListener, org.springframework.test.context.web.ServletTestExecutionListener, org.springframework.test.context.support.DirtiesContextBeforeModesTestExecutionListener, org.springframework.test.context.event.ApplicationEventsTestExecutionListener, org.springframework.test.context.support.DependencyInjectionTestExecutionListener, org.springframework.test.context.support.DirtiesContextTestExecutionListener, org.springframework.test.context.transaction.TransactionalTestExecutionListener, org.springframework.test.context.jdbc.SqlScriptsTestExecutionListener, org.springframework.test.context.event.EventPublishingTestExecutionListener]
2022-06-29 15:02:07.208  INFO 15072 --- [    Test worker] .b.t.a.w.s.WebMvcTestContextBootstrapper : Using TestExecutionListeners: [org.springframework.test.context.web.ServletTestExecutionListener@73eb026f, org.springframework.test.context.support.DirtiesContextBeforeModesTestExecutionListener@61adaa04, org.springframework.test.context.event.ApplicationEventsTestExecutionListener@162ba19b, org.springframework.boot.test.mock.mockito.MockitoTestExecutionListener@24fa2e1, org.springframework.boot.test.autoconfigure.SpringBootDependencyInjectionTestExecutionListener@299c20bd, org.springframework.test.context.support.DirtiesContextTestExecutionListener@256d5200, org.springframework.test.context.transaction.TransactionalTestExecutionListener@6e81084f, org.springframework.test.context.jdbc.SqlScriptsTestExecutionListener@11a6e7d4, org.springframework.test.context.event.EventPublishingTestExecutionListener@59f7a495, org.springframework.boot.test.autoconfigure.restdocs.RestDocsTestExecutionListener@164500f9, org.springframework.boot.test.autoconfigure.web.client.MockRestServiceServerResetTestExecutionListener@7060b10e, org.springframework.boot.test.autoconfigure.web.servlet.MockMvcPrintOnlyOnFailureTestExecutionListener@565e7091, org.springframework.boot.test.autoconfigure.web.servlet.WebDriverTestExecutionListener@3269a5c3, org.springframework.boot.test.autoconfigure.webservices.client.MockWebServiceServerTestExecutionListener@c1539bf, org.springframework.boot.test.mock.mockito.ResetMocksTestExecutionListener@790801f2]

  .   ____          _            __ _ _
 /\\ / ___'_ __ _ _(_)_ __  __ _ \ \ \ \
( ( )\___ | '_ | '_| | '_ \/ _` | \ \ \ \
 \\/  ___)| |_)| | | | | || (_| |  ) ) ) )
  '  |____| .__|_| |_|_| |_\__, | / / / /
 =========|_|==============|___/=/_/_/_/
 :: Spring Boot ::                (v2.6.7)

2022-06-29 15:02:07.350  INFO 15072 --- [    Test worker] c.c.c.c.ConsultaControladorCitaTest      : Starting ConsultaControladorCitaTest using Java 17.0.3 on DESKTOP-SJD26V0 with PID 15072 (started by MILTON-PC in C:\DEV_MODE\WORSPACES\INTELLIJ_WORKSPACE\java-arquitectura-hexagonal\microservicio\infraestructura)
2022-06-29 15:02:07.350  INFO 15072 --- [    Test worker] c.c.c.c.ConsultaControladorCitaTest      : No active profile set, falling back to 1 default profile: "default"
2022-06-29 15:02:08.909  INFO 15072 --- [    Test worker] com.zaxxer.hikari.HikariDataSource       : pool - Starting...
2022-06-29 15:02:08.916  INFO 15072 --- [    Test worker] com.zaxxer.hikari.HikariDataSource       : pool - Start completed.
2022-06-29 15:02:09.526  INFO 15072 --- [    Test worker] o.s.j.d.e.EmbeddedDatabaseFactory        : Starting embedded database: url='jdbc:h2:mem:testdb;DB_CLOSE_DELAY=-1;DB_CLOSE_ON_EXIT=false', username='sa'
2022-06-29 15:02:09.550  INFO 15072 --- [    Test worker] o.f.c.i.database.base.DatabaseType       : Database: jdbc:h2:mem:testdb (H2 1.4)
2022-06-29 15:02:09.632  INFO 15072 --- [    Test worker] o.f.core.internal.command.DbValidate     : Successfully validated 2 migrations (execution time 00:00.029s)
2022-06-29 15:02:09.641  INFO 15072 --- [    Test worker] o.f.c.i.s.JdbcTableSchemaHistory         : Creating Schema History table "PUBLIC"."flyway_schema_history" ...
2022-06-29 15:02:09.797  INFO 15072 --- [    Test worker] o.f.core.internal.command.DbMigrate      : Current version of schema "PUBLIC": << Empty Schema >>
2022-06-29 15:02:09.878  INFO 15072 --- [    Test worker] o.f.core.internal.command.DbMigrate      : Migrating schema "PUBLIC" to version 1.0 - schema
2022-06-29 15:02:10.039  INFO 15072 --- [    Test worker] o.f.core.internal.command.DbMigrate      : Migrating schema "PUBLIC" to version 1.1 - data
2022-06-29 15:02:10.110  INFO 15072 --- [    Test worker] o.f.core.internal.command.DbMigrate      : Successfully applied 2 migrations to schema "PUBLIC" (execution time 00:00.327s)
2022-06-29 15:02:12.288  INFO 15072 --- [    Test worker] o.s.b.t.m.w.SpringBootMockServletContext : Initializing Spring TestDispatcherServlet ''
2022-06-29 15:02:12.288  INFO 15072 --- [    Test worker] o.s.t.web.servlet.TestDispatcherServlet  : Initializing Servlet ''
2022-06-29 15:02:12.297  INFO 15072 --- [    Test worker] o.s.t.web.servlet.TestDispatcherServlet  : Completed initialization in 9 ms
2022-06-29 15:02:12.387  INFO 15072 --- [    Test worker] c.c.c.c.ConsultaControladorCitaTest      : Started ConsultaControladorCitaTest in 5.163 seconds (JVM running for 39.821)
2022-06-29 15:02:12.758  INFO 15072 --- [    Test worker] o.s.j.d.e.EmbeddedDatabaseFactory        : Shutting down embedded database: url='jdbc:h2:mem:testdb;DB_CLOSE_DELAY=-1;DB_CLOSE_ON_EXIT=false'
2022-06-29 15:02:12.969  INFO 15072 --- [    Test worker] com.zaxxer.hikari.HikariDataSource       : pool - Shutdown initiated...
2022-06-29 15:02:12.980  INFO 15072 --- [    Test worker] com.zaxxer.hikari.HikariDataSource       : pool - Shutdown completed.

  .   ____          _            __ _ _
 /\\ / ___'_ __ _ _(_)_ __  __ _ \ \ \ \
( ( )\___ | '_ | '_| | '_ \/ _` | \ \ \ \
 \\/  ___)| |_)| | | | | || (_| |  ) ) ) )
  '  |____| .__|_| |_|_| |_\__, | / / / /
 =========|_|==============|___/=/_/_/_/
 :: Spring Boot ::                (v2.6.7)

2022-06-29 15:02:13.170  INFO 15072 --- [    Test worker] c.c.c.c.ConsultaControladorCitaTest      : Starting ConsultaControladorCitaTest using Java 17.0.3 on DESKTOP-SJD26V0 with PID 15072 (started by MILTON-PC in C:\DEV_MODE\WORSPACES\INTELLIJ_WORKSPACE\java-arquitectura-hexagonal\microservicio\infraestructura)
2022-06-29 15:02:13.170  INFO 15072 --- [    Test worker] c.c.c.c.ConsultaControladorCitaTest      : No active profile set, falling back to 1 default profile: "default"
2022-06-29 15:02:14.106  INFO 15072 --- [    Test worker] com.zaxxer.hikari.HikariDataSource       : pool - Starting...
2022-06-29 15:02:14.111  INFO 15072 --- [    Test worker] com.zaxxer.hikari.HikariDataSource       : pool - Start completed.
2022-06-29 15:02:14.741  INFO 15072 --- [    Test worker] o.s.j.d.e.EmbeddedDatabaseFactory        : Starting embedded database: url='jdbc:h2:mem:testdb;DB_CLOSE_DELAY=-1;DB_CLOSE_ON_EXIT=false', username='sa'
2022-06-29 15:02:14.761  INFO 15072 --- [    Test worker] o.f.c.i.database.base.DatabaseType       : Database: jdbc:h2:mem:testdb (H2 1.4)
2022-06-29 15:02:14.821  INFO 15072 --- [    Test worker] o.f.core.internal.command.DbValidate     : Successfully validated 2 migrations (execution time 00:00.043s)
2022-06-29 15:02:14.839  INFO 15072 --- [    Test worker] o.f.c.i.s.JdbcTableSchemaHistory         : Creating Schema History table "PUBLIC"."flyway_schema_history" ...
2022-06-29 15:02:14.880  INFO 15072 --- [    Test worker] o.f.core.internal.command.DbMigrate      : Current version of schema "PUBLIC": << Empty Schema >>
2022-06-29 15:02:14.908  INFO 15072 --- [    Test worker] o.f.core.internal.command.DbMigrate      : Migrating schema "PUBLIC" to version 1.0 - schema
2022-06-29 15:02:15.028  INFO 15072 --- [    Test worker] o.f.core.internal.command.DbMigrate      : Migrating schema "PUBLIC" to version 1.1 - data
2022-06-29 15:02:15.131  INFO 15072 --- [    Test worker] o.f.core.internal.command.DbMigrate      : Successfully applied 2 migrations to schema "PUBLIC" (execution time 00:00.268s)
2022-06-29 15:02:16.678  INFO 15072 --- [    Test worker] o.s.b.t.m.w.SpringBootMockServletContext : Initializing Spring TestDispatcherServlet ''
2022-06-29 15:02:16.678  INFO 15072 --- [    Test worker] o.s.t.web.servlet.TestDispatcherServlet  : Initializing Servlet ''
2022-06-29 15:02:16.678  INFO 15072 --- [    Test worker] o.s.t.web.servlet.TestDispatcherServlet  : Completed initialization in 0 ms
2022-06-29 15:02:16.738  INFO 15072 --- [    Test worker] c.c.c.c.ConsultaControladorCitaTest      : Started ConsultaControladorCitaTest in 3.751 seconds (JVM running for 44.176)
2022-06-29 15:02:16.809  INFO 15072 --- [    Test worker] o.s.j.d.e.EmbeddedDatabaseFactory        : Shutting down embedded database: url='jdbc:h2:mem:testdb;DB_CLOSE_DELAY=-1;DB_CLOSE_ON_EXIT=false'
2022-06-29 15:02:17.033  INFO 15072 --- [    Test worker] com.zaxxer.hikari.HikariDataSource       : pool - Shutdown initiated...
2022-06-29 15:02:17.037  INFO 15072 --- [    Test worker] com.zaxxer.hikari.HikariDataSource       : pool - Shutdown completed.
]]></system-out>
  <system-err><![CDATA[]]></system-err>
</testsuite>
