<?xml version="1.0" encoding="UTF-8"?>
<testsuite name="com.ceiba.client.controlador.ConsultaControladorClientTest" tests="3" skipped="0" failures="0" errors="0" timestamp="2022-06-27T22:47:30" hostname="DESKTOP-SJD26V0" time="5.105">
  <properties/>
  <testcase name="consultarPorIdentificacionPersonal()" classname="com.ceiba.client.controlador.ConsultaControladorClientTest" time="0.253"/>
  <testcase name="consultarTodosLosClientes()" classname="com.ceiba.client.controlador.ConsultaControladorClientTest" time="0.247"/>
  <testcase name="consultarPorId()" classname="com.ceiba.client.controlador.ConsultaControladorClientTest" time="0.236"/>
  <system-out><![CDATA[2022-06-27 17:47:28.518  INFO 4520 --- [    Test worker] o.s.t.c.support.AbstractContextLoader    : Could not detect default resource locations for test class [com.ceiba.client.controlador.ConsultaControladorClientTest]: no resource found for suffixes {-context.xml, Context.groovy}.
2022-06-27 17:47:28.528  INFO 4520 --- [    Test worker] .b.t.a.w.s.WebMvcTestContextBootstrapper : Loaded default TestExecutionListener class names from location [META-INF/spring.factories]: [org.springframework.boot.test.autoconfigure.restdocs.RestDocsTestExecutionListener, org.springframework.boot.test.autoconfigure.web.client.MockRestServiceServerResetTestExecutionListener, org.springframework.boot.test.autoconfigure.web.servlet.MockMvcPrintOnlyOnFailureTestExecutionListener, org.springframework.boot.test.autoconfigure.web.servlet.WebDriverTestExecutionListener, org.springframework.boot.test.autoconfigure.webservices.client.MockWebServiceServerTestExecutionListener, org.springframework.boot.test.mock.mockito.MockitoTestExecutionListener, org.springframework.boot.test.mock.mockito.ResetMocksTestExecutionListener, org.springframework.test.context.web.ServletTestExecutionListener, org.springframework.test.context.support.DirtiesContextBeforeModesTestExecutionListener, org.springframework.test.context.event.ApplicationEventsTestExecutionListener, org.springframework.test.context.support.DependencyInjectionTestExecutionListener, org.springframework.test.context.support.DirtiesContextTestExecutionListener, org.springframework.test.context.transaction.TransactionalTestExecutionListener, org.springframework.test.context.jdbc.SqlScriptsTestExecutionListener, org.springframework.test.context.event.EventPublishingTestExecutionListener]
2022-06-27 17:47:28.529  INFO 4520 --- [    Test worker] .b.t.a.w.s.WebMvcTestContextBootstrapper : Using TestExecutionListeners: [org.springframework.test.context.web.ServletTestExecutionListener@23ce061d, org.springframework.test.context.support.DirtiesContextBeforeModesTestExecutionListener@1374a4cc, org.springframework.test.context.event.ApplicationEventsTestExecutionListener@6698105f, org.springframework.boot.test.mock.mockito.MockitoTestExecutionListener@6f8e5fee, org.springframework.boot.test.autoconfigure.SpringBootDependencyInjectionTestExecutionListener@3c2352ec, org.springframework.test.context.support.DirtiesContextTestExecutionListener@a47d360, org.springframework.test.context.transaction.TransactionalTestExecutionListener@2cfb309f, org.springframework.test.context.jdbc.SqlScriptsTestExecutionListener@31176bc1, org.springframework.test.context.event.EventPublishingTestExecutionListener@1705fb3d, org.springframework.boot.test.autoconfigure.restdocs.RestDocsTestExecutionListener@236df66e, org.springframework.boot.test.autoconfigure.web.client.MockRestServiceServerResetTestExecutionListener@56e75554, org.springframework.boot.test.autoconfigure.web.servlet.MockMvcPrintOnlyOnFailureTestExecutionListener@5ca4752a, org.springframework.boot.test.autoconfigure.web.servlet.WebDriverTestExecutionListener@6440b190, org.springframework.boot.test.autoconfigure.webservices.client.MockWebServiceServerTestExecutionListener@2852e5f0, org.springframework.boot.test.mock.mockito.ResetMocksTestExecutionListener@4473485b]

  .   ____          _            __ _ _
 /\\ / ___'_ __ _ _(_)_ __  __ _ \ \ \ \
( ( )\___ | '_ | '_| | '_ \/ _` | \ \ \ \
 \\/  ___)| |_)| | | | | || (_| |  ) ) ) )
  '  |____| .__|_| |_|_| |_\__, | / / / /
 =========|_|==============|___/=/_/_/_/
 :: Spring Boot ::                (v2.6.7)

2022-06-27 17:47:28.611  INFO 4520 --- [    Test worker] c.c.c.c.ConsultaControladorClientTest    : Starting ConsultaControladorClientTest using Java 13.0.2 on DESKTOP-SJD26V0 with PID 4520 (started by MILTON-PC in C:\DEV_MODE\WORSPACES\INTELLIJ_WORKSPACE\java-arquitectura-hexagonal\microservicio\infraestructura)
2022-06-27 17:47:28.611  INFO 4520 --- [    Test worker] c.c.c.c.ConsultaControladorClientTest    : No active profile set, falling back to 1 default profile: "default"
2022-06-27 17:47:29.037  INFO 4520 --- [    Test worker] com.zaxxer.hikari.HikariDataSource       : pool - Starting...
2022-06-27 17:47:29.040  INFO 4520 --- [    Test worker] com.zaxxer.hikari.HikariDataSource       : pool - Start completed.
2022-06-27 17:47:29.341  INFO 4520 --- [    Test worker] o.s.j.d.e.EmbeddedDatabaseFactory        : Starting embedded database: url='jdbc:h2:mem:testdb;DB_CLOSE_DELAY=-1;DB_CLOSE_ON_EXIT=false', username='sa'
2022-06-27 17:47:29.353  INFO 4520 --- [    Test worker] o.f.c.i.database.base.DatabaseType       : Database: jdbc:h2:mem:testdb (H2 1.4)
2022-06-27 17:47:29.370  INFO 4520 --- [    Test worker] o.f.core.internal.command.DbValidate     : Successfully validated 2 migrations (execution time 00:00.007s)
2022-06-27 17:47:29.378  INFO 4520 --- [    Test worker] o.f.c.i.s.JdbcTableSchemaHistory         : Creating Schema History table "PUBLIC"."flyway_schema_history" ...
2022-06-27 17:47:29.392  INFO 4520 --- [    Test worker] o.f.core.internal.command.DbMigrate      : Current version of schema "PUBLIC": << Empty Schema >>
2022-06-27 17:47:29.398  INFO 4520 --- [    Test worker] o.f.core.internal.command.DbMigrate      : Migrating schema "PUBLIC" to version 1.0 - schema
2022-06-27 17:47:29.454  INFO 4520 --- [    Test worker] o.f.core.internal.command.DbMigrate      : Migrating schema "PUBLIC" to version 1.1 - data
2022-06-27 17:47:29.493  INFO 4520 --- [    Test worker] o.f.core.internal.command.DbMigrate      : Successfully applied 2 migrations to schema "PUBLIC" (execution time 00:00.101s)
2022-06-27 17:47:30.851  INFO 4520 --- [    Test worker] o.s.b.t.m.w.SpringBootMockServletContext : Initializing Spring TestDispatcherServlet ''
2022-06-27 17:47:30.851  INFO 4520 --- [    Test worker] o.s.t.web.servlet.TestDispatcherServlet  : Initializing Servlet ''
2022-06-27 17:47:30.851  INFO 4520 --- [    Test worker] o.s.t.web.servlet.TestDispatcherServlet  : Completed initialization in 0 ms
2022-06-27 17:47:30.889  INFO 4520 --- [    Test worker] c.c.c.c.ConsultaControladorClientTest    : Started ConsultaControladorClientTest in 2.353 seconds (JVM running for 33.224)
2022-06-27 17:47:30.922  INFO 4520 --- [    Test worker] o.s.j.d.e.EmbeddedDatabaseFactory        : Shutting down embedded database: url='jdbc:h2:mem:testdb;DB_CLOSE_DELAY=-1;DB_CLOSE_ON_EXIT=false'
2022-06-27 17:47:31.138  INFO 4520 --- [    Test worker] com.zaxxer.hikari.HikariDataSource       : pool - Shutdown initiated...
2022-06-27 17:47:31.138  INFO 4520 --- [    Test worker] com.zaxxer.hikari.HikariDataSource       : pool - Shutdown completed.

  .   ____          _            __ _ _
 /\\ / ___'_ __ _ _(_)_ __  __ _ \ \ \ \
( ( )\___ | '_ | '_| | '_ \/ _` | \ \ \ \
 \\/  ___)| |_)| | | | | || (_| |  ) ) ) )
  '  |____| .__|_| |_|_| |_\__, | / / / /
 =========|_|==============|___/=/_/_/_/
 :: Spring Boot ::                (v2.6.7)

2022-06-27 17:47:31.251  INFO 4520 --- [    Test worker] c.c.c.c.ConsultaControladorClientTest    : Starting ConsultaControladorClientTest using Java 13.0.2 on DESKTOP-SJD26V0 with PID 4520 (started by MILTON-PC in C:\DEV_MODE\WORSPACES\INTELLIJ_WORKSPACE\java-arquitectura-hexagonal\microservicio\infraestructura)
2022-06-27 17:47:31.251  INFO 4520 --- [    Test worker] c.c.c.c.ConsultaControladorClientTest    : No active profile set, falling back to 1 default profile: "default"
2022-06-27 17:47:31.638  INFO 4520 --- [    Test worker] com.zaxxer.hikari.HikariDataSource       : pool - Starting...
2022-06-27 17:47:31.640  INFO 4520 --- [    Test worker] com.zaxxer.hikari.HikariDataSource       : pool - Start completed.
2022-06-27 17:47:31.883  INFO 4520 --- [    Test worker] o.s.j.d.e.EmbeddedDatabaseFactory        : Starting embedded database: url='jdbc:h2:mem:testdb;DB_CLOSE_DELAY=-1;DB_CLOSE_ON_EXIT=false', username='sa'
2022-06-27 17:47:31.900  INFO 4520 --- [    Test worker] o.f.c.i.database.base.DatabaseType       : Database: jdbc:h2:mem:testdb (H2 1.4)
2022-06-27 17:47:31.920  INFO 4520 --- [    Test worker] o.f.core.internal.command.DbValidate     : Successfully validated 2 migrations (execution time 00:00.006s)
2022-06-27 17:47:31.928  INFO 4520 --- [    Test worker] o.f.c.i.s.JdbcTableSchemaHistory         : Creating Schema History table "PUBLIC"."flyway_schema_history" ...
2022-06-27 17:47:31.940  INFO 4520 --- [    Test worker] o.f.core.internal.command.DbMigrate      : Current version of schema "PUBLIC": << Empty Schema >>
2022-06-27 17:47:31.951  INFO 4520 --- [    Test worker] o.f.core.internal.command.DbMigrate      : Migrating schema "PUBLIC" to version 1.0 - schema
2022-06-27 17:47:32.003  INFO 4520 --- [    Test worker] o.f.core.internal.command.DbMigrate      : Migrating schema "PUBLIC" to version 1.1 - data
2022-06-27 17:47:32.040  INFO 4520 --- [    Test worker] o.f.core.internal.command.DbMigrate      : Successfully applied 2 migrations to schema "PUBLIC" (execution time 00:00.103s)
2022-06-27 17:47:33.353  INFO 4520 --- [    Test worker] o.s.b.t.m.w.SpringBootMockServletContext : Initializing Spring TestDispatcherServlet ''
2022-06-27 17:47:33.353  INFO 4520 --- [    Test worker] o.s.t.web.servlet.TestDispatcherServlet  : Initializing Servlet ''
2022-06-27 17:47:33.356  INFO 4520 --- [    Test worker] o.s.t.web.servlet.TestDispatcherServlet  : Completed initialization in 0 ms
2022-06-27 17:47:33.389  INFO 4520 --- [    Test worker] c.c.c.c.ConsultaControladorClientTest    : Started ConsultaControladorClientTest in 2.211 seconds (JVM running for 35.727)
2022-06-27 17:47:33.423  INFO 4520 --- [    Test worker] o.s.j.d.e.EmbeddedDatabaseFactory        : Shutting down embedded database: url='jdbc:h2:mem:testdb;DB_CLOSE_DELAY=-1;DB_CLOSE_ON_EXIT=false'
2022-06-27 17:47:33.640  INFO 4520 --- [    Test worker] com.zaxxer.hikari.HikariDataSource       : pool - Shutdown initiated...
2022-06-27 17:47:33.640  INFO 4520 --- [    Test worker] com.zaxxer.hikari.HikariDataSource       : pool - Shutdown completed.

  .   ____          _            __ _ _
 /\\ / ___'_ __ _ _(_)_ __  __ _ \ \ \ \
( ( )\___ | '_ | '_| | '_ \/ _` | \ \ \ \
 \\/  ___)| |_)| | | | | || (_| |  ) ) ) )
  '  |____| .__|_| |_|_| |_\__, | / / / /
 =========|_|==============|___/=/_/_/_/
 :: Spring Boot ::                (v2.6.7)

2022-06-27 17:47:33.730  INFO 4520 --- [    Test worker] c.c.c.c.ConsultaControladorClientTest    : Starting ConsultaControladorClientTest using Java 13.0.2 on DESKTOP-SJD26V0 with PID 4520 (started by MILTON-PC in C:\DEV_MODE\WORSPACES\INTELLIJ_WORKSPACE\java-arquitectura-hexagonal\microservicio\infraestructura)
2022-06-27 17:47:33.730  INFO 4520 --- [    Test worker] c.c.c.c.ConsultaControladorClientTest    : No active profile set, falling back to 1 default profile: "default"
2022-06-27 17:47:34.080  INFO 4520 --- [    Test worker] com.zaxxer.hikari.HikariDataSource       : pool - Starting...
2022-06-27 17:47:34.088  INFO 4520 --- [    Test worker] com.zaxxer.hikari.HikariDataSource       : pool - Start completed.
2022-06-27 17:47:34.340  INFO 4520 --- [    Test worker] o.s.j.d.e.EmbeddedDatabaseFactory        : Starting embedded database: url='jdbc:h2:mem:testdb;DB_CLOSE_DELAY=-1;DB_CLOSE_ON_EXIT=false', username='sa'
2022-06-27 17:47:34.360  INFO 4520 --- [    Test worker] o.f.c.i.database.base.DatabaseType       : Database: jdbc:h2:mem:testdb (H2 1.4)
2022-06-27 17:47:34.369  INFO 4520 --- [    Test worker] o.f.core.internal.command.DbValidate     : Successfully validated 2 migrations (execution time 00:00.006s)
2022-06-27 17:47:34.380  INFO 4520 --- [    Test worker] o.f.c.i.s.JdbcTableSchemaHistory         : Creating Schema History table "PUBLIC"."flyway_schema_history" ...
2022-06-27 17:47:34.408  INFO 4520 --- [    Test worker] o.f.core.internal.command.DbMigrate      : Current version of schema "PUBLIC": << Empty Schema >>
2022-06-27 17:47:34.413  INFO 4520 --- [    Test worker] o.f.core.internal.command.DbMigrate      : Migrating schema "PUBLIC" to version 1.0 - schema
2022-06-27 17:47:34.463  INFO 4520 --- [    Test worker] o.f.core.internal.command.DbMigrate      : Migrating schema "PUBLIC" to version 1.1 - data
2022-06-27 17:47:34.493  INFO 4520 --- [    Test worker] o.f.core.internal.command.DbMigrate      : Successfully applied 2 migrations to schema "PUBLIC" (execution time 00:00.088s)
2022-06-27 17:47:35.722  INFO 4520 --- [    Test worker] o.s.b.t.m.w.SpringBootMockServletContext : Initializing Spring TestDispatcherServlet ''
2022-06-27 17:47:35.722  INFO 4520 --- [    Test worker] o.s.t.web.servlet.TestDispatcherServlet  : Initializing Servlet ''
2022-06-27 17:47:35.722  INFO 4520 --- [    Test worker] o.s.t.web.servlet.TestDispatcherServlet  : Completed initialization in 0 ms
2022-06-27 17:47:35.750  INFO 4520 --- [    Test worker] c.c.c.c.ConsultaControladorClientTest    : Started ConsultaControladorClientTest in 2.101 seconds (JVM running for 38.091)
2022-06-27 17:47:35.789  INFO 4520 --- [    Test worker] o.s.j.d.e.EmbeddedDatabaseFactory        : Shutting down embedded database: url='jdbc:h2:mem:testdb;DB_CLOSE_DELAY=-1;DB_CLOSE_ON_EXIT=false'
2022-06-27 17:47:35.998  INFO 4520 --- [    Test worker] com.zaxxer.hikari.HikariDataSource       : pool - Shutdown initiated...
2022-06-27 17:47:35.999  INFO 4520 --- [    Test worker] com.zaxxer.hikari.HikariDataSource       : pool - Shutdown completed.
]]></system-out>
  <system-err><![CDATA[]]></system-err>
</testsuite>
