<?xml version="1.0" encoding="UTF-8"?>
<testsuite name="com.ceiba.cita.controlador.ConsultaControladorCitaTest" tests="2" skipped="0" failures="0" errors="0" timestamp="2022-06-16T02:24:17" hostname="DESKTOP-SJD26V0" time="2.916">
  <properties/>
  <testcase name="obtenerPorId()" classname="com.ceiba.cita.controlador.ConsultaControladorCitaTest" time="0.592"/>
  <testcase name="obtenerTodasActivas()" classname="com.ceiba.cita.controlador.ConsultaControladorCitaTest" time="0.266"/>
  <system-out><![CDATA[2022-06-15 21:24:12.924  INFO 13112 --- [    Test worker] o.s.t.c.support.AbstractContextLoader    : Could not detect default resource locations for test class [com.ceiba.cita.controlador.ConsultaControladorCitaTest]: no resource found for suffixes {-context.xml, Context.groovy}.
2022-06-15 21:24:12.936  INFO 13112 --- [    Test worker] .b.t.a.w.s.WebMvcTestContextBootstrapper : Loaded default TestExecutionListener class names from location [META-INF/spring.factories]: [org.springframework.boot.test.autoconfigure.restdocs.RestDocsTestExecutionListener, org.springframework.boot.test.autoconfigure.web.client.MockRestServiceServerResetTestExecutionListener, org.springframework.boot.test.autoconfigure.web.servlet.MockMvcPrintOnlyOnFailureTestExecutionListener, org.springframework.boot.test.autoconfigure.web.servlet.WebDriverTestExecutionListener, org.springframework.boot.test.autoconfigure.webservices.client.MockWebServiceServerTestExecutionListener, org.springframework.boot.test.mock.mockito.MockitoTestExecutionListener, org.springframework.boot.test.mock.mockito.ResetMocksTestExecutionListener, org.springframework.test.context.web.ServletTestExecutionListener, org.springframework.test.context.support.DirtiesContextBeforeModesTestExecutionListener, org.springframework.test.context.event.ApplicationEventsTestExecutionListener, org.springframework.test.context.support.DependencyInjectionTestExecutionListener, org.springframework.test.context.support.DirtiesContextTestExecutionListener, org.springframework.test.context.transaction.TransactionalTestExecutionListener, org.springframework.test.context.jdbc.SqlScriptsTestExecutionListener, org.springframework.test.context.event.EventPublishingTestExecutionListener]
2022-06-15 21:24:12.936  INFO 13112 --- [    Test worker] .b.t.a.w.s.WebMvcTestContextBootstrapper : Using TestExecutionListeners: [org.springframework.test.context.web.ServletTestExecutionListener@458e4b42, org.springframework.test.context.support.DirtiesContextBeforeModesTestExecutionListener@7587653c, org.springframework.test.context.event.ApplicationEventsTestExecutionListener@575a5a2f, org.springframework.boot.test.mock.mockito.MockitoTestExecutionListener@656d35ae, org.springframework.boot.test.autoconfigure.SpringBootDependencyInjectionTestExecutionListener@520ea61a, org.springframework.test.context.support.DirtiesContextTestExecutionListener@1cee87e2, org.springframework.test.context.transaction.TransactionalTestExecutionListener@19602d72, org.springframework.test.context.jdbc.SqlScriptsTestExecutionListener@152cabb5, org.springframework.test.context.event.EventPublishingTestExecutionListener@3235f17c, org.springframework.boot.test.autoconfigure.restdocs.RestDocsTestExecutionListener@5a8ca14f, org.springframework.boot.test.autoconfigure.web.client.MockRestServiceServerResetTestExecutionListener@429f0cd1, org.springframework.boot.test.autoconfigure.web.servlet.MockMvcPrintOnlyOnFailureTestExecutionListener@321e6634, org.springframework.boot.test.autoconfigure.web.servlet.WebDriverTestExecutionListener@2fbdcf1a, org.springframework.boot.test.autoconfigure.webservices.client.MockWebServiceServerTestExecutionListener@1084957b, org.springframework.boot.test.mock.mockito.ResetMocksTestExecutionListener@2a47fa3e]

  .   ____          _            __ _ _
 /\\ / ___'_ __ _ _(_)_ __  __ _ \ \ \ \
( ( )\___ | '_ | '_| | '_ \/ _` | \ \ \ \
 \\/  ___)| |_)| | | | | || (_| |  ) ) ) )
  '  |____| .__|_| |_|_| |_\__, | / / / /
 =========|_|==============|___/=/_/_/_/
 :: Spring Boot ::                (v2.6.7)

2022-06-15 21:24:13.048  INFO 13112 --- [    Test worker] c.c.c.c.ConsultaControladorCitaTest      : Starting ConsultaControladorCitaTest using Java 13.0.2 on DESKTOP-SJD26V0 with PID 13112 (started by MILTON-PC in C:\DEV_MODE\WORSPACES\INTELLIJ_WORKSPACE\java-arquitectura-hexagonal\microservicio\infraestructura)
2022-06-15 21:24:13.048  INFO 13112 --- [    Test worker] c.c.c.c.ConsultaControladorCitaTest      : No active profile set, falling back to 1 default profile: "default"
2022-06-15 21:24:13.542  INFO 13112 --- [    Test worker] com.zaxxer.hikari.HikariDataSource       : pool - Starting...
2022-06-15 21:24:13.545  INFO 13112 --- [    Test worker] com.zaxxer.hikari.HikariDataSource       : pool - Start completed.
2022-06-15 21:24:13.789  INFO 13112 --- [    Test worker] o.s.j.d.e.EmbeddedDatabaseFactory        : Starting embedded database: url='jdbc:h2:mem:testdb;DB_CLOSE_DELAY=-1;DB_CLOSE_ON_EXIT=false', username='sa'
2022-06-15 21:24:13.808  INFO 13112 --- [    Test worker] o.f.c.i.database.base.DatabaseType       : Database: jdbc:h2:mem:testdb (H2 1.4)
2022-06-15 21:24:13.826  INFO 13112 --- [    Test worker] o.f.core.internal.command.DbValidate     : Successfully validated 2 migrations (execution time 00:00.009s)
2022-06-15 21:24:13.838  INFO 13112 --- [    Test worker] o.f.c.i.s.JdbcTableSchemaHistory         : Creating Schema History table "PUBLIC"."flyway_schema_history" ...
2022-06-15 21:24:13.878  INFO 13112 --- [    Test worker] o.f.core.internal.command.DbMigrate      : Current version of schema "PUBLIC": << Empty Schema >>
2022-06-15 21:24:13.888  INFO 13112 --- [    Test worker] o.f.core.internal.command.DbMigrate      : Migrating schema "PUBLIC" to version 1.0 - schema
2022-06-15 21:24:13.944  INFO 13112 --- [    Test worker] o.f.core.internal.command.DbMigrate      : Migrating schema "PUBLIC" to version 1.1 - data
2022-06-15 21:24:13.986  INFO 13112 --- [    Test worker] o.f.core.internal.command.DbMigrate      : Successfully applied 2 migrations to schema "PUBLIC" (execution time 00:00.114s)
2022-06-15 21:24:17.151  INFO 13112 --- [    Test worker] o.s.b.t.m.w.SpringBootMockServletContext : Initializing Spring TestDispatcherServlet ''
2022-06-15 21:24:17.173  INFO 13112 --- [    Test worker] o.s.t.web.servlet.TestDispatcherServlet  : Initializing Servlet ''
2022-06-15 21:24:17.179  INFO 13112 --- [    Test worker] o.s.t.web.servlet.TestDispatcherServlet  : Completed initialization in 5 ms
2022-06-15 21:24:17.396  INFO 13112 --- [    Test worker] c.c.c.c.ConsultaControladorCitaTest      : Started ConsultaControladorCitaTest in 4.448 seconds (JVM running for 28.178)
2022-06-15 21:24:17.771  INFO 13112 --- [    Test worker] o.s.j.d.e.EmbeddedDatabaseFactory        : Shutting down embedded database: url='jdbc:h2:mem:testdb;DB_CLOSE_DELAY=-1;DB_CLOSE_ON_EXIT=false'
2022-06-15 21:24:17.994  INFO 13112 --- [    Test worker] com.zaxxer.hikari.HikariDataSource       : pool - Shutdown initiated...
2022-06-15 21:24:17.994  INFO 13112 --- [    Test worker] com.zaxxer.hikari.HikariDataSource       : pool - Shutdown completed.

  .   ____          _            __ _ _
 /\\ / ___'_ __ _ _(_)_ __  __ _ \ \ \ \
( ( )\___ | '_ | '_| | '_ \/ _` | \ \ \ \
 \\/  ___)| |_)| | | | | || (_| |  ) ) ) )
  '  |____| .__|_| |_|_| |_\__, | / / / /
 =========|_|==============|___/=/_/_/_/
 :: Spring Boot ::                (v2.6.7)

2022-06-15 21:24:18.095  INFO 13112 --- [    Test worker] c.c.c.c.ConsultaControladorCitaTest      : Starting ConsultaControladorCitaTest using Java 13.0.2 on DESKTOP-SJD26V0 with PID 13112 (started by MILTON-PC in C:\DEV_MODE\WORSPACES\INTELLIJ_WORKSPACE\java-arquitectura-hexagonal\microservicio\infraestructura)
2022-06-15 21:24:18.104  INFO 13112 --- [    Test worker] c.c.c.c.ConsultaControladorCitaTest      : No active profile set, falling back to 1 default profile: "default"
2022-06-15 21:24:18.409  INFO 13112 --- [    Test worker] com.zaxxer.hikari.HikariDataSource       : pool - Starting...
2022-06-15 21:24:18.415  INFO 13112 --- [    Test worker] com.zaxxer.hikari.HikariDataSource       : pool - Start completed.
2022-06-15 21:24:18.574  INFO 13112 --- [    Test worker] o.s.j.d.e.EmbeddedDatabaseFactory        : Starting embedded database: url='jdbc:h2:mem:testdb;DB_CLOSE_DELAY=-1;DB_CLOSE_ON_EXIT=false', username='sa'
2022-06-15 21:24:18.585  INFO 13112 --- [    Test worker] o.f.c.i.database.base.DatabaseType       : Database: jdbc:h2:mem:testdb (H2 1.4)
2022-06-15 21:24:18.598  INFO 13112 --- [    Test worker] o.f.core.internal.command.DbValidate     : Successfully validated 2 migrations (execution time 00:00.008s)
2022-06-15 21:24:18.614  INFO 13112 --- [    Test worker] o.f.c.i.s.JdbcTableSchemaHistory         : Creating Schema History table "PUBLIC"."flyway_schema_history" ...
2022-06-15 21:24:18.634  INFO 13112 --- [    Test worker] o.f.core.internal.command.DbMigrate      : Current version of schema "PUBLIC": << Empty Schema >>
2022-06-15 21:24:18.644  INFO 13112 --- [    Test worker] o.f.core.internal.command.DbMigrate      : Migrating schema "PUBLIC" to version 1.0 - schema
2022-06-15 21:24:18.688  INFO 13112 --- [    Test worker] o.f.core.internal.command.DbMigrate      : Migrating schema "PUBLIC" to version 1.1 - data
2022-06-15 21:24:18.726  INFO 13112 --- [    Test worker] o.f.core.internal.command.DbMigrate      : Successfully applied 2 migrations to schema "PUBLIC" (execution time 00:00.098s)
2022-06-15 21:24:20.018  INFO 13112 --- [    Test worker] o.s.b.t.m.w.SpringBootMockServletContext : Initializing Spring TestDispatcherServlet ''
2022-06-15 21:24:20.018  INFO 13112 --- [    Test worker] o.s.t.web.servlet.TestDispatcherServlet  : Initializing Servlet ''
2022-06-15 21:24:20.018  INFO 13112 --- [    Test worker] o.s.t.web.servlet.TestDispatcherServlet  : Completed initialization in 0 ms
2022-06-15 21:24:20.045  INFO 13112 --- [    Test worker] c.c.c.c.ConsultaControladorCitaTest      : Started ConsultaControladorCitaTest in 2.044 seconds (JVM running for 30.833)
2022-06-15 21:24:20.096  INFO 13112 --- [    Test worker] o.s.j.d.e.EmbeddedDatabaseFactory        : Shutting down embedded database: url='jdbc:h2:mem:testdb;DB_CLOSE_DELAY=-1;DB_CLOSE_ON_EXIT=false'
2022-06-15 21:24:20.314  INFO 13112 --- [    Test worker] com.zaxxer.hikari.HikariDataSource       : pool - Shutdown initiated...
2022-06-15 21:24:20.323  INFO 13112 --- [    Test worker] com.zaxxer.hikari.HikariDataSource       : pool - Shutdown completed.
]]></system-out>
  <system-err><![CDATA[]]></system-err>
</testsuite>
