<?xml version="1.0" encoding="UTF-8"?>
<testsuite name="com.ceiba.client.controlador.ConsultaControladorClientTest" tests="3" skipped="0" failures="0" errors="0" timestamp="2022-06-28T00:21:29" hostname="DESKTOP-SJD26V0" time="5.021">
  <properties/>
  <testcase name="consultarPorIdentificacionPersonal()" classname="com.ceiba.client.controlador.ConsultaControladorClientTest" time="0.238"/>
  <testcase name="consultarTodosLosClientes()" classname="com.ceiba.client.controlador.ConsultaControladorClientTest" time="0.239"/>
  <testcase name="consultarPorId()" classname="com.ceiba.client.controlador.ConsultaControladorClientTest" time="0.241"/>
  <system-out><![CDATA[2022-06-27 19:21:27.564  INFO 8040 --- [    Test worker] o.s.t.c.support.AbstractContextLoader    : Could not detect default resource locations for test class [com.ceiba.client.controlador.ConsultaControladorClientTest]: no resource found for suffixes {-context.xml, Context.groovy}.
2022-06-27 19:21:27.573  INFO 8040 --- [    Test worker] .b.t.a.w.s.WebMvcTestContextBootstrapper : Loaded default TestExecutionListener class names from location [META-INF/spring.factories]: [org.springframework.boot.test.autoconfigure.restdocs.RestDocsTestExecutionListener, org.springframework.boot.test.autoconfigure.web.client.MockRestServiceServerResetTestExecutionListener, org.springframework.boot.test.autoconfigure.web.servlet.MockMvcPrintOnlyOnFailureTestExecutionListener, org.springframework.boot.test.autoconfigure.web.servlet.WebDriverTestExecutionListener, org.springframework.boot.test.autoconfigure.webservices.client.MockWebServiceServerTestExecutionListener, org.springframework.boot.test.mock.mockito.MockitoTestExecutionListener, org.springframework.boot.test.mock.mockito.ResetMocksTestExecutionListener, org.springframework.test.context.web.ServletTestExecutionListener, org.springframework.test.context.support.DirtiesContextBeforeModesTestExecutionListener, org.springframework.test.context.event.ApplicationEventsTestExecutionListener, org.springframework.test.context.support.DependencyInjectionTestExecutionListener, org.springframework.test.context.support.DirtiesContextTestExecutionListener, org.springframework.test.context.transaction.TransactionalTestExecutionListener, org.springframework.test.context.jdbc.SqlScriptsTestExecutionListener, org.springframework.test.context.event.EventPublishingTestExecutionListener]
2022-06-27 19:21:27.573  INFO 8040 --- [    Test worker] .b.t.a.w.s.WebMvcTestContextBootstrapper : Using TestExecutionListeners: [org.springframework.test.context.web.ServletTestExecutionListener@68fc6e20, org.springframework.test.context.support.DirtiesContextBeforeModesTestExecutionListener@6d63a79, org.springframework.test.context.event.ApplicationEventsTestExecutionListener@177bd3ae, org.springframework.boot.test.mock.mockito.MockitoTestExecutionListener@4d087555, org.springframework.boot.test.autoconfigure.SpringBootDependencyInjectionTestExecutionListener@468e9fba, org.springframework.test.context.support.DirtiesContextTestExecutionListener@713c60e0, org.springframework.test.context.transaction.TransactionalTestExecutionListener@38133bca, org.springframework.test.context.jdbc.SqlScriptsTestExecutionListener@36bf4340, org.springframework.test.context.event.EventPublishingTestExecutionListener@4fe7962, org.springframework.boot.test.autoconfigure.restdocs.RestDocsTestExecutionListener@16d7227d, org.springframework.boot.test.autoconfigure.web.client.MockRestServiceServerResetTestExecutionListener@37bb8606, org.springframework.boot.test.autoconfigure.web.servlet.MockMvcPrintOnlyOnFailureTestExecutionListener@7bd276f2, org.springframework.boot.test.autoconfigure.web.servlet.WebDriverTestExecutionListener@c102583, org.springframework.boot.test.autoconfigure.webservices.client.MockWebServiceServerTestExecutionListener@237b3ab6, org.springframework.boot.test.mock.mockito.ResetMocksTestExecutionListener@489b0369]

  .   ____          _            __ _ _
 /\\ / ___'_ __ _ _(_)_ __  __ _ \ \ \ \
( ( )\___ | '_ | '_| | '_ \/ _` | \ \ \ \
 \\/  ___)| |_)| | | | | || (_| |  ) ) ) )
  '  |____| .__|_| |_|_| |_\__, | / / / /
 =========|_|==============|___/=/_/_/_/
 :: Spring Boot ::                (v2.6.7)

2022-06-27 19:21:27.656  INFO 8040 --- [    Test worker] c.c.c.c.ConsultaControladorClientTest    : Starting ConsultaControladorClientTest using Java 17.0.3 on DESKTOP-SJD26V0 with PID 8040 (started by MILTON-PC in C:\DEV_MODE\WORSPACES\INTELLIJ_WORKSPACE\java-arquitectura-hexagonal\microservicio\infraestructura)
2022-06-27 19:21:27.656  INFO 8040 --- [    Test worker] c.c.c.c.ConsultaControladorClientTest    : No active profile set, falling back to 1 default profile: "default"
2022-06-27 19:21:28.057  INFO 8040 --- [    Test worker] com.zaxxer.hikari.HikariDataSource       : pool - Starting...
2022-06-27 19:21:28.066  INFO 8040 --- [    Test worker] com.zaxxer.hikari.HikariDataSource       : pool - Start completed.
2022-06-27 19:21:28.313  INFO 8040 --- [    Test worker] o.s.j.d.e.EmbeddedDatabaseFactory        : Starting embedded database: url='jdbc:h2:mem:testdb;DB_CLOSE_DELAY=-1;DB_CLOSE_ON_EXIT=false', username='sa'
2022-06-27 19:21:28.322  INFO 8040 --- [    Test worker] o.f.c.i.database.base.DatabaseType       : Database: jdbc:h2:mem:testdb (H2 1.4)
2022-06-27 19:21:28.339  INFO 8040 --- [    Test worker] o.f.core.internal.command.DbValidate     : Successfully validated 2 migrations (execution time 00:00.008s)
2022-06-27 19:21:28.348  INFO 8040 --- [    Test worker] o.f.c.i.s.JdbcTableSchemaHistory         : Creating Schema History table "PUBLIC"."flyway_schema_history" ...
2022-06-27 19:21:28.380  INFO 8040 --- [    Test worker] o.f.core.internal.command.DbMigrate      : Current version of schema "PUBLIC": << Empty Schema >>
2022-06-27 19:21:28.389  INFO 8040 --- [    Test worker] o.f.core.internal.command.DbMigrate      : Migrating schema "PUBLIC" to version 1.0 - schema
2022-06-27 19:21:28.458  INFO 8040 --- [    Test worker] o.f.core.internal.command.DbMigrate      : Migrating schema "PUBLIC" to version 1.1 - data
2022-06-27 19:21:28.508  INFO 8040 --- [    Test worker] o.f.core.internal.command.DbMigrate      : Successfully applied 2 migrations to schema "PUBLIC" (execution time 00:00.141s)
2022-06-27 19:21:29.672  INFO 8040 --- [    Test worker] o.s.b.t.m.w.SpringBootMockServletContext : Initializing Spring TestDispatcherServlet ''
2022-06-27 19:21:29.672  INFO 8040 --- [    Test worker] o.s.t.web.servlet.TestDispatcherServlet  : Initializing Servlet ''
2022-06-27 19:21:29.676  INFO 8040 --- [    Test worker] o.s.t.web.servlet.TestDispatcherServlet  : Completed initialization in 1 ms
2022-06-27 19:21:29.704  INFO 8040 --- [    Test worker] c.c.c.c.ConsultaControladorClientTest    : Started ConsultaControladorClientTest in 2.126 seconds (JVM running for 33.471)
2022-06-27 19:21:29.736  INFO 8040 --- [    Test worker] o.s.j.d.e.EmbeddedDatabaseFactory        : Shutting down embedded database: url='jdbc:h2:mem:testdb;DB_CLOSE_DELAY=-1;DB_CLOSE_ON_EXIT=false'
2022-06-27 19:21:29.940  INFO 8040 --- [    Test worker] com.zaxxer.hikari.HikariDataSource       : pool - Shutdown initiated...
2022-06-27 19:21:29.948  INFO 8040 --- [    Test worker] com.zaxxer.hikari.HikariDataSource       : pool - Shutdown completed.

  .   ____          _            __ _ _
 /\\ / ___'_ __ _ _(_)_ __  __ _ \ \ \ \
( ( )\___ | '_ | '_| | '_ \/ _` | \ \ \ \
 \\/  ___)| |_)| | | | | || (_| |  ) ) ) )
  '  |____| .__|_| |_|_| |_\__, | / / / /
 =========|_|==============|___/=/_/_/_/
 :: Spring Boot ::                (v2.6.7)

2022-06-27 19:21:30.042  INFO 8040 --- [    Test worker] c.c.c.c.ConsultaControladorClientTest    : Starting ConsultaControladorClientTest using Java 17.0.3 on DESKTOP-SJD26V0 with PID 8040 (started by MILTON-PC in C:\DEV_MODE\WORSPACES\INTELLIJ_WORKSPACE\java-arquitectura-hexagonal\microservicio\infraestructura)
2022-06-27 19:21:30.042  INFO 8040 --- [    Test worker] c.c.c.c.ConsultaControladorClientTest    : No active profile set, falling back to 1 default profile: "default"
2022-06-27 19:21:30.415  INFO 8040 --- [    Test worker] com.zaxxer.hikari.HikariDataSource       : pool - Starting...
2022-06-27 19:21:30.418  INFO 8040 --- [    Test worker] com.zaxxer.hikari.HikariDataSource       : pool - Start completed.
2022-06-27 19:21:30.730  INFO 8040 --- [    Test worker] o.s.j.d.e.EmbeddedDatabaseFactory        : Starting embedded database: url='jdbc:h2:mem:testdb;DB_CLOSE_DELAY=-1;DB_CLOSE_ON_EXIT=false', username='sa'
2022-06-27 19:21:30.742  INFO 8040 --- [    Test worker] o.f.c.i.database.base.DatabaseType       : Database: jdbc:h2:mem:testdb (H2 1.4)
2022-06-27 19:21:30.753  INFO 8040 --- [    Test worker] o.f.core.internal.command.DbValidate     : Successfully validated 2 migrations (execution time 00:00.005s)
2022-06-27 19:21:30.759  INFO 8040 --- [    Test worker] o.f.c.i.s.JdbcTableSchemaHistory         : Creating Schema History table "PUBLIC"."flyway_schema_history" ...
2022-06-27 19:21:30.788  INFO 8040 --- [    Test worker] o.f.core.internal.command.DbMigrate      : Current version of schema "PUBLIC": << Empty Schema >>
2022-06-27 19:21:30.797  INFO 8040 --- [    Test worker] o.f.core.internal.command.DbMigrate      : Migrating schema "PUBLIC" to version 1.0 - schema
2022-06-27 19:21:30.867  INFO 8040 --- [    Test worker] o.f.core.internal.command.DbMigrate      : Migrating schema "PUBLIC" to version 1.1 - data
2022-06-27 19:21:30.919  INFO 8040 --- [    Test worker] o.f.core.internal.command.DbMigrate      : Successfully applied 2 migrations to schema "PUBLIC" (execution time 00:00.143s)
2022-06-27 19:21:31.905  INFO 8040 --- [    Test worker] o.s.b.t.m.w.SpringBootMockServletContext : Initializing Spring TestDispatcherServlet ''
2022-06-27 19:21:31.905  INFO 8040 --- [    Test worker] o.s.t.web.servlet.TestDispatcherServlet  : Initializing Servlet ''
2022-06-27 19:21:31.907  INFO 8040 --- [    Test worker] o.s.t.web.servlet.TestDispatcherServlet  : Completed initialization in 2 ms
2022-06-27 19:21:31.933  INFO 8040 --- [    Test worker] c.c.c.c.ConsultaControladorClientTest    : Started ConsultaControladorClientTest in 1.977 seconds (JVM running for 35.701)
2022-06-27 19:21:31.980  INFO 8040 --- [    Test worker] o.s.j.d.e.EmbeddedDatabaseFactory        : Shutting down embedded database: url='jdbc:h2:mem:testdb;DB_CLOSE_DELAY=-1;DB_CLOSE_ON_EXIT=false'
2022-06-27 19:21:32.186  INFO 8040 --- [    Test worker] com.zaxxer.hikari.HikariDataSource       : pool - Shutdown initiated...
2022-06-27 19:21:32.189  INFO 8040 --- [    Test worker] com.zaxxer.hikari.HikariDataSource       : pool - Shutdown completed.

  .   ____          _            __ _ _
 /\\ / ___'_ __ _ _(_)_ __  __ _ \ \ \ \
( ( )\___ | '_ | '_| | '_ \/ _` | \ \ \ \
 \\/  ___)| |_)| | | | | || (_| |  ) ) ) )
  '  |____| .__|_| |_|_| |_\__, | / / / /
 =========|_|==============|___/=/_/_/_/
 :: Spring Boot ::                (v2.6.7)

2022-06-27 19:21:32.258  INFO 8040 --- [    Test worker] c.c.c.c.ConsultaControladorClientTest    : Starting ConsultaControladorClientTest using Java 17.0.3 on DESKTOP-SJD26V0 with PID 8040 (started by MILTON-PC in C:\DEV_MODE\WORSPACES\INTELLIJ_WORKSPACE\java-arquitectura-hexagonal\microservicio\infraestructura)
2022-06-27 19:21:32.258  INFO 8040 --- [    Test worker] c.c.c.c.ConsultaControladorClientTest    : No active profile set, falling back to 1 default profile: "default"
2022-06-27 19:21:32.643  INFO 8040 --- [    Test worker] com.zaxxer.hikari.HikariDataSource       : pool - Starting...
2022-06-27 19:21:32.646  INFO 8040 --- [    Test worker] com.zaxxer.hikari.HikariDataSource       : pool - Start completed.
2022-06-27 19:21:32.850  INFO 8040 --- [    Test worker] o.s.j.d.e.EmbeddedDatabaseFactory        : Starting embedded database: url='jdbc:h2:mem:testdb;DB_CLOSE_DELAY=-1;DB_CLOSE_ON_EXIT=false', username='sa'
2022-06-27 19:21:32.880  INFO 8040 --- [    Test worker] o.f.c.i.database.base.DatabaseType       : Database: jdbc:h2:mem:testdb (H2 1.4)
2022-06-27 19:21:32.906  INFO 8040 --- [    Test worker] o.f.core.internal.command.DbValidate     : Successfully validated 2 migrations (execution time 00:00.008s)
2022-06-27 19:21:32.915  INFO 8040 --- [    Test worker] o.f.c.i.s.JdbcTableSchemaHistory         : Creating Schema History table "PUBLIC"."flyway_schema_history" ...
2022-06-27 19:21:32.945  INFO 8040 --- [    Test worker] o.f.core.internal.command.DbMigrate      : Current version of schema "PUBLIC": << Empty Schema >>
2022-06-27 19:21:32.954  INFO 8040 --- [    Test worker] o.f.core.internal.command.DbMigrate      : Migrating schema "PUBLIC" to version 1.0 - schema
2022-06-27 19:21:33.042  INFO 8040 --- [    Test worker] o.f.core.internal.command.DbMigrate      : Migrating schema "PUBLIC" to version 1.1 - data
2022-06-27 19:21:33.083  INFO 8040 --- [    Test worker] o.f.core.internal.command.DbMigrate      : Successfully applied 2 migrations to schema "PUBLIC" (execution time 00:00.148s)
2022-06-27 19:21:34.447  INFO 8040 --- [    Test worker] o.s.b.t.m.w.SpringBootMockServletContext : Initializing Spring TestDispatcherServlet ''
2022-06-27 19:21:34.447  INFO 8040 --- [    Test worker] o.s.t.web.servlet.TestDispatcherServlet  : Initializing Servlet ''
2022-06-27 19:21:34.447  INFO 8040 --- [    Test worker] o.s.t.web.servlet.TestDispatcherServlet  : Completed initialization in 0 ms
2022-06-27 19:21:34.479  INFO 8040 --- [    Test worker] c.c.c.c.ConsultaControladorClientTest    : Started ConsultaControladorClientTest in 2.285 seconds (JVM running for 38.248)
2022-06-27 19:21:34.529  INFO 8040 --- [    Test worker] o.s.j.d.e.EmbeddedDatabaseFactory        : Shutting down embedded database: url='jdbc:h2:mem:testdb;DB_CLOSE_DELAY=-1;DB_CLOSE_ON_EXIT=false'
2022-06-27 19:21:34.732  INFO 8040 --- [    Test worker] com.zaxxer.hikari.HikariDataSource       : pool - Shutdown initiated...
2022-06-27 19:21:34.735  INFO 8040 --- [    Test worker] com.zaxxer.hikari.HikariDataSource       : pool - Shutdown completed.
]]></system-out>
  <system-err><![CDATA[]]></system-err>
</testsuite>
