<?xml version="1.0" encoding="UTF-8"?>
<testsuite name="com.ceiba.cita.controlador.ConsultaControladorCitaTest" tests="2" skipped="0" failures="0" errors="0" timestamp="2022-06-27T21:03:06" hostname="DESKTOP-SJD26V0" time="2.935">
  <properties/>
  <testcase name="obtenerPorId()" classname="com.ceiba.cita.controlador.ConsultaControladorCitaTest" time="0.406"/>
  <testcase name="obtenerTodasActivas()" classname="com.ceiba.cita.controlador.ConsultaControladorCitaTest" time="0.262"/>
  <system-out><![CDATA[2022-06-27 16:03:03.544  INFO 10544 --- [    Test worker] o.s.t.c.support.AbstractContextLoader    : Could not detect default resource locations for test class [com.ceiba.cita.controlador.ConsultaControladorCitaTest]: no resource found for suffixes {-context.xml, Context.groovy}.
2022-06-27 16:03:03.548  INFO 10544 --- [    Test worker] .b.t.a.w.s.WebMvcTestContextBootstrapper : Loaded default TestExecutionListener class names from location [META-INF/spring.factories]: [org.springframework.boot.test.autoconfigure.restdocs.RestDocsTestExecutionListener, org.springframework.boot.test.autoconfigure.web.client.MockRestServiceServerResetTestExecutionListener, org.springframework.boot.test.autoconfigure.web.servlet.MockMvcPrintOnlyOnFailureTestExecutionListener, org.springframework.boot.test.autoconfigure.web.servlet.WebDriverTestExecutionListener, org.springframework.boot.test.autoconfigure.webservices.client.MockWebServiceServerTestExecutionListener, org.springframework.boot.test.mock.mockito.MockitoTestExecutionListener, org.springframework.boot.test.mock.mockito.ResetMocksTestExecutionListener, org.springframework.test.context.web.ServletTestExecutionListener, org.springframework.test.context.support.DirtiesContextBeforeModesTestExecutionListener, org.springframework.test.context.event.ApplicationEventsTestExecutionListener, org.springframework.test.context.support.DependencyInjectionTestExecutionListener, org.springframework.test.context.support.DirtiesContextTestExecutionListener, org.springframework.test.context.transaction.TransactionalTestExecutionListener, org.springframework.test.context.jdbc.SqlScriptsTestExecutionListener, org.springframework.test.context.event.EventPublishingTestExecutionListener]
2022-06-27 16:03:03.553  INFO 10544 --- [    Test worker] .b.t.a.w.s.WebMvcTestContextBootstrapper : Using TestExecutionListeners: [org.springframework.test.context.web.ServletTestExecutionListener@71cb53b2, org.springframework.test.context.support.DirtiesContextBeforeModesTestExecutionListener@552c7a9b, org.springframework.test.context.event.ApplicationEventsTestExecutionListener@6b8477c5, org.springframework.boot.test.mock.mockito.MockitoTestExecutionListener@6f226802, org.springframework.boot.test.autoconfigure.SpringBootDependencyInjectionTestExecutionListener@44dfe097, org.springframework.test.context.support.DirtiesContextTestExecutionListener@7211b235, org.springframework.test.context.transaction.TransactionalTestExecutionListener@3a63d9ed, org.springframework.test.context.jdbc.SqlScriptsTestExecutionListener@46fdc4db, org.springframework.test.context.event.EventPublishingTestExecutionListener@7d9d5fcb, org.springframework.boot.test.autoconfigure.restdocs.RestDocsTestExecutionListener@2e2ca57, org.springframework.boot.test.autoconfigure.web.client.MockRestServiceServerResetTestExecutionListener@266ac757, org.springframework.boot.test.autoconfigure.web.servlet.MockMvcPrintOnlyOnFailureTestExecutionListener@e99145d, org.springframework.boot.test.autoconfigure.web.servlet.WebDriverTestExecutionListener@196d6142, org.springframework.boot.test.autoconfigure.webservices.client.MockWebServiceServerTestExecutionListener@d49a04a, org.springframework.boot.test.mock.mockito.ResetMocksTestExecutionListener@7de99ecb]

  .   ____          _            __ _ _
 /\\ / ___'_ __ _ _(_)_ __  __ _ \ \ \ \
( ( )\___ | '_ | '_| | '_ \/ _` | \ \ \ \
 \\/  ___)| |_)| | | | | || (_| |  ) ) ) )
  '  |____| .__|_| |_|_| |_\__, | / / / /
 =========|_|==============|___/=/_/_/_/
 :: Spring Boot ::                (v2.6.7)

2022-06-27 16:03:03.634  INFO 10544 --- [    Test worker] c.c.c.c.ConsultaControladorCitaTest      : Starting ConsultaControladorCitaTest using Java 13.0.2 on DESKTOP-SJD26V0 with PID 10544 (started by MILTON-PC in C:\DEV_MODE\WORSPACES\INTELLIJ_WORKSPACE\java-arquitectura-hexagonal\microservicio\infraestructura)
2022-06-27 16:03:03.634  INFO 10544 --- [    Test worker] c.c.c.c.ConsultaControladorCitaTest      : No active profile set, falling back to 1 default profile: "default"
2022-06-27 16:03:04.074  INFO 10544 --- [    Test worker] com.zaxxer.hikari.HikariDataSource       : pool - Starting...
2022-06-27 16:03:04.083  INFO 10544 --- [    Test worker] com.zaxxer.hikari.HikariDataSource       : pool - Start completed.
2022-06-27 16:03:04.391  INFO 10544 --- [    Test worker] o.s.j.d.e.EmbeddedDatabaseFactory        : Starting embedded database: url='jdbc:h2:mem:testdb;DB_CLOSE_DELAY=-1;DB_CLOSE_ON_EXIT=false', username='sa'
2022-06-27 16:03:04.411  INFO 10544 --- [    Test worker] o.f.c.i.database.base.DatabaseType       : Database: jdbc:h2:mem:testdb (H2 1.4)
2022-06-27 16:03:04.428  INFO 10544 --- [    Test worker] o.f.core.internal.command.DbValidate     : Successfully validated 2 migrations (execution time 00:00.009s)
2022-06-27 16:03:04.441  INFO 10544 --- [    Test worker] o.f.c.i.s.JdbcTableSchemaHistory         : Creating Schema History table "PUBLIC"."flyway_schema_history" ...
2022-06-27 16:03:04.465  INFO 10544 --- [    Test worker] o.f.core.internal.command.DbMigrate      : Current version of schema "PUBLIC": << Empty Schema >>
2022-06-27 16:03:04.474  INFO 10544 --- [    Test worker] o.f.core.internal.command.DbMigrate      : Migrating schema "PUBLIC" to version 1.0 - schema
2022-06-27 16:03:04.545  INFO 10544 --- [    Test worker] o.f.core.internal.command.DbMigrate      : Migrating schema "PUBLIC" to version 1.1 - data
2022-06-27 16:03:04.595  INFO 10544 --- [    Test worker] o.f.core.internal.command.DbMigrate      : Successfully applied 2 migrations to schema "PUBLIC" (execution time 00:00.136s)
2022-06-27 16:03:06.045  INFO 10544 --- [    Test worker] o.s.b.t.m.w.SpringBootMockServletContext : Initializing Spring TestDispatcherServlet ''
2022-06-27 16:03:06.045  INFO 10544 --- [    Test worker] o.s.t.web.servlet.TestDispatcherServlet  : Initializing Servlet ''
2022-06-27 16:03:06.046  INFO 10544 --- [    Test worker] o.s.t.web.servlet.TestDispatcherServlet  : Completed initialization in 0 ms
2022-06-27 16:03:06.087  INFO 10544 --- [    Test worker] c.c.c.c.ConsultaControladorCitaTest      : Started ConsultaControladorCitaTest in 2.528 seconds (JVM running for 24.165)
2022-06-27 16:03:06.275  INFO 10544 --- [    Test worker] o.s.j.d.e.EmbeddedDatabaseFactory        : Shutting down embedded database: url='jdbc:h2:mem:testdb;DB_CLOSE_DELAY=-1;DB_CLOSE_ON_EXIT=false'
2022-06-27 16:03:06.494  INFO 10544 --- [    Test worker] com.zaxxer.hikari.HikariDataSource       : pool - Shutdown initiated...
2022-06-27 16:03:06.494  INFO 10544 --- [    Test worker] com.zaxxer.hikari.HikariDataSource       : pool - Shutdown completed.

  .   ____          _            __ _ _
 /\\ / ___'_ __ _ _(_)_ __  __ _ \ \ \ \
( ( )\___ | '_ | '_| | '_ \/ _` | \ \ \ \
 \\/  ___)| |_)| | | | | || (_| |  ) ) ) )
  '  |____| .__|_| |_|_| |_\__, | / / / /
 =========|_|==============|___/=/_/_/_/
 :: Spring Boot ::                (v2.6.7)

2022-06-27 16:03:06.595  INFO 10544 --- [    Test worker] c.c.c.c.ConsultaControladorCitaTest      : Starting ConsultaControladorCitaTest using Java 13.0.2 on DESKTOP-SJD26V0 with PID 10544 (started by MILTON-PC in C:\DEV_MODE\WORSPACES\INTELLIJ_WORKSPACE\java-arquitectura-hexagonal\microservicio\infraestructura)
2022-06-27 16:03:06.595  INFO 10544 --- [    Test worker] c.c.c.c.ConsultaControladorCitaTest      : No active profile set, falling back to 1 default profile: "default"
2022-06-27 16:03:06.994  INFO 10544 --- [    Test worker] com.zaxxer.hikari.HikariDataSource       : pool - Starting...
2022-06-27 16:03:06.995  INFO 10544 --- [    Test worker] com.zaxxer.hikari.HikariDataSource       : pool - Start completed.
2022-06-27 16:03:07.304  INFO 10544 --- [    Test worker] o.s.j.d.e.EmbeddedDatabaseFactory        : Starting embedded database: url='jdbc:h2:mem:testdb;DB_CLOSE_DELAY=-1;DB_CLOSE_ON_EXIT=false', username='sa'
2022-06-27 16:03:07.315  INFO 10544 --- [    Test worker] o.f.c.i.database.base.DatabaseType       : Database: jdbc:h2:mem:testdb (H2 1.4)
2022-06-27 16:03:07.334  INFO 10544 --- [    Test worker] o.f.core.internal.command.DbValidate     : Successfully validated 2 migrations (execution time 00:00.008s)
2022-06-27 16:03:07.345  INFO 10544 --- [    Test worker] o.f.c.i.s.JdbcTableSchemaHistory         : Creating Schema History table "PUBLIC"."flyway_schema_history" ...
2022-06-27 16:03:07.365  INFO 10544 --- [    Test worker] o.f.core.internal.command.DbMigrate      : Current version of schema "PUBLIC": << Empty Schema >>
2022-06-27 16:03:07.374  INFO 10544 --- [    Test worker] o.f.core.internal.command.DbMigrate      : Migrating schema "PUBLIC" to version 1.0 - schema
2022-06-27 16:03:07.435  INFO 10544 --- [    Test worker] o.f.core.internal.command.DbMigrate      : Migrating schema "PUBLIC" to version 1.1 - data
2022-06-27 16:03:07.468  INFO 10544 --- [    Test worker] o.f.core.internal.command.DbMigrate      : Successfully applied 2 migrations to schema "PUBLIC" (execution time 00:00.110s)
2022-06-27 16:03:08.714  INFO 10544 --- [    Test worker] o.s.b.t.m.w.SpringBootMockServletContext : Initializing Spring TestDispatcherServlet ''
2022-06-27 16:03:08.714  INFO 10544 --- [    Test worker] o.s.t.web.servlet.TestDispatcherServlet  : Initializing Servlet ''
2022-06-27 16:03:08.715  INFO 10544 --- [    Test worker] o.s.t.web.servlet.TestDispatcherServlet  : Completed initialization in 0 ms
2022-06-27 16:03:08.755  INFO 10544 --- [    Test worker] c.c.c.c.ConsultaControladorCitaTest      : Started ConsultaControladorCitaTest in 2.246 seconds (JVM running for 26.835)
2022-06-27 16:03:08.814  INFO 10544 --- [    Test worker] o.s.j.d.e.EmbeddedDatabaseFactory        : Shutting down embedded database: url='jdbc:h2:mem:testdb;DB_CLOSE_DELAY=-1;DB_CLOSE_ON_EXIT=false'
2022-06-27 16:03:09.024  INFO 10544 --- [    Test worker] com.zaxxer.hikari.HikariDataSource       : pool - Shutdown initiated...
2022-06-27 16:03:09.024  INFO 10544 --- [    Test worker] com.zaxxer.hikari.HikariDataSource       : pool - Shutdown completed.
]]></system-out>
  <system-err><![CDATA[]]></system-err>
</testsuite>
