<?xml version="1.0" encoding="UTF-8"?>
<testsuite name="com.ceiba.tarifa.controlador.ConsultaControladorTarifaTest" tests="2" skipped="0" failures="0" errors="0" timestamp="2022-06-16T02:24:30" hostname="DESKTOP-SJD26V0" time="1.995">
  <properties/>
  <testcase name="consultarPorId()" classname="com.ceiba.tarifa.controlador.ConsultaControladorTarifaTest" time="0.241"/>
  <testcase name="consultarPorCodigo()" classname="com.ceiba.tarifa.controlador.ConsultaControladorTarifaTest" time="0.241"/>
  <system-out><![CDATA[2022-06-15 21:24:28.535  INFO 13112 --- [    Test worker] o.s.t.c.support.AbstractContextLoader    : Could not detect default resource locations for test class [com.ceiba.tarifa.controlador.ConsultaControladorTarifaTest]: no resource found for suffixes {-context.xml, Context.groovy}.
2022-06-15 21:24:28.546  INFO 13112 --- [    Test worker] .b.t.a.w.s.WebMvcTestContextBootstrapper : Loaded default TestExecutionListener class names from location [META-INF/spring.factories]: [org.springframework.boot.test.autoconfigure.restdocs.RestDocsTestExecutionListener, org.springframework.boot.test.autoconfigure.web.client.MockRestServiceServerResetTestExecutionListener, org.springframework.boot.test.autoconfigure.web.servlet.MockMvcPrintOnlyOnFailureTestExecutionListener, org.springframework.boot.test.autoconfigure.web.servlet.WebDriverTestExecutionListener, org.springframework.boot.test.autoconfigure.webservices.client.MockWebServiceServerTestExecutionListener, org.springframework.boot.test.mock.mockito.MockitoTestExecutionListener, org.springframework.boot.test.mock.mockito.ResetMocksTestExecutionListener, org.springframework.test.context.web.ServletTestExecutionListener, org.springframework.test.context.support.DirtiesContextBeforeModesTestExecutionListener, org.springframework.test.context.event.ApplicationEventsTestExecutionListener, org.springframework.test.context.support.DependencyInjectionTestExecutionListener, org.springframework.test.context.support.DirtiesContextTestExecutionListener, org.springframework.test.context.transaction.TransactionalTestExecutionListener, org.springframework.test.context.jdbc.SqlScriptsTestExecutionListener, org.springframework.test.context.event.EventPublishingTestExecutionListener]
2022-06-15 21:24:28.546  INFO 13112 --- [    Test worker] .b.t.a.w.s.WebMvcTestContextBootstrapper : Using TestExecutionListeners: [org.springframework.test.context.web.ServletTestExecutionListener@4d25bb25, org.springframework.test.context.support.DirtiesContextBeforeModesTestExecutionListener@599c812a, org.springframework.test.context.event.ApplicationEventsTestExecutionListener@5a3b2f1d, org.springframework.boot.test.mock.mockito.MockitoTestExecutionListener@5a50663, org.springframework.boot.test.autoconfigure.SpringBootDependencyInjectionTestExecutionListener@65397961, org.springframework.test.context.support.DirtiesContextTestExecutionListener@5811213d, org.springframework.test.context.transaction.TransactionalTestExecutionListener@5bd1aee5, org.springframework.test.context.jdbc.SqlScriptsTestExecutionListener@76ea3de2, org.springframework.test.context.event.EventPublishingTestExecutionListener@5836b02f, org.springframework.boot.test.autoconfigure.restdocs.RestDocsTestExecutionListener@9ff6add, org.springframework.boot.test.autoconfigure.web.client.MockRestServiceServerResetTestExecutionListener@5f0f5b81, org.springframework.boot.test.autoconfigure.web.servlet.MockMvcPrintOnlyOnFailureTestExecutionListener@782d68af, org.springframework.boot.test.autoconfigure.web.servlet.WebDriverTestExecutionListener@1577084d, org.springframework.boot.test.autoconfigure.webservices.client.MockWebServiceServerTestExecutionListener@67ac21bc, org.springframework.boot.test.mock.mockito.ResetMocksTestExecutionListener@42daad9b]

  .   ____          _            __ _ _
 /\\ / ___'_ __ _ _(_)_ __  __ _ \ \ \ \
( ( )\___ | '_ | '_| | '_ \/ _` | \ \ \ \
 \\/  ___)| |_)| | | | | || (_| |  ) ) ) )
  '  |____| .__|_| |_|_| |_\__, | / / / /
 =========|_|==============|___/=/_/_/_/
 :: Spring Boot ::                (v2.6.7)

2022-06-15 21:24:28.644  INFO 13112 --- [    Test worker] c.c.t.c.ConsultaControladorTarifaTest    : Starting ConsultaControladorTarifaTest using Java 13.0.2 on DESKTOP-SJD26V0 with PID 13112 (started by MILTON-PC in C:\DEV_MODE\WORSPACES\INTELLIJ_WORKSPACE\java-arquitectura-hexagonal\microservicio\infraestructura)
2022-06-15 21:24:28.644  INFO 13112 --- [    Test worker] c.c.t.c.ConsultaControladorTarifaTest    : No active profile set, falling back to 1 default profile: "default"
2022-06-15 21:24:28.896  INFO 13112 --- [    Test worker] com.zaxxer.hikari.HikariDataSource       : pool - Starting...
2022-06-15 21:24:28.903  INFO 13112 --- [    Test worker] com.zaxxer.hikari.HikariDataSource       : pool - Start completed.
2022-06-15 21:24:29.034  INFO 13112 --- [    Test worker] o.s.j.d.e.EmbeddedDatabaseFactory        : Starting embedded database: url='jdbc:h2:mem:testdb;DB_CLOSE_DELAY=-1;DB_CLOSE_ON_EXIT=false', username='sa'
2022-06-15 21:24:29.047  INFO 13112 --- [    Test worker] o.f.c.i.database.base.DatabaseType       : Database: jdbc:h2:mem:testdb (H2 1.4)
2022-06-15 21:24:29.060  INFO 13112 --- [    Test worker] o.f.core.internal.command.DbValidate     : Successfully validated 2 migrations (execution time 00:00.008s)
2022-06-15 21:24:29.064  INFO 13112 --- [    Test worker] o.f.c.i.s.JdbcTableSchemaHistory         : Creating Schema History table "PUBLIC"."flyway_schema_history" ...
2022-06-15 21:24:29.084  INFO 13112 --- [    Test worker] o.f.core.internal.command.DbMigrate      : Current version of schema "PUBLIC": << Empty Schema >>
2022-06-15 21:24:29.088  INFO 13112 --- [    Test worker] o.f.core.internal.command.DbMigrate      : Migrating schema "PUBLIC" to version 1.0 - schema
2022-06-15 21:24:29.125  INFO 13112 --- [    Test worker] o.f.core.internal.command.DbMigrate      : Migrating schema "PUBLIC" to version 1.1 - data
2022-06-15 21:24:29.146  INFO 13112 --- [    Test worker] o.f.core.internal.command.DbMigrate      : Successfully applied 2 migrations to schema "PUBLIC" (execution time 00:00.068s)
2022-06-15 21:24:30.286  INFO 13112 --- [    Test worker] o.s.b.t.m.w.SpringBootMockServletContext : Initializing Spring TestDispatcherServlet ''
2022-06-15 21:24:30.286  INFO 13112 --- [    Test worker] o.s.t.web.servlet.TestDispatcherServlet  : Initializing Servlet ''
2022-06-15 21:24:30.292  INFO 13112 --- [    Test worker] o.s.t.web.servlet.TestDispatcherServlet  : Completed initialization in 6 ms
2022-06-15 21:24:30.325  INFO 13112 --- [    Test worker] c.c.t.c.ConsultaControladorTarifaTest    : Started ConsultaControladorTarifaTest in 1.77 seconds (JVM running for 41.107)
2022-06-15 21:24:30.356  INFO 13112 --- [    Test worker] o.s.j.d.e.EmbeddedDatabaseFactory        : Shutting down embedded database: url='jdbc:h2:mem:testdb;DB_CLOSE_DELAY=-1;DB_CLOSE_ON_EXIT=false'
2022-06-15 21:24:30.570  INFO 13112 --- [    Test worker] com.zaxxer.hikari.HikariDataSource       : pool - Shutdown initiated...
2022-06-15 21:24:30.574  INFO 13112 --- [    Test worker] com.zaxxer.hikari.HikariDataSource       : pool - Shutdown completed.

  .   ____          _            __ _ _
 /\\ / ___'_ __ _ _(_)_ __  __ _ \ \ \ \
( ( )\___ | '_ | '_| | '_ \/ _` | \ \ \ \
 \\/  ___)| |_)| | | | | || (_| |  ) ) ) )
  '  |____| .__|_| |_|_| |_\__, | / / / /
 =========|_|==============|___/=/_/_/_/
 :: Spring Boot ::                (v2.6.7)

2022-06-15 21:24:30.634  INFO 13112 --- [    Test worker] c.c.t.c.ConsultaControladorTarifaTest    : Starting ConsultaControladorTarifaTest using Java 13.0.2 on DESKTOP-SJD26V0 with PID 13112 (started by MILTON-PC in C:\DEV_MODE\WORSPACES\INTELLIJ_WORKSPACE\java-arquitectura-hexagonal\microservicio\infraestructura)
2022-06-15 21:24:30.634  INFO 13112 --- [    Test worker] c.c.t.c.ConsultaControladorTarifaTest    : No active profile set, falling back to 1 default profile: "default"
2022-06-15 21:24:30.839  INFO 13112 --- [    Test worker] com.zaxxer.hikari.HikariDataSource       : pool - Starting...
2022-06-15 21:24:30.839  INFO 13112 --- [    Test worker] com.zaxxer.hikari.HikariDataSource       : pool - Start completed.
2022-06-15 21:24:30.994  INFO 13112 --- [    Test worker] o.s.j.d.e.EmbeddedDatabaseFactory        : Starting embedded database: url='jdbc:h2:mem:testdb;DB_CLOSE_DELAY=-1;DB_CLOSE_ON_EXIT=false', username='sa'
2022-06-15 21:24:31.005  INFO 13112 --- [    Test worker] o.f.c.i.database.base.DatabaseType       : Database: jdbc:h2:mem:testdb (H2 1.4)
2022-06-15 21:24:31.019  INFO 13112 --- [    Test worker] o.f.core.internal.command.DbValidate     : Successfully validated 2 migrations (execution time 00:00.005s)
2022-06-15 21:24:31.026  INFO 13112 --- [    Test worker] o.f.c.i.s.JdbcTableSchemaHistory         : Creating Schema History table "PUBLIC"."flyway_schema_history" ...
2022-06-15 21:24:31.046  INFO 13112 --- [    Test worker] o.f.core.internal.command.DbMigrate      : Current version of schema "PUBLIC": << Empty Schema >>
2022-06-15 21:24:31.058  INFO 13112 --- [    Test worker] o.f.core.internal.command.DbMigrate      : Migrating schema "PUBLIC" to version 1.0 - schema
2022-06-15 21:24:31.096  INFO 13112 --- [    Test worker] o.f.core.internal.command.DbMigrate      : Migrating schema "PUBLIC" to version 1.1 - data
2022-06-15 21:24:31.124  INFO 13112 --- [    Test worker] o.f.core.internal.command.DbMigrate      : Successfully applied 2 migrations to schema "PUBLIC" (execution time 00:00.083s)
2022-06-15 21:24:32.064  INFO 13112 --- [    Test worker] o.s.b.t.m.w.SpringBootMockServletContext : Initializing Spring TestDispatcherServlet ''
2022-06-15 21:24:32.064  INFO 13112 --- [    Test worker] o.s.t.web.servlet.TestDispatcherServlet  : Initializing Servlet ''
2022-06-15 21:24:32.064  INFO 13112 --- [    Test worker] o.s.t.web.servlet.TestDispatcherServlet  : Completed initialization in 0 ms
2022-06-15 21:24:32.076  INFO 13112 --- [    Test worker] c.c.t.c.ConsultaControladorTarifaTest    : Started ConsultaControladorTarifaTest in 1.504 seconds (JVM running for 42.864)
2022-06-15 21:24:32.104  INFO 13112 --- [    Test worker] o.s.j.d.e.EmbeddedDatabaseFactory        : Shutting down embedded database: url='jdbc:h2:mem:testdb;DB_CLOSE_DELAY=-1;DB_CLOSE_ON_EXIT=false'
2022-06-15 21:24:32.325  INFO 13112 --- [    Test worker] com.zaxxer.hikari.HikariDataSource       : pool - Shutdown initiated...
2022-06-15 21:24:32.326  INFO 13112 --- [    Test worker] com.zaxxer.hikari.HikariDataSource       : pool - Shutdown completed.
]]></system-out>
  <system-err><![CDATA[]]></system-err>
</testsuite>
