<?xml version="1.0" encoding="UTF-8"?>
<testsuite name="com.ceiba.factura.controlador.ComandoControladorFacturaTest" tests="2" skipped="0" failures="0" errors="0" timestamp="2022-06-28T00:21:36" hostname="DESKTOP-SJD26V0" time="2.511">
  <properties/>
  <testcase name="crearFacturaExitosa()" classname="com.ceiba.factura.controlador.ComandoControladorFacturaTest" time="0.275"/>
  <testcase name="anularFacturaExitosa()" classname="com.ceiba.factura.controlador.ComandoControladorFacturaTest" time="0.247"/>
  <system-out><![CDATA[2022-06-27 19:21:34.740  INFO 8040 --- [    Test worker] o.s.t.c.support.AbstractContextLoader    : Could not detect default resource locations for test class [com.ceiba.factura.controlador.ComandoControladorFacturaTest]: no resource found for suffixes {-context.xml, Context.groovy}.
2022-06-27 19:21:34.746  INFO 8040 --- [    Test worker] .b.t.a.w.s.WebMvcTestContextBootstrapper : Loaded default TestExecutionListener class names from location [META-INF/spring.factories]: [org.springframework.boot.test.autoconfigure.restdocs.RestDocsTestExecutionListener, org.springframework.boot.test.autoconfigure.web.client.MockRestServiceServerResetTestExecutionListener, org.springframework.boot.test.autoconfigure.web.servlet.MockMvcPrintOnlyOnFailureTestExecutionListener, org.springframework.boot.test.autoconfigure.web.servlet.WebDriverTestExecutionListener, org.springframework.boot.test.autoconfigure.webservices.client.MockWebServiceServerTestExecutionListener, org.springframework.boot.test.mock.mockito.MockitoTestExecutionListener, org.springframework.boot.test.mock.mockito.ResetMocksTestExecutionListener, org.springframework.test.context.web.ServletTestExecutionListener, org.springframework.test.context.support.DirtiesContextBeforeModesTestExecutionListener, org.springframework.test.context.event.ApplicationEventsTestExecutionListener, org.springframework.test.context.support.DependencyInjectionTestExecutionListener, org.springframework.test.context.support.DirtiesContextTestExecutionListener, org.springframework.test.context.transaction.TransactionalTestExecutionListener, org.springframework.test.context.jdbc.SqlScriptsTestExecutionListener, org.springframework.test.context.event.EventPublishingTestExecutionListener]
2022-06-27 19:21:34.746  INFO 8040 --- [    Test worker] .b.t.a.w.s.WebMvcTestContextBootstrapper : Using TestExecutionListeners: [org.springframework.test.context.web.ServletTestExecutionListener@575baeea, org.springframework.test.context.support.DirtiesContextBeforeModesTestExecutionListener@79ef07b3, org.springframework.test.context.event.ApplicationEventsTestExecutionListener@153daff, org.springframework.boot.test.mock.mockito.MockitoTestExecutionListener@66f02ece, org.springframework.boot.test.autoconfigure.SpringBootDependencyInjectionTestExecutionListener@6c56e004, org.springframework.test.context.support.DirtiesContextTestExecutionListener@6d05a0a2, org.springframework.test.context.transaction.TransactionalTestExecutionListener@721e1bdf, org.springframework.test.context.jdbc.SqlScriptsTestExecutionListener@15ffcd0c, org.springframework.test.context.event.EventPublishingTestExecutionListener@4e725977, org.springframework.boot.test.autoconfigure.restdocs.RestDocsTestExecutionListener@eb2f0ab, org.springframework.boot.test.autoconfigure.web.client.MockRestServiceServerResetTestExecutionListener@cf0d241, org.springframework.boot.test.autoconfigure.web.servlet.MockMvcPrintOnlyOnFailureTestExecutionListener@678cf97e, org.springframework.boot.test.autoconfigure.web.servlet.WebDriverTestExecutionListener@3b69ad19, org.springframework.boot.test.autoconfigure.webservices.client.MockWebServiceServerTestExecutionListener@22c73577, org.springframework.boot.test.mock.mockito.ResetMocksTestExecutionListener@28af99b4]

  .   ____          _            __ _ _
 /\\ / ___'_ __ _ _(_)_ __  __ _ \ \ \ \
( ( )\___ | '_ | '_| | '_ \/ _` | \ \ \ \
 \\/  ___)| |_)| | | | | || (_| |  ) ) ) )
  '  |____| .__|_| |_|_| |_\__, | / / / /
 =========|_|==============|___/=/_/_/_/
 :: Spring Boot ::                (v2.6.7)

2022-06-27 19:21:34.825  INFO 8040 --- [    Test worker] c.c.f.c.ComandoControladorFacturaTest    : Starting ComandoControladorFacturaTest using Java 17.0.3 on DESKTOP-SJD26V0 with PID 8040 (started by MILTON-PC in C:\DEV_MODE\WORSPACES\INTELLIJ_WORKSPACE\java-arquitectura-hexagonal\microservicio\infraestructura)
2022-06-27 19:21:34.825  INFO 8040 --- [    Test worker] c.c.f.c.ComandoControladorFacturaTest    : No active profile set, falling back to 1 default profile: "default"
2022-06-27 19:21:35.238  INFO 8040 --- [    Test worker] com.zaxxer.hikari.HikariDataSource       : pool - Starting...
2022-06-27 19:21:35.244  INFO 8040 --- [    Test worker] com.zaxxer.hikari.HikariDataSource       : pool - Start completed.
2022-06-27 19:21:35.432  INFO 8040 --- [    Test worker] o.s.j.d.e.EmbeddedDatabaseFactory        : Starting embedded database: url='jdbc:h2:mem:testdb;DB_CLOSE_DELAY=-1;DB_CLOSE_ON_EXIT=false', username='sa'
2022-06-27 19:21:35.443  INFO 8040 --- [    Test worker] o.f.c.i.database.base.DatabaseType       : Database: jdbc:h2:mem:testdb (H2 1.4)
2022-06-27 19:21:35.456  INFO 8040 --- [    Test worker] o.f.core.internal.command.DbValidate     : Successfully validated 2 migrations (execution time 00:00.005s)
2022-06-27 19:21:35.460  INFO 8040 --- [    Test worker] o.f.c.i.s.JdbcTableSchemaHistory         : Creating Schema History table "PUBLIC"."flyway_schema_history" ...
2022-06-27 19:21:35.475  INFO 8040 --- [    Test worker] o.f.core.internal.command.DbMigrate      : Current version of schema "PUBLIC": << Empty Schema >>
2022-06-27 19:21:35.496  INFO 8040 --- [    Test worker] o.f.core.internal.command.DbMigrate      : Migrating schema "PUBLIC" to version 1.0 - schema
2022-06-27 19:21:35.569  INFO 8040 --- [    Test worker] o.f.core.internal.command.DbMigrate      : Migrating schema "PUBLIC" to version 1.1 - data
2022-06-27 19:21:35.630  INFO 8040 --- [    Test worker] o.f.core.internal.command.DbMigrate      : Successfully applied 2 migrations to schema "PUBLIC" (execution time 00:00.159s)
2022-06-27 19:21:36.647  INFO 8040 --- [    Test worker] o.s.b.t.m.w.SpringBootMockServletContext : Initializing Spring TestDispatcherServlet ''
2022-06-27 19:21:36.650  INFO 8040 --- [    Test worker] o.s.t.web.servlet.TestDispatcherServlet  : Initializing Servlet ''
2022-06-27 19:21:36.650  INFO 8040 --- [    Test worker] o.s.t.web.servlet.TestDispatcherServlet  : Completed initialization in 0 ms
2022-06-27 19:21:36.676  INFO 8040 --- [    Test worker] c.c.f.c.ComandoControladorFacturaTest    : Started ComandoControladorFacturaTest in 1.925 seconds (JVM running for 40.444)
2022-06-27 19:21:36.743  INFO 8040 --- [    Test worker] o.s.j.d.e.EmbeddedDatabaseFactory        : Shutting down embedded database: url='jdbc:h2:mem:testdb;DB_CLOSE_DELAY=-1;DB_CLOSE_ON_EXIT=false'
2022-06-27 19:21:36.955  INFO 8040 --- [    Test worker] com.zaxxer.hikari.HikariDataSource       : pool - Shutdown initiated...
2022-06-27 19:21:36.959  INFO 8040 --- [    Test worker] com.zaxxer.hikari.HikariDataSource       : pool - Shutdown completed.

  .   ____          _            __ _ _
 /\\ / ___'_ __ _ _(_)_ __  __ _ \ \ \ \
( ( )\___ | '_ | '_| | '_ \/ _` | \ \ \ \
 \\/  ___)| |_)| | | | | || (_| |  ) ) ) )
  '  |____| .__|_| |_|_| |_\__, | / / / /
 =========|_|==============|___/=/_/_/_/
 :: Spring Boot ::                (v2.6.7)

2022-06-27 19:21:37.047  INFO 8040 --- [    Test worker] c.c.f.c.ComandoControladorFacturaTest    : Starting ComandoControladorFacturaTest using Java 17.0.3 on DESKTOP-SJD26V0 with PID 8040 (started by MILTON-PC in C:\DEV_MODE\WORSPACES\INTELLIJ_WORKSPACE\java-arquitectura-hexagonal\microservicio\infraestructura)
2022-06-27 19:21:37.050  INFO 8040 --- [    Test worker] c.c.f.c.ComandoControladorFacturaTest    : No active profile set, falling back to 1 default profile: "default"
2022-06-27 19:21:37.352  INFO 8040 --- [    Test worker] com.zaxxer.hikari.HikariDataSource       : pool - Starting...
2022-06-27 19:21:37.358  INFO 8040 --- [    Test worker] com.zaxxer.hikari.HikariDataSource       : pool - Start completed.
2022-06-27 19:21:37.625  INFO 8040 --- [    Test worker] o.s.j.d.e.EmbeddedDatabaseFactory        : Starting embedded database: url='jdbc:h2:mem:testdb;DB_CLOSE_DELAY=-1;DB_CLOSE_ON_EXIT=false', username='sa'
2022-06-27 19:21:37.643  INFO 8040 --- [    Test worker] o.f.c.i.database.base.DatabaseType       : Database: jdbc:h2:mem:testdb (H2 1.4)
2022-06-27 19:21:37.673  INFO 8040 --- [    Test worker] o.f.core.internal.command.DbValidate     : Successfully validated 2 migrations (execution time 00:00.010s)
2022-06-27 19:21:37.679  INFO 8040 --- [    Test worker] o.f.c.i.s.JdbcTableSchemaHistory         : Creating Schema History table "PUBLIC"."flyway_schema_history" ...
2022-06-27 19:21:37.696  INFO 8040 --- [    Test worker] o.f.core.internal.command.DbMigrate      : Current version of schema "PUBLIC": << Empty Schema >>
2022-06-27 19:21:37.702  INFO 8040 --- [    Test worker] o.f.core.internal.command.DbMigrate      : Migrating schema "PUBLIC" to version 1.0 - schema
2022-06-27 19:21:37.752  INFO 8040 --- [    Test worker] o.f.core.internal.command.DbMigrate      : Migrating schema "PUBLIC" to version 1.1 - data
2022-06-27 19:21:37.781  INFO 8040 --- [    Test worker] o.f.core.internal.command.DbMigrate      : Successfully applied 2 migrations to schema "PUBLIC" (execution time 00:00.089s)
2022-06-27 19:21:38.900  INFO 8040 --- [    Test worker] o.s.b.t.m.w.SpringBootMockServletContext : Initializing Spring TestDispatcherServlet ''
2022-06-27 19:21:38.903  INFO 8040 --- [    Test worker] o.s.t.web.servlet.TestDispatcherServlet  : Initializing Servlet ''
2022-06-27 19:21:38.903  INFO 8040 --- [    Test worker] o.s.t.web.servlet.TestDispatcherServlet  : Completed initialization in 0 ms
2022-06-27 19:21:38.938  INFO 8040 --- [    Test worker] c.c.f.c.ComandoControladorFacturaTest    : Started ComandoControladorFacturaTest in 1.973 seconds (JVM running for 42.706)
2022-06-27 19:21:38.974  INFO 8040 --- [    Test worker] o.s.j.d.e.EmbeddedDatabaseFactory        : Shutting down embedded database: url='jdbc:h2:mem:testdb;DB_CLOSE_DELAY=-1;DB_CLOSE_ON_EXIT=false'
2022-06-27 19:21:39.191  INFO 8040 --- [    Test worker] com.zaxxer.hikari.HikariDataSource       : pool - Shutdown initiated...
2022-06-27 19:21:39.195  INFO 8040 --- [    Test worker] com.zaxxer.hikari.HikariDataSource       : pool - Shutdown completed.
]]></system-out>
  <system-err><![CDATA[]]></system-err>
</testsuite>
