<?xml version="1.0" encoding="UTF-8"?>
<testsuite name="com.ceiba.client.controlador.ConsultaControladorClientTest" tests="3" skipped="0" failures="0" errors="0" timestamp="2022-06-28T00:17:54" hostname="DESKTOP-SJD26V0" time="4.703">
  <properties/>
  <testcase name="consultarPorIdentificacionPersonal()" classname="com.ceiba.client.controlador.ConsultaControladorClientTest" time="0.233"/>
  <testcase name="consultarTodosLosClientes()" classname="com.ceiba.client.controlador.ConsultaControladorClientTest" time="0.255"/>
  <testcase name="consultarPorId()" classname="com.ceiba.client.controlador.ConsultaControladorClientTest" time="0.276"/>
  <system-out><![CDATA[2022-06-27 19:17:52.607  INFO 18136 --- [    Test worker] o.s.t.c.support.AbstractContextLoader    : Could not detect default resource locations for test class [com.ceiba.client.controlador.ConsultaControladorClientTest]: no resource found for suffixes {-context.xml, Context.groovy}.
2022-06-27 19:17:52.607  INFO 18136 --- [    Test worker] .b.t.a.w.s.WebMvcTestContextBootstrapper : Loaded default TestExecutionListener class names from location [META-INF/spring.factories]: [org.springframework.boot.test.autoconfigure.restdocs.RestDocsTestExecutionListener, org.springframework.boot.test.autoconfigure.web.client.MockRestServiceServerResetTestExecutionListener, org.springframework.boot.test.autoconfigure.web.servlet.MockMvcPrintOnlyOnFailureTestExecutionListener, org.springframework.boot.test.autoconfigure.web.servlet.WebDriverTestExecutionListener, org.springframework.boot.test.autoconfigure.webservices.client.MockWebServiceServerTestExecutionListener, org.springframework.boot.test.mock.mockito.MockitoTestExecutionListener, org.springframework.boot.test.mock.mockito.ResetMocksTestExecutionListener, org.springframework.test.context.web.ServletTestExecutionListener, org.springframework.test.context.support.DirtiesContextBeforeModesTestExecutionListener, org.springframework.test.context.event.ApplicationEventsTestExecutionListener, org.springframework.test.context.support.DependencyInjectionTestExecutionListener, org.springframework.test.context.support.DirtiesContextTestExecutionListener, org.springframework.test.context.transaction.TransactionalTestExecutionListener, org.springframework.test.context.jdbc.SqlScriptsTestExecutionListener, org.springframework.test.context.event.EventPublishingTestExecutionListener]
2022-06-27 19:17:52.607  INFO 18136 --- [    Test worker] .b.t.a.w.s.WebMvcTestContextBootstrapper : Using TestExecutionListeners: [org.springframework.test.context.web.ServletTestExecutionListener@68fc6e20, org.springframework.test.context.support.DirtiesContextBeforeModesTestExecutionListener@6d63a79, org.springframework.test.context.event.ApplicationEventsTestExecutionListener@177bd3ae, org.springframework.boot.test.mock.mockito.MockitoTestExecutionListener@4d087555, org.springframework.boot.test.autoconfigure.SpringBootDependencyInjectionTestExecutionListener@468e9fba, org.springframework.test.context.support.DirtiesContextTestExecutionListener@713c60e0, org.springframework.test.context.transaction.TransactionalTestExecutionListener@38133bca, org.springframework.test.context.jdbc.SqlScriptsTestExecutionListener@36bf4340, org.springframework.test.context.event.EventPublishingTestExecutionListener@4fe7962, org.springframework.boot.test.autoconfigure.restdocs.RestDocsTestExecutionListener@16d7227d, org.springframework.boot.test.autoconfigure.web.client.MockRestServiceServerResetTestExecutionListener@37bb8606, org.springframework.boot.test.autoconfigure.web.servlet.MockMvcPrintOnlyOnFailureTestExecutionListener@7bd276f2, org.springframework.boot.test.autoconfigure.web.servlet.WebDriverTestExecutionListener@c102583, org.springframework.boot.test.autoconfigure.webservices.client.MockWebServiceServerTestExecutionListener@237b3ab6, org.springframework.boot.test.mock.mockito.ResetMocksTestExecutionListener@489b0369]

  .   ____          _            __ _ _
 /\\ / ___'_ __ _ _(_)_ __  __ _ \ \ \ \
( ( )\___ | '_ | '_| | '_ \/ _` | \ \ \ \
 \\/  ___)| |_)| | | | | || (_| |  ) ) ) )
  '  |____| .__|_| |_|_| |_\__, | / / / /
 =========|_|==============|___/=/_/_/_/
 :: Spring Boot ::                (v2.6.7)

2022-06-27 19:17:52.689  INFO 18136 --- [    Test worker] c.c.c.c.ConsultaControladorClientTest    : Starting ConsultaControladorClientTest using Java 17.0.3 on DESKTOP-SJD26V0 with PID 18136 (started by MILTON-PC in C:\DEV_MODE\WORSPACES\INTELLIJ_WORKSPACE\java-arquitectura-hexagonal\microservicio\infraestructura)
2022-06-27 19:17:52.689  INFO 18136 --- [    Test worker] c.c.c.c.ConsultaControladorClientTest    : No active profile set, falling back to 1 default profile: "default"
2022-06-27 19:17:53.138  INFO 18136 --- [    Test worker] com.zaxxer.hikari.HikariDataSource       : pool - Starting...
2022-06-27 19:17:53.138  INFO 18136 --- [    Test worker] com.zaxxer.hikari.HikariDataSource       : pool - Start completed.
2022-06-27 19:17:53.398  INFO 18136 --- [    Test worker] o.s.j.d.e.EmbeddedDatabaseFactory        : Starting embedded database: url='jdbc:h2:mem:testdb;DB_CLOSE_DELAY=-1;DB_CLOSE_ON_EXIT=false', username='sa'
2022-06-27 19:17:53.418  INFO 18136 --- [    Test worker] o.f.c.i.database.base.DatabaseType       : Database: jdbc:h2:mem:testdb (H2 1.4)
2022-06-27 19:17:53.427  INFO 18136 --- [    Test worker] o.f.core.internal.command.DbValidate     : Successfully validated 2 migrations (execution time 00:00.006s)
2022-06-27 19:17:53.438  INFO 18136 --- [    Test worker] o.f.c.i.s.JdbcTableSchemaHistory         : Creating Schema History table "PUBLIC"."flyway_schema_history" ...
2022-06-27 19:17:53.474  INFO 18136 --- [    Test worker] o.f.core.internal.command.DbMigrate      : Current version of schema "PUBLIC": << Empty Schema >>
2022-06-27 19:17:53.483  INFO 18136 --- [    Test worker] o.f.core.internal.command.DbMigrate      : Migrating schema "PUBLIC" to version 1.0 - schema
2022-06-27 19:17:53.528  INFO 18136 --- [    Test worker] o.f.core.internal.command.DbMigrate      : Migrating schema "PUBLIC" to version 1.1 - data
2022-06-27 19:17:53.573  INFO 18136 --- [    Test worker] o.f.core.internal.command.DbMigrate      : Successfully applied 2 migrations to schema "PUBLIC" (execution time 00:00.108s)
2022-06-27 19:17:54.664  INFO 18136 --- [    Test worker] o.s.b.t.m.w.SpringBootMockServletContext : Initializing Spring TestDispatcherServlet ''
2022-06-27 19:17:54.664  INFO 18136 --- [    Test worker] o.s.t.web.servlet.TestDispatcherServlet  : Initializing Servlet ''
2022-06-27 19:17:54.664  INFO 18136 --- [    Test worker] o.s.t.web.servlet.TestDispatcherServlet  : Completed initialization in 0 ms
2022-06-27 19:17:54.687  INFO 18136 --- [    Test worker] c.c.c.c.ConsultaControladorClientTest    : Started ConsultaControladorClientTest in 2.071 seconds (JVM running for 40.831)
2022-06-27 19:17:54.716  INFO 18136 --- [    Test worker] o.s.j.d.e.EmbeddedDatabaseFactory        : Shutting down embedded database: url='jdbc:h2:mem:testdb;DB_CLOSE_DELAY=-1;DB_CLOSE_ON_EXIT=false'
2022-06-27 19:17:54.928  INFO 18136 --- [    Test worker] com.zaxxer.hikari.HikariDataSource       : pool - Shutdown initiated...
2022-06-27 19:17:54.928  INFO 18136 --- [    Test worker] com.zaxxer.hikari.HikariDataSource       : pool - Shutdown completed.

  .   ____          _            __ _ _
 /\\ / ___'_ __ _ _(_)_ __  __ _ \ \ \ \
( ( )\___ | '_ | '_| | '_ \/ _` | \ \ \ \
 \\/  ___)| |_)| | | | | || (_| |  ) ) ) )
  '  |____| .__|_| |_|_| |_\__, | / / / /
 =========|_|==============|___/=/_/_/_/
 :: Spring Boot ::                (v2.6.7)

2022-06-27 19:17:54.991  INFO 18136 --- [    Test worker] c.c.c.c.ConsultaControladorClientTest    : Starting ConsultaControladorClientTest using Java 17.0.3 on DESKTOP-SJD26V0 with PID 18136 (started by MILTON-PC in C:\DEV_MODE\WORSPACES\INTELLIJ_WORKSPACE\java-arquitectura-hexagonal\microservicio\infraestructura)
2022-06-27 19:17:54.991  INFO 18136 --- [    Test worker] c.c.c.c.ConsultaControladorClientTest    : No active profile set, falling back to 1 default profile: "default"
2022-06-27 19:17:55.448  INFO 18136 --- [    Test worker] com.zaxxer.hikari.HikariDataSource       : pool - Starting...
2022-06-27 19:17:55.459  INFO 18136 --- [    Test worker] com.zaxxer.hikari.HikariDataSource       : pool - Start completed.
2022-06-27 19:17:55.732  INFO 18136 --- [    Test worker] o.s.j.d.e.EmbeddedDatabaseFactory        : Starting embedded database: url='jdbc:h2:mem:testdb;DB_CLOSE_DELAY=-1;DB_CLOSE_ON_EXIT=false', username='sa'
2022-06-27 19:17:55.748  INFO 18136 --- [    Test worker] o.f.c.i.database.base.DatabaseType       : Database: jdbc:h2:mem:testdb (H2 1.4)
2022-06-27 19:17:55.762  INFO 18136 --- [    Test worker] o.f.core.internal.command.DbValidate     : Successfully validated 2 migrations (execution time 00:00.008s)
2022-06-27 19:17:55.772  INFO 18136 --- [    Test worker] o.f.c.i.s.JdbcTableSchemaHistory         : Creating Schema History table "PUBLIC"."flyway_schema_history" ...
2022-06-27 19:17:55.792  INFO 18136 --- [    Test worker] o.f.core.internal.command.DbMigrate      : Current version of schema "PUBLIC": << Empty Schema >>
2022-06-27 19:17:55.803  INFO 18136 --- [    Test worker] o.f.core.internal.command.DbMigrate      : Migrating schema "PUBLIC" to version 1.0 - schema
2022-06-27 19:17:55.858  INFO 18136 --- [    Test worker] o.f.core.internal.command.DbMigrate      : Migrating schema "PUBLIC" to version 1.1 - data
2022-06-27 19:17:55.897  INFO 18136 --- [    Test worker] o.f.core.internal.command.DbMigrate      : Successfully applied 2 migrations to schema "PUBLIC" (execution time 00:00.115s)
2022-06-27 19:17:56.858  INFO 18136 --- [    Test worker] o.s.b.t.m.w.SpringBootMockServletContext : Initializing Spring TestDispatcherServlet ''
2022-06-27 19:17:56.862  INFO 18136 --- [    Test worker] o.s.t.web.servlet.TestDispatcherServlet  : Initializing Servlet ''
2022-06-27 19:17:56.866  INFO 18136 --- [    Test worker] o.s.t.web.servlet.TestDispatcherServlet  : Completed initialization in 0 ms
2022-06-27 19:17:56.897  INFO 18136 --- [    Test worker] c.c.c.c.ConsultaControladorClientTest    : Started ConsultaControladorClientTest in 1.962 seconds (JVM running for 43.035)
2022-06-27 19:17:56.940  INFO 18136 --- [    Test worker] o.s.j.d.e.EmbeddedDatabaseFactory        : Shutting down embedded database: url='jdbc:h2:mem:testdb;DB_CLOSE_DELAY=-1;DB_CLOSE_ON_EXIT=false'
2022-06-27 19:17:57.158  INFO 18136 --- [    Test worker] com.zaxxer.hikari.HikariDataSource       : pool - Shutdown initiated...
2022-06-27 19:17:57.158  INFO 18136 --- [    Test worker] com.zaxxer.hikari.HikariDataSource       : pool - Shutdown completed.

  .   ____          _            __ _ _
 /\\ / ___'_ __ _ _(_)_ __  __ _ \ \ \ \
( ( )\___ | '_ | '_| | '_ \/ _` | \ \ \ \
 \\/  ___)| |_)| | | | | || (_| |  ) ) ) )
  '  |____| .__|_| |_|_| |_\__, | / / / /
 =========|_|==============|___/=/_/_/_/
 :: Spring Boot ::                (v2.6.7)

2022-06-27 19:17:57.220  INFO 18136 --- [    Test worker] c.c.c.c.ConsultaControladorClientTest    : Starting ConsultaControladorClientTest using Java 17.0.3 on DESKTOP-SJD26V0 with PID 18136 (started by MILTON-PC in C:\DEV_MODE\WORSPACES\INTELLIJ_WORKSPACE\java-arquitectura-hexagonal\microservicio\infraestructura)
2022-06-27 19:17:57.220  INFO 18136 --- [    Test worker] c.c.c.c.ConsultaControladorClientTest    : No active profile set, falling back to 1 default profile: "default"
2022-06-27 19:17:57.610  INFO 18136 --- [    Test worker] com.zaxxer.hikari.HikariDataSource       : pool - Starting...
2022-06-27 19:17:57.620  INFO 18136 --- [    Test worker] com.zaxxer.hikari.HikariDataSource       : pool - Start completed.
2022-06-27 19:17:57.877  INFO 18136 --- [    Test worker] o.s.j.d.e.EmbeddedDatabaseFactory        : Starting embedded database: url='jdbc:h2:mem:testdb;DB_CLOSE_DELAY=-1;DB_CLOSE_ON_EXIT=false', username='sa'
2022-06-27 19:17:57.890  INFO 18136 --- [    Test worker] o.f.c.i.database.base.DatabaseType       : Database: jdbc:h2:mem:testdb (H2 1.4)
2022-06-27 19:17:57.908  INFO 18136 --- [    Test worker] o.f.core.internal.command.DbValidate     : Successfully validated 2 migrations (execution time 00:00.010s)
2022-06-27 19:17:57.921  INFO 18136 --- [    Test worker] o.f.c.i.s.JdbcTableSchemaHistory         : Creating Schema History table "PUBLIC"."flyway_schema_history" ...
2022-06-27 19:17:57.936  INFO 18136 --- [    Test worker] o.f.core.internal.command.DbMigrate      : Current version of schema "PUBLIC": << Empty Schema >>
2022-06-27 19:17:57.948  INFO 18136 --- [    Test worker] o.f.core.internal.command.DbMigrate      : Migrating schema "PUBLIC" to version 1.0 - schema
2022-06-27 19:17:58.014  INFO 18136 --- [    Test worker] o.f.core.internal.command.DbMigrate      : Migrating schema "PUBLIC" to version 1.1 - data
2022-06-27 19:17:58.060  INFO 18136 --- [    Test worker] o.f.core.internal.command.DbMigrate      : Successfully applied 2 migrations to schema "PUBLIC" (execution time 00:00.126s)
2022-06-27 19:17:59.049  INFO 18136 --- [    Test worker] o.s.b.t.m.w.SpringBootMockServletContext : Initializing Spring TestDispatcherServlet ''
2022-06-27 19:17:59.049  INFO 18136 --- [    Test worker] o.s.t.web.servlet.TestDispatcherServlet  : Initializing Servlet ''
2022-06-27 19:17:59.049  INFO 18136 --- [    Test worker] o.s.t.web.servlet.TestDispatcherServlet  : Completed initialization in 0 ms
2022-06-27 19:17:59.101  INFO 18136 --- [    Test worker] c.c.c.c.ConsultaControladorClientTest    : Started ConsultaControladorClientTest in 1.934 seconds (JVM running for 45.243)
2022-06-27 19:17:59.182  INFO 18136 --- [    Test worker] o.s.j.d.e.EmbeddedDatabaseFactory        : Shutting down embedded database: url='jdbc:h2:mem:testdb;DB_CLOSE_DELAY=-1;DB_CLOSE_ON_EXIT=false'
2022-06-27 19:17:59.396  INFO 18136 --- [    Test worker] com.zaxxer.hikari.HikariDataSource       : pool - Shutdown initiated...
2022-06-27 19:17:59.396  INFO 18136 --- [    Test worker] com.zaxxer.hikari.HikariDataSource       : pool - Shutdown completed.
]]></system-out>
  <system-err><![CDATA[]]></system-err>
</testsuite>
