<?xml version="1.0" encoding="UTF-8"?>
<testsuite name="com.ceiba.client.controlador.ConsultaControladorClientTest" tests="4" skipped="0" failures="0" errors="0" timestamp="2022-06-16T01:01:59" hostname="DESKTOP-SJD26V0" time="8.0">
  <properties/>
  <testcase name="consultarPorIdentificacionPersonal()" classname="com.ceiba.client.controlador.ConsultaControladorClientTest" time="0.376"/>
  <testcase name="consultarTodosLosClientes()" classname="com.ceiba.client.controlador.ConsultaControladorClientTest" time="0.262"/>
  <testcase name="deberiaRetornarListaDeClientes()" classname="com.ceiba.client.controlador.ConsultaControladorClientTest" time="0.246"/>
  <testcase name="consultarPorId()" classname="com.ceiba.client.controlador.ConsultaControladorClientTest" time="0.239"/>
  <system-out><![CDATA[2022-06-15 20:01:57.419  INFO 12556 --- [    Test worker] o.s.t.c.support.AbstractContextLoader    : Could not detect default resource locations for test class [com.ceiba.client.controlador.ConsultaControladorClientTest]: no resource found for suffixes {-context.xml, Context.groovy}.
2022-06-15 20:01:57.426  INFO 12556 --- [    Test worker] .b.t.a.w.s.WebMvcTestContextBootstrapper : Loaded default TestExecutionListener class names from location [META-INF/spring.factories]: [org.springframework.boot.test.autoconfigure.restdocs.RestDocsTestExecutionListener, org.springframework.boot.test.autoconfigure.web.client.MockRestServiceServerResetTestExecutionListener, org.springframework.boot.test.autoconfigure.web.servlet.MockMvcPrintOnlyOnFailureTestExecutionListener, org.springframework.boot.test.autoconfigure.web.servlet.WebDriverTestExecutionListener, org.springframework.boot.test.autoconfigure.webservices.client.MockWebServiceServerTestExecutionListener, org.springframework.boot.test.mock.mockito.MockitoTestExecutionListener, org.springframework.boot.test.mock.mockito.ResetMocksTestExecutionListener, org.springframework.test.context.web.ServletTestExecutionListener, org.springframework.test.context.support.DirtiesContextBeforeModesTestExecutionListener, org.springframework.test.context.event.ApplicationEventsTestExecutionListener, org.springframework.test.context.support.DependencyInjectionTestExecutionListener, org.springframework.test.context.support.DirtiesContextTestExecutionListener, org.springframework.test.context.transaction.TransactionalTestExecutionListener, org.springframework.test.context.jdbc.SqlScriptsTestExecutionListener, org.springframework.test.context.event.EventPublishingTestExecutionListener]
2022-06-15 20:01:57.434  INFO 12556 --- [    Test worker] .b.t.a.w.s.WebMvcTestContextBootstrapper : Using TestExecutionListeners: [org.springframework.test.context.web.ServletTestExecutionListener@28b0db12, org.springframework.test.context.support.DirtiesContextBeforeModesTestExecutionListener@701aec1b, org.springframework.test.context.event.ApplicationEventsTestExecutionListener@663f2611, org.springframework.boot.test.mock.mockito.MockitoTestExecutionListener@57ea5fbe, org.springframework.boot.test.autoconfigure.SpringBootDependencyInjectionTestExecutionListener@792c661a, org.springframework.test.context.support.DirtiesContextTestExecutionListener@5e712710, org.springframework.test.context.transaction.TransactionalTestExecutionListener@41e18d61, org.springframework.test.context.jdbc.SqlScriptsTestExecutionListener@44732d4c, org.springframework.test.context.event.EventPublishingTestExecutionListener@5e758f6e, org.springframework.boot.test.autoconfigure.restdocs.RestDocsTestExecutionListener@9eb6a17, org.springframework.boot.test.autoconfigure.web.client.MockRestServiceServerResetTestExecutionListener@44ac74ce, org.springframework.boot.test.autoconfigure.web.servlet.MockMvcPrintOnlyOnFailureTestExecutionListener@1968285a, org.springframework.boot.test.autoconfigure.web.servlet.WebDriverTestExecutionListener@6b94cae6, org.springframework.boot.test.autoconfigure.webservices.client.MockWebServiceServerTestExecutionListener@39fdae51, org.springframework.boot.test.mock.mockito.ResetMocksTestExecutionListener@1ed0b7a4]

  .   ____          _            __ _ _
 /\\ / ___'_ __ _ _(_)_ __  __ _ \ \ \ \
( ( )\___ | '_ | '_| | '_ \/ _` | \ \ \ \
 \\/  ___)| |_)| | | | | || (_| |  ) ) ) )
  '  |____| .__|_| |_|_| |_\__, | / / / /
 =========|_|==============|___/=/_/_/_/
 :: Spring Boot ::                (v2.6.7)

2022-06-15 20:01:57.553  INFO 12556 --- [    Test worker] c.c.c.c.ConsultaControladorClientTest    : Starting ConsultaControladorClientTest using Java 13.0.2 on DESKTOP-SJD26V0 with PID 12556 (started by MILTON-PC in C:\DEV_MODE\WORSPACES\INTELLIJ_WORKSPACE\java-arquitectura-hexagonal\microservicio\infraestructura)
2022-06-15 20:01:57.553  INFO 12556 --- [    Test worker] c.c.c.c.ConsultaControladorClientTest    : No active profile set, falling back to 1 default profile: "default"
2022-06-15 20:01:58.098  INFO 12556 --- [    Test worker] com.zaxxer.hikari.HikariDataSource       : pool - Starting...
2022-06-15 20:01:58.104  INFO 12556 --- [    Test worker] com.zaxxer.hikari.HikariDataSource       : pool - Start completed.
2022-06-15 20:01:58.342  INFO 12556 --- [    Test worker] o.s.j.d.e.EmbeddedDatabaseFactory        : Starting embedded database: url='jdbc:h2:mem:testdb;DB_CLOSE_DELAY=-1;DB_CLOSE_ON_EXIT=false', username='sa'
2022-06-15 20:01:58.358  INFO 12556 --- [    Test worker] o.f.c.i.database.base.DatabaseType       : Database: jdbc:h2:mem:testdb (H2 1.4)
2022-06-15 20:01:58.366  INFO 12556 --- [    Test worker] o.f.core.internal.command.DbValidate     : Successfully validated 2 migrations (execution time 00:00.005s)
2022-06-15 20:01:58.376  INFO 12556 --- [    Test worker] o.f.c.i.s.JdbcTableSchemaHistory         : Creating Schema History table "PUBLIC"."flyway_schema_history" ...
2022-06-15 20:01:58.400  INFO 12556 --- [    Test worker] o.f.core.internal.command.DbMigrate      : Current version of schema "PUBLIC": << Empty Schema >>
2022-06-15 20:01:58.400  INFO 12556 --- [    Test worker] o.f.core.internal.command.DbMigrate      : Migrating schema "PUBLIC" to version 1.0 - schema
2022-06-15 20:01:58.440  INFO 12556 --- [    Test worker] o.f.core.internal.command.DbMigrate      : Migrating schema "PUBLIC" to version 1.1 - data
2022-06-15 20:01:58.473  INFO 12556 --- [    Test worker] o.f.core.internal.command.DbMigrate      : Successfully applied 2 migrations to schema "PUBLIC" (execution time 00:00.083s)
2022-06-15 20:01:59.797  INFO 12556 --- [    Test worker] o.s.b.t.m.w.SpringBootMockServletContext : Initializing Spring TestDispatcherServlet ''
2022-06-15 20:01:59.798  INFO 12556 --- [    Test worker] o.s.t.web.servlet.TestDispatcherServlet  : Initializing Servlet ''
2022-06-15 20:01:59.801  INFO 12556 --- [    Test worker] o.s.t.web.servlet.TestDispatcherServlet  : Completed initialization in 2 ms
2022-06-15 20:01:59.828  INFO 12556 --- [    Test worker] c.c.c.c.ConsultaControladorClientTest    : Started ConsultaControladorClientTest in 2.393 seconds (JVM running for 30.86)
2022-06-15 20:01:59.876  INFO 12556 --- [    Test worker] o.s.j.d.e.EmbeddedDatabaseFactory        : Shutting down embedded database: url='jdbc:h2:mem:testdb;DB_CLOSE_DELAY=-1;DB_CLOSE_ON_EXIT=false'
2022-06-15 20:02:00.136  INFO 12556 --- [    Test worker] com.zaxxer.hikari.HikariDataSource       : pool - Shutdown initiated...
2022-06-15 20:02:00.207  INFO 12556 --- [    Test worker] com.zaxxer.hikari.HikariDataSource       : pool - Shutdown completed.

  .   ____          _            __ _ _
 /\\ / ___'_ __ _ _(_)_ __  __ _ \ \ \ \
( ( )\___ | '_ | '_| | '_ \/ _` | \ \ \ \
 \\/  ___)| |_)| | | | | || (_| |  ) ) ) )
  '  |____| .__|_| |_|_| |_\__, | / / / /
 =========|_|==============|___/=/_/_/_/
 :: Spring Boot ::                (v2.6.7)

2022-06-15 20:02:00.433  INFO 12556 --- [    Test worker] c.c.c.c.ConsultaControladorClientTest    : Starting ConsultaControladorClientTest using Java 13.0.2 on DESKTOP-SJD26V0 with PID 12556 (started by MILTON-PC in C:\DEV_MODE\WORSPACES\INTELLIJ_WORKSPACE\java-arquitectura-hexagonal\microservicio\infraestructura)
2022-06-15 20:02:00.434  INFO 12556 --- [    Test worker] c.c.c.c.ConsultaControladorClientTest    : No active profile set, falling back to 1 default profile: "default"
2022-06-15 20:02:00.906  INFO 12556 --- [    Test worker] com.zaxxer.hikari.HikariDataSource       : pool - Starting...
2022-06-15 20:02:00.956  INFO 12556 --- [    Test worker] com.zaxxer.hikari.HikariDataSource       : pool - Start completed.
2022-06-15 20:02:01.244  INFO 12556 --- [    Test worker] o.s.j.d.e.EmbeddedDatabaseFactory        : Starting embedded database: url='jdbc:h2:mem:testdb;DB_CLOSE_DELAY=-1;DB_CLOSE_ON_EXIT=false', username='sa'
2022-06-15 20:02:01.264  INFO 12556 --- [    Test worker] o.f.c.i.database.base.DatabaseType       : Database: jdbc:h2:mem:testdb (H2 1.4)
2022-06-15 20:02:01.295  INFO 12556 --- [    Test worker] o.f.core.internal.command.DbValidate     : Successfully validated 2 migrations (execution time 00:00.007s)
2022-06-15 20:02:01.309  INFO 12556 --- [    Test worker] o.f.c.i.s.JdbcTableSchemaHistory         : Creating Schema History table "PUBLIC"."flyway_schema_history" ...
2022-06-15 20:02:01.339  INFO 12556 --- [    Test worker] o.f.core.internal.command.DbMigrate      : Current version of schema "PUBLIC": << Empty Schema >>
2022-06-15 20:02:01.346  INFO 12556 --- [    Test worker] o.f.core.internal.command.DbMigrate      : Migrating schema "PUBLIC" to version 1.0 - schema
2022-06-15 20:02:01.389  INFO 12556 --- [    Test worker] o.f.core.internal.command.DbMigrate      : Migrating schema "PUBLIC" to version 1.1 - data
2022-06-15 20:02:01.435  INFO 12556 --- [    Test worker] o.f.core.internal.command.DbMigrate      : Successfully applied 2 migrations to schema "PUBLIC" (execution time 00:00.100s)
2022-06-15 20:02:03.246  INFO 12556 --- [    Test worker] o.s.b.t.m.w.SpringBootMockServletContext : Initializing Spring TestDispatcherServlet ''
2022-06-15 20:02:03.246  INFO 12556 --- [    Test worker] o.s.t.web.servlet.TestDispatcherServlet  : Initializing Servlet ''
2022-06-15 20:02:03.254  INFO 12556 --- [    Test worker] o.s.t.web.servlet.TestDispatcherServlet  : Completed initialization in 0 ms
2022-06-15 20:02:03.276  INFO 12556 --- [    Test worker] c.c.c.c.ConsultaControladorClientTest    : Started ConsultaControladorClientTest in 2.949 seconds (JVM running for 34.309)
2022-06-15 20:02:03.337  INFO 12556 --- [    Test worker] o.s.j.d.e.EmbeddedDatabaseFactory        : Shutting down embedded database: url='jdbc:h2:mem:testdb;DB_CLOSE_DELAY=-1;DB_CLOSE_ON_EXIT=false'
2022-06-15 20:02:03.556  INFO 12556 --- [    Test worker] com.zaxxer.hikari.HikariDataSource       : pool - Shutdown initiated...
2022-06-15 20:02:03.556  INFO 12556 --- [    Test worker] com.zaxxer.hikari.HikariDataSource       : pool - Shutdown completed.

  .   ____          _            __ _ _
 /\\ / ___'_ __ _ _(_)_ __  __ _ \ \ \ \
( ( )\___ | '_ | '_| | '_ \/ _` | \ \ \ \
 \\/  ___)| |_)| | | | | || (_| |  ) ) ) )
  '  |____| .__|_| |_|_| |_\__, | / / / /
 =========|_|==============|___/=/_/_/_/
 :: Spring Boot ::                (v2.6.7)

2022-06-15 20:02:03.638  INFO 12556 --- [    Test worker] c.c.c.c.ConsultaControladorClientTest    : Starting ConsultaControladorClientTest using Java 13.0.2 on DESKTOP-SJD26V0 with PID 12556 (started by MILTON-PC in C:\DEV_MODE\WORSPACES\INTELLIJ_WORKSPACE\java-arquitectura-hexagonal\microservicio\infraestructura)
2022-06-15 20:02:03.638  INFO 12556 --- [    Test worker] c.c.c.c.ConsultaControladorClientTest    : No active profile set, falling back to 1 default profile: "default"
2022-06-15 20:02:04.015  INFO 12556 --- [    Test worker] com.zaxxer.hikari.HikariDataSource       : pool - Starting...
2022-06-15 20:02:04.024  INFO 12556 --- [    Test worker] com.zaxxer.hikari.HikariDataSource       : pool - Start completed.
2022-06-15 20:02:04.195  INFO 12556 --- [    Test worker] o.s.j.d.e.EmbeddedDatabaseFactory        : Starting embedded database: url='jdbc:h2:mem:testdb;DB_CLOSE_DELAY=-1;DB_CLOSE_ON_EXIT=false', username='sa'
2022-06-15 20:02:04.214  INFO 12556 --- [    Test worker] o.f.c.i.database.base.DatabaseType       : Database: jdbc:h2:mem:testdb (H2 1.4)
2022-06-15 20:02:04.226  INFO 12556 --- [    Test worker] o.f.core.internal.command.DbValidate     : Successfully validated 2 migrations (execution time 00:00.007s)
2022-06-15 20:02:04.234  INFO 12556 --- [    Test worker] o.f.c.i.s.JdbcTableSchemaHistory         : Creating Schema History table "PUBLIC"."flyway_schema_history" ...
2022-06-15 20:02:04.259  INFO 12556 --- [    Test worker] o.f.core.internal.command.DbMigrate      : Current version of schema "PUBLIC": << Empty Schema >>
2022-06-15 20:02:04.265  INFO 12556 --- [    Test worker] o.f.core.internal.command.DbMigrate      : Migrating schema "PUBLIC" to version 1.0 - schema
2022-06-15 20:02:04.297  INFO 12556 --- [    Test worker] o.f.core.internal.command.DbMigrate      : Migrating schema "PUBLIC" to version 1.1 - data
2022-06-15 20:02:04.324  INFO 12556 --- [    Test worker] o.f.core.internal.command.DbMigrate      : Successfully applied 2 migrations to schema "PUBLIC" (execution time 00:00.071s)
2022-06-15 20:02:05.604  INFO 12556 --- [    Test worker] o.s.b.t.m.w.SpringBootMockServletContext : Initializing Spring TestDispatcherServlet ''
2022-06-15 20:02:05.604  INFO 12556 --- [    Test worker] o.s.t.web.servlet.TestDispatcherServlet  : Initializing Servlet ''
2022-06-15 20:02:05.604  INFO 12556 --- [    Test worker] o.s.t.web.servlet.TestDispatcherServlet  : Completed initialization in 0 ms
2022-06-15 20:02:05.629  INFO 12556 --- [    Test worker] c.c.c.c.ConsultaControladorClientTest    : Started ConsultaControladorClientTest in 2.065 seconds (JVM running for 36.657)
2022-06-15 20:02:05.674  INFO 12556 --- [    Test worker] o.s.j.d.e.EmbeddedDatabaseFactory        : Shutting down embedded database: url='jdbc:h2:mem:testdb;DB_CLOSE_DELAY=-1;DB_CLOSE_ON_EXIT=false'
2022-06-15 20:02:05.884  INFO 12556 --- [    Test worker] com.zaxxer.hikari.HikariDataSource       : pool - Shutdown initiated...
2022-06-15 20:02:05.884  INFO 12556 --- [    Test worker] com.zaxxer.hikari.HikariDataSource       : pool - Shutdown completed.

  .   ____          _            __ _ _
 /\\ / ___'_ __ _ _(_)_ __  __ _ \ \ \ \
( ( )\___ | '_ | '_| | '_ \/ _` | \ \ \ \
 \\/  ___)| |_)| | | | | || (_| |  ) ) ) )
  '  |____| .__|_| |_|_| |_\__, | / / / /
 =========|_|==============|___/=/_/_/_/
 :: Spring Boot ::                (v2.6.7)

2022-06-15 20:02:05.946  INFO 12556 --- [    Test worker] c.c.c.c.ConsultaControladorClientTest    : Starting ConsultaControladorClientTest using Java 13.0.2 on DESKTOP-SJD26V0 with PID 12556 (started by MILTON-PC in C:\DEV_MODE\WORSPACES\INTELLIJ_WORKSPACE\java-arquitectura-hexagonal\microservicio\infraestructura)
2022-06-15 20:02:05.946  INFO 12556 --- [    Test worker] c.c.c.c.ConsultaControladorClientTest    : No active profile set, falling back to 1 default profile: "default"
2022-06-15 20:02:06.266  INFO 12556 --- [    Test worker] com.zaxxer.hikari.HikariDataSource       : pool - Starting...
2022-06-15 20:02:06.274  INFO 12556 --- [    Test worker] com.zaxxer.hikari.HikariDataSource       : pool - Start completed.
2022-06-15 20:02:06.474  INFO 12556 --- [    Test worker] o.s.j.d.e.EmbeddedDatabaseFactory        : Starting embedded database: url='jdbc:h2:mem:testdb;DB_CLOSE_DELAY=-1;DB_CLOSE_ON_EXIT=false', username='sa'
2022-06-15 20:02:06.489  INFO 12556 --- [    Test worker] o.f.c.i.database.base.DatabaseType       : Database: jdbc:h2:mem:testdb (H2 1.4)
2022-06-15 20:02:06.500  INFO 12556 --- [    Test worker] o.f.core.internal.command.DbValidate     : Successfully validated 2 migrations (execution time 00:00.006s)
2022-06-15 20:02:06.506  INFO 12556 --- [    Test worker] o.f.c.i.s.JdbcTableSchemaHistory         : Creating Schema History table "PUBLIC"."flyway_schema_history" ...
2022-06-15 20:02:06.515  INFO 12556 --- [    Test worker] o.f.core.internal.command.DbMigrate      : Current version of schema "PUBLIC": << Empty Schema >>
2022-06-15 20:02:06.525  INFO 12556 --- [    Test worker] o.f.core.internal.command.DbMigrate      : Migrating schema "PUBLIC" to version 1.0 - schema
2022-06-15 20:02:06.566  INFO 12556 --- [    Test worker] o.f.core.internal.command.DbMigrate      : Migrating schema "PUBLIC" to version 1.1 - data
2022-06-15 20:02:06.588  INFO 12556 --- [    Test worker] o.f.core.internal.command.DbMigrate      : Successfully applied 2 migrations to schema "PUBLIC" (execution time 00:00.071s)
2022-06-15 20:02:07.559  INFO 12556 --- [    Test worker] o.s.b.t.m.w.SpringBootMockServletContext : Initializing Spring TestDispatcherServlet ''
2022-06-15 20:02:07.559  INFO 12556 --- [    Test worker] o.s.t.web.servlet.TestDispatcherServlet  : Initializing Servlet ''
2022-06-15 20:02:07.559  INFO 12556 --- [    Test worker] o.s.t.web.servlet.TestDispatcherServlet  : Completed initialization in 0 ms
2022-06-15 20:02:07.588  INFO 12556 --- [    Test worker] c.c.c.c.ConsultaControladorClientTest    : Started ConsultaControladorClientTest in 1.699 seconds (JVM running for 38.617)
2022-06-15 20:02:07.615  INFO 12556 --- [    Test worker] o.s.j.d.e.EmbeddedDatabaseFactory        : Shutting down embedded database: url='jdbc:h2:mem:testdb;DB_CLOSE_DELAY=-1;DB_CLOSE_ON_EXIT=false'
2022-06-15 20:02:07.833  INFO 12556 --- [    Test worker] com.zaxxer.hikari.HikariDataSource       : pool - Shutdown initiated...
2022-06-15 20:02:07.834  INFO 12556 --- [    Test worker] com.zaxxer.hikari.HikariDataSource       : pool - Shutdown completed.
]]></system-out>
  <system-err><![CDATA[]]></system-err>
</testsuite>
