<?xml version="1.0" encoding="UTF-8"?>
<testsuite name="com.ceiba.tarifa.controlador.ConsultaControladorTarifaTest" tests="2" skipped="0" failures="0" errors="0" timestamp="2022-06-29T20:45:59" hostname="DESKTOP-SJD26V0" time="1.796">
  <properties/>
  <testcase name="consultarPorId()" classname="com.ceiba.tarifa.controlador.ConsultaControladorTarifaTest" time="0.245"/>
  <testcase name="consultarPorCodigo()" classname="com.ceiba.tarifa.controlador.ConsultaControladorTarifaTest" time="0.239"/>
  <system-out><![CDATA[2022-06-29 15:45:58.371  INFO 2572 --- [    Test worker] o.s.t.c.support.AbstractContextLoader    : Could not detect default resource locations for test class [com.ceiba.tarifa.controlador.ConsultaControladorTarifaTest]: no resource found for suffixes {-context.xml, Context.groovy}.
2022-06-29 15:45:58.387  INFO 2572 --- [    Test worker] .b.t.a.w.s.WebMvcTestContextBootstrapper : Loaded default TestExecutionListener class names from location [META-INF/spring.factories]: [org.springframework.boot.test.autoconfigure.restdocs.RestDocsTestExecutionListener, org.springframework.boot.test.autoconfigure.web.client.MockRestServiceServerResetTestExecutionListener, org.springframework.boot.test.autoconfigure.web.servlet.MockMvcPrintOnlyOnFailureTestExecutionListener, org.springframework.boot.test.autoconfigure.web.servlet.WebDriverTestExecutionListener, org.springframework.boot.test.autoconfigure.webservices.client.MockWebServiceServerTestExecutionListener, org.springframework.boot.test.mock.mockito.MockitoTestExecutionListener, org.springframework.boot.test.mock.mockito.ResetMocksTestExecutionListener, org.springframework.test.context.web.ServletTestExecutionListener, org.springframework.test.context.support.DirtiesContextBeforeModesTestExecutionListener, org.springframework.test.context.event.ApplicationEventsTestExecutionListener, org.springframework.test.context.support.DependencyInjectionTestExecutionListener, org.springframework.test.context.support.DirtiesContextTestExecutionListener, org.springframework.test.context.transaction.TransactionalTestExecutionListener, org.springframework.test.context.jdbc.SqlScriptsTestExecutionListener, org.springframework.test.context.event.EventPublishingTestExecutionListener]
2022-06-29 15:45:58.387  INFO 2572 --- [    Test worker] .b.t.a.w.s.WebMvcTestContextBootstrapper : Using TestExecutionListeners: [org.springframework.test.context.web.ServletTestExecutionListener@185db22c, org.springframework.test.context.support.DirtiesContextBeforeModesTestExecutionListener@19bc42ea, org.springframework.test.context.event.ApplicationEventsTestExecutionListener@33176d2e, org.springframework.boot.test.mock.mockito.MockitoTestExecutionListener@4ac9dc56, org.springframework.boot.test.autoconfigure.SpringBootDependencyInjectionTestExecutionListener@3ff0cbf1, org.springframework.test.context.support.DirtiesContextTestExecutionListener@44a065f7, org.springframework.test.context.transaction.TransactionalTestExecutionListener@4c560e50, org.springframework.test.context.jdbc.SqlScriptsTestExecutionListener@487950e0, org.springframework.test.context.event.EventPublishingTestExecutionListener@71efa55d, org.springframework.boot.test.autoconfigure.restdocs.RestDocsTestExecutionListener@3627e94a, org.springframework.boot.test.autoconfigure.web.client.MockRestServiceServerResetTestExecutionListener@4a7f5550, org.springframework.boot.test.autoconfigure.web.servlet.MockMvcPrintOnlyOnFailureTestExecutionListener@4883e2af, org.springframework.boot.test.autoconfigure.web.servlet.WebDriverTestExecutionListener@44ca73af, org.springframework.boot.test.autoconfigure.webservices.client.MockWebServiceServerTestExecutionListener@4d2eafc5, org.springframework.boot.test.mock.mockito.ResetMocksTestExecutionListener@7dcbb6e5]

  .   ____          _            __ _ _
 /\\ / ___'_ __ _ _(_)_ __  __ _ \ \ \ \
( ( )\___ | '_ | '_| | '_ \/ _` | \ \ \ \
 \\/  ___)| |_)| | | | | || (_| |  ) ) ) )
  '  |____| .__|_| |_|_| |_\__, | / / / /
 =========|_|==============|___/=/_/_/_/
 :: Spring Boot ::                (v2.6.7)

2022-06-29 15:45:58.437  INFO 2572 --- [    Test worker] c.c.t.c.ConsultaControladorTarifaTest    : Starting ConsultaControladorTarifaTest using Java 17.0.3 on DESKTOP-SJD26V0 with PID 2572 (started by MILTON-PC in C:\DEV_MODE\WORSPACES\INTELLIJ_WORKSPACE\java-arquitectura-hexagonal\microservicio\infraestructura)
2022-06-29 15:45:58.437  INFO 2572 --- [    Test worker] c.c.t.c.ConsultaControladorTarifaTest    : No active profile set, falling back to 1 default profile: "default"
2022-06-29 15:45:58.661  INFO 2572 --- [    Test worker] com.zaxxer.hikari.HikariDataSource       : pool - Starting...
2022-06-29 15:45:58.667  INFO 2572 --- [    Test worker] com.zaxxer.hikari.HikariDataSource       : pool - Start completed.
2022-06-29 15:45:58.858  INFO 2572 --- [    Test worker] o.s.j.d.e.EmbeddedDatabaseFactory        : Starting embedded database: url='jdbc:h2:mem:testdb;DB_CLOSE_DELAY=-1;DB_CLOSE_ON_EXIT=false', username='sa'
2022-06-29 15:45:58.871  INFO 2572 --- [    Test worker] o.f.c.i.database.base.DatabaseType       : Database: jdbc:h2:mem:testdb (H2 1.4)
2022-06-29 15:45:58.881  INFO 2572 --- [    Test worker] o.f.core.internal.command.DbValidate     : Successfully validated 2 migrations (execution time 00:00.004s)
2022-06-29 15:45:58.888  INFO 2572 --- [    Test worker] o.f.c.i.s.JdbcTableSchemaHistory         : Creating Schema History table "PUBLIC"."flyway_schema_history" ...
2022-06-29 15:45:58.901  INFO 2572 --- [    Test worker] o.f.core.internal.command.DbMigrate      : Current version of schema "PUBLIC": << Empty Schema >>
2022-06-29 15:45:58.908  INFO 2572 --- [    Test worker] o.f.core.internal.command.DbMigrate      : Migrating schema "PUBLIC" to version 1.0 - schema
2022-06-29 15:45:58.946  INFO 2572 --- [    Test worker] o.f.core.internal.command.DbMigrate      : Migrating schema "PUBLIC" to version 1.1 - data
2022-06-29 15:45:58.976  INFO 2572 --- [    Test worker] o.f.core.internal.command.DbMigrate      : Successfully applied 2 migrations to schema "PUBLIC" (execution time 00:00.075s)
2022-06-29 15:45:59.766  INFO 2572 --- [    Test worker] o.s.b.t.m.w.SpringBootMockServletContext : Initializing Spring TestDispatcherServlet ''
2022-06-29 15:45:59.767  INFO 2572 --- [    Test worker] o.s.t.web.servlet.TestDispatcherServlet  : Initializing Servlet ''
2022-06-29 15:45:59.768  INFO 2572 --- [    Test worker] o.s.t.web.servlet.TestDispatcherServlet  : Completed initialization in 1 ms
2022-06-29 15:45:59.788  INFO 2572 --- [    Test worker] c.c.t.c.ConsultaControladorTarifaTest    : Started ConsultaControladorTarifaTest in 1.398 seconds (JVM running for 46.031)
2022-06-29 15:45:59.811  INFO 2572 --- [    Test worker] o.s.j.d.e.EmbeddedDatabaseFactory        : Shutting down embedded database: url='jdbc:h2:mem:testdb;DB_CLOSE_DELAY=-1;DB_CLOSE_ON_EXIT=false'
2022-06-29 15:46:00.037  INFO 2572 --- [    Test worker] com.zaxxer.hikari.HikariDataSource       : pool - Shutdown initiated...
2022-06-29 15:46:00.037  INFO 2572 --- [    Test worker] com.zaxxer.hikari.HikariDataSource       : pool - Shutdown completed.

  .   ____          _            __ _ _
 /\\ / ___'_ __ _ _(_)_ __  __ _ \ \ \ \
( ( )\___ | '_ | '_| | '_ \/ _` | \ \ \ \
 \\/  ___)| |_)| | | | | || (_| |  ) ) ) )
  '  |____| .__|_| |_|_| |_\__, | / / / /
 =========|_|==============|___/=/_/_/_/
 :: Spring Boot ::                (v2.6.7)

2022-06-29 15:46:00.088  INFO 2572 --- [    Test worker] c.c.t.c.ConsultaControladorTarifaTest    : Starting ConsultaControladorTarifaTest using Java 17.0.3 on DESKTOP-SJD26V0 with PID 2572 (started by MILTON-PC in C:\DEV_MODE\WORSPACES\INTELLIJ_WORKSPACE\java-arquitectura-hexagonal\microservicio\infraestructura)
2022-06-29 15:46:00.088  INFO 2572 --- [    Test worker] c.c.t.c.ConsultaControladorTarifaTest    : No active profile set, falling back to 1 default profile: "default"
2022-06-29 15:46:00.298  INFO 2572 --- [    Test worker] com.zaxxer.hikari.HikariDataSource       : pool - Starting...
2022-06-29 15:46:00.298  INFO 2572 --- [    Test worker] com.zaxxer.hikari.HikariDataSource       : pool - Start completed.
2022-06-29 15:46:00.457  INFO 2572 --- [    Test worker] o.s.j.d.e.EmbeddedDatabaseFactory        : Starting embedded database: url='jdbc:h2:mem:testdb;DB_CLOSE_DELAY=-1;DB_CLOSE_ON_EXIT=false', username='sa'
2022-06-29 15:46:00.468  INFO 2572 --- [    Test worker] o.f.c.i.database.base.DatabaseType       : Database: jdbc:h2:mem:testdb (H2 1.4)
2022-06-29 15:46:00.476  INFO 2572 --- [    Test worker] o.f.core.internal.command.DbValidate     : Successfully validated 2 migrations (execution time 00:00.003s)
2022-06-29 15:46:00.478  INFO 2572 --- [    Test worker] o.f.c.i.s.JdbcTableSchemaHistory         : Creating Schema History table "PUBLIC"."flyway_schema_history" ...
2022-06-29 15:46:00.488  INFO 2572 --- [    Test worker] o.f.core.internal.command.DbMigrate      : Current version of schema "PUBLIC": << Empty Schema >>
2022-06-29 15:46:00.496  INFO 2572 --- [    Test worker] o.f.core.internal.command.DbMigrate      : Migrating schema "PUBLIC" to version 1.0 - schema
2022-06-29 15:46:00.531  INFO 2572 --- [    Test worker] o.f.core.internal.command.DbMigrate      : Migrating schema "PUBLIC" to version 1.1 - data
2022-06-29 15:46:00.558  INFO 2572 --- [    Test worker] o.f.core.internal.command.DbMigrate      : Successfully applied 2 migrations to schema "PUBLIC" (execution time 00:00.066s)
2022-06-29 15:46:01.327  INFO 2572 --- [    Test worker] o.s.b.t.m.w.SpringBootMockServletContext : Initializing Spring TestDispatcherServlet ''
2022-06-29 15:46:01.327  INFO 2572 --- [    Test worker] o.s.t.web.servlet.TestDispatcherServlet  : Initializing Servlet ''
2022-06-29 15:46:01.327  INFO 2572 --- [    Test worker] o.s.t.web.servlet.TestDispatcherServlet  : Completed initialization in 0 ms
2022-06-29 15:46:01.337  INFO 2572 --- [    Test worker] c.c.t.c.ConsultaControladorTarifaTest    : Started ConsultaControladorTarifaTest in 1.301 seconds (JVM running for 47.586)
2022-06-29 15:46:01.368  INFO 2572 --- [    Test worker] o.s.j.d.e.EmbeddedDatabaseFactory        : Shutting down embedded database: url='jdbc:h2:mem:testdb;DB_CLOSE_DELAY=-1;DB_CLOSE_ON_EXIT=false'
2022-06-29 15:46:01.587  INFO 2572 --- [    Test worker] com.zaxxer.hikari.HikariDataSource       : pool - Shutdown initiated...
2022-06-29 15:46:01.587  INFO 2572 --- [    Test worker] com.zaxxer.hikari.HikariDataSource       : pool - Shutdown completed.
]]></system-out>
  <system-err><![CDATA[]]></system-err>
</testsuite>
