<?xml version="1.0" encoding="UTF-8"?>
<testsuite name="com.ceiba.cita.controlador.ConsultaControladorCitaTest" tests="2" skipped="0" failures="0" errors="0" timestamp="2022-06-29T20:36:59" hostname="DESKTOP-SJD26V0" time="2.849">
  <properties/>
  <testcase name="obtenerPorId()" classname="com.ceiba.cita.controlador.ConsultaControladorCitaTest" time="0.392"/>
  <testcase name="obtenerTodasActivas()" classname="com.ceiba.cita.controlador.ConsultaControladorCitaTest" time="0.257"/>
  <system-out><![CDATA[2022-06-29 15:36:56.622  INFO 9144 --- [    Test worker] o.s.t.c.support.AbstractContextLoader    : Could not detect default resource locations for test class [com.ceiba.cita.controlador.ConsultaControladorCitaTest]: no resource found for suffixes {-context.xml, Context.groovy}.
2022-06-29 15:36:56.636  INFO 9144 --- [    Test worker] .b.t.a.w.s.WebMvcTestContextBootstrapper : Loaded default TestExecutionListener class names from location [META-INF/spring.factories]: [org.springframework.boot.test.autoconfigure.restdocs.RestDocsTestExecutionListener, org.springframework.boot.test.autoconfigure.web.client.MockRestServiceServerResetTestExecutionListener, org.springframework.boot.test.autoconfigure.web.servlet.MockMvcPrintOnlyOnFailureTestExecutionListener, org.springframework.boot.test.autoconfigure.web.servlet.WebDriverTestExecutionListener, org.springframework.boot.test.autoconfigure.webservices.client.MockWebServiceServerTestExecutionListener, org.springframework.boot.test.mock.mockito.MockitoTestExecutionListener, org.springframework.boot.test.mock.mockito.ResetMocksTestExecutionListener, org.springframework.test.context.web.ServletTestExecutionListener, org.springframework.test.context.support.DirtiesContextBeforeModesTestExecutionListener, org.springframework.test.context.event.ApplicationEventsTestExecutionListener, org.springframework.test.context.support.DependencyInjectionTestExecutionListener, org.springframework.test.context.support.DirtiesContextTestExecutionListener, org.springframework.test.context.transaction.TransactionalTestExecutionListener, org.springframework.test.context.jdbc.SqlScriptsTestExecutionListener, org.springframework.test.context.event.EventPublishingTestExecutionListener]
2022-06-29 15:36:56.636  INFO 9144 --- [    Test worker] .b.t.a.w.s.WebMvcTestContextBootstrapper : Using TestExecutionListeners: [org.springframework.test.context.web.ServletTestExecutionListener@59f7a495, org.springframework.test.context.support.DirtiesContextBeforeModesTestExecutionListener@164500f9, org.springframework.test.context.event.ApplicationEventsTestExecutionListener@7060b10e, org.springframework.boot.test.mock.mockito.MockitoTestExecutionListener@565e7091, org.springframework.boot.test.autoconfigure.SpringBootDependencyInjectionTestExecutionListener@3269a5c3, org.springframework.test.context.support.DirtiesContextTestExecutionListener@c1539bf, org.springframework.test.context.transaction.TransactionalTestExecutionListener@790801f2, org.springframework.test.context.jdbc.SqlScriptsTestExecutionListener@5c772cba, org.springframework.test.context.event.EventPublishingTestExecutionListener@23cfcd4a, org.springframework.boot.test.autoconfigure.restdocs.RestDocsTestExecutionListener@632d04d, org.springframework.boot.test.autoconfigure.web.client.MockRestServiceServerResetTestExecutionListener@3f0c46e8, org.springframework.boot.test.autoconfigure.web.servlet.MockMvcPrintOnlyOnFailureTestExecutionListener@5a7baf4f, org.springframework.boot.test.autoconfigure.web.servlet.WebDriverTestExecutionListener@7839cd7, org.springframework.boot.test.autoconfigure.webservices.client.MockWebServiceServerTestExecutionListener@17a394d2, org.springframework.boot.test.mock.mockito.ResetMocksTestExecutionListener@4ac5bbc8]

  .   ____          _            __ _ _
 /\\ / ___'_ __ _ _(_)_ __  __ _ \ \ \ \
( ( )\___ | '_ | '_| | '_ \/ _` | \ \ \ \
 \\/  ___)| |_)| | | | | || (_| |  ) ) ) )
  '  |____| .__|_| |_|_| |_\__, | / / / /
 =========|_|==============|___/=/_/_/_/
 :: Spring Boot ::                (v2.6.7)

2022-06-29 15:36:56.743  INFO 9144 --- [    Test worker] c.c.c.c.ConsultaControladorCitaTest      : Starting ConsultaControladorCitaTest using Java 17.0.3 on DESKTOP-SJD26V0 with PID 9144 (started by MILTON-PC in C:\DEV_MODE\WORSPACES\INTELLIJ_WORKSPACE\java-arquitectura-hexagonal\microservicio\infraestructura)
2022-06-29 15:36:56.743  INFO 9144 --- [    Test worker] c.c.c.c.ConsultaControladorCitaTest      : No active profile set, falling back to 1 default profile: "default"
2022-06-29 15:36:57.147  INFO 9144 --- [    Test worker] com.zaxxer.hikari.HikariDataSource       : pool - Starting...
2022-06-29 15:36:57.150  INFO 9144 --- [    Test worker] com.zaxxer.hikari.HikariDataSource       : pool - Start completed.
2022-06-29 15:36:57.450  INFO 9144 --- [    Test worker] o.s.j.d.e.EmbeddedDatabaseFactory        : Starting embedded database: url='jdbc:h2:mem:testdb;DB_CLOSE_DELAY=-1;DB_CLOSE_ON_EXIT=false', username='sa'
2022-06-29 15:36:57.464  INFO 9144 --- [    Test worker] o.f.c.i.database.base.DatabaseType       : Database: jdbc:h2:mem:testdb (H2 1.4)
2022-06-29 15:36:57.484  INFO 9144 --- [    Test worker] o.f.core.internal.command.DbValidate     : Successfully validated 2 migrations (execution time 00:00.009s)
2022-06-29 15:36:57.491  INFO 9144 --- [    Test worker] o.f.c.i.s.JdbcTableSchemaHistory         : Creating Schema History table "PUBLIC"."flyway_schema_history" ...
2022-06-29 15:36:57.524  INFO 9144 --- [    Test worker] o.f.core.internal.command.DbMigrate      : Current version of schema "PUBLIC": << Empty Schema >>
2022-06-29 15:36:57.538  INFO 9144 --- [    Test worker] o.f.core.internal.command.DbMigrate      : Migrating schema "PUBLIC" to version 1.0 - schema
2022-06-29 15:36:57.608  INFO 9144 --- [    Test worker] o.f.core.internal.command.DbMigrate      : Migrating schema "PUBLIC" to version 1.1 - data
2022-06-29 15:36:57.650  INFO 9144 --- [    Test worker] o.f.core.internal.command.DbMigrate      : Successfully applied 2 migrations to schema "PUBLIC" (execution time 00:00.140s)
2022-06-29 15:36:58.978  INFO 9144 --- [    Test worker] o.s.b.t.m.w.SpringBootMockServletContext : Initializing Spring TestDispatcherServlet ''
2022-06-29 15:36:58.978  INFO 9144 --- [    Test worker] o.s.t.web.servlet.TestDispatcherServlet  : Initializing Servlet ''
2022-06-29 15:36:58.978  INFO 9144 --- [    Test worker] o.s.t.web.servlet.TestDispatcherServlet  : Completed initialization in 0 ms
2022-06-29 15:36:59.018  INFO 9144 --- [    Test worker] c.c.c.c.ConsultaControladorCitaTest      : Started ConsultaControladorCitaTest in 2.37 seconds (JVM running for 22.967)
2022-06-29 15:36:59.208  INFO 9144 --- [    Test worker] o.s.j.d.e.EmbeddedDatabaseFactory        : Shutting down embedded database: url='jdbc:h2:mem:testdb;DB_CLOSE_DELAY=-1;DB_CLOSE_ON_EXIT=false'
2022-06-29 15:36:59.418  INFO 9144 --- [    Test worker] com.zaxxer.hikari.HikariDataSource       : pool - Shutdown initiated...
2022-06-29 15:36:59.418  INFO 9144 --- [    Test worker] com.zaxxer.hikari.HikariDataSource       : pool - Shutdown completed.

  .   ____          _            __ _ _
 /\\ / ___'_ __ _ _(_)_ __  __ _ \ \ \ \
( ( )\___ | '_ | '_| | '_ \/ _` | \ \ \ \
 \\/  ___)| |_)| | | | | || (_| |  ) ) ) )
  '  |____| .__|_| |_|_| |_\__, | / / / /
 =========|_|==============|___/=/_/_/_/
 :: Spring Boot ::                (v2.6.7)

2022-06-29 15:36:59.497  INFO 9144 --- [    Test worker] c.c.c.c.ConsultaControladorCitaTest      : Starting ConsultaControladorCitaTest using Java 17.0.3 on DESKTOP-SJD26V0 with PID 9144 (started by MILTON-PC in C:\DEV_MODE\WORSPACES\INTELLIJ_WORKSPACE\java-arquitectura-hexagonal\microservicio\infraestructura)
2022-06-29 15:36:59.497  INFO 9144 --- [    Test worker] c.c.c.c.ConsultaControladorCitaTest      : No active profile set, falling back to 1 default profile: "default"
2022-06-29 15:36:59.867  INFO 9144 --- [    Test worker] com.zaxxer.hikari.HikariDataSource       : pool - Starting...
2022-06-29 15:36:59.874  INFO 9144 --- [    Test worker] com.zaxxer.hikari.HikariDataSource       : pool - Start completed.
2022-06-29 15:37:00.151  INFO 9144 --- [    Test worker] o.s.j.d.e.EmbeddedDatabaseFactory        : Starting embedded database: url='jdbc:h2:mem:testdb;DB_CLOSE_DELAY=-1;DB_CLOSE_ON_EXIT=false', username='sa'
2022-06-29 15:37:00.158  INFO 9144 --- [    Test worker] o.f.c.i.database.base.DatabaseType       : Database: jdbc:h2:mem:testdb (H2 1.4)
2022-06-29 15:37:00.178  INFO 9144 --- [    Test worker] o.f.core.internal.command.DbValidate     : Successfully validated 2 migrations (execution time 00:00.008s)
2022-06-29 15:37:00.187  INFO 9144 --- [    Test worker] o.f.c.i.s.JdbcTableSchemaHistory         : Creating Schema History table "PUBLIC"."flyway_schema_history" ...
2022-06-29 15:37:00.208  INFO 9144 --- [    Test worker] o.f.core.internal.command.DbMigrate      : Current version of schema "PUBLIC": << Empty Schema >>
2022-06-29 15:37:00.226  INFO 9144 --- [    Test worker] o.f.core.internal.command.DbMigrate      : Migrating schema "PUBLIC" to version 1.0 - schema
2022-06-29 15:37:00.278  INFO 9144 --- [    Test worker] o.f.core.internal.command.DbMigrate      : Migrating schema "PUBLIC" to version 1.1 - data
2022-06-29 15:37:00.318  INFO 9144 --- [    Test worker] o.f.core.internal.command.DbMigrate      : Successfully applied 2 migrations to schema "PUBLIC" (execution time 00:00.117s)
2022-06-29 15:37:01.582  INFO 9144 --- [    Test worker] o.s.b.t.m.w.SpringBootMockServletContext : Initializing Spring TestDispatcherServlet ''
2022-06-29 15:37:01.582  INFO 9144 --- [    Test worker] o.s.t.web.servlet.TestDispatcherServlet  : Initializing Servlet ''
2022-06-29 15:37:01.587  INFO 9144 --- [    Test worker] o.s.t.web.servlet.TestDispatcherServlet  : Completed initialization in 5 ms
2022-06-29 15:37:01.616  INFO 9144 --- [    Test worker] c.c.c.c.ConsultaControladorCitaTest      : Started ConsultaControladorCitaTest in 2.189 seconds (JVM running for 25.563)
2022-06-29 15:37:01.666  INFO 9144 --- [    Test worker] o.s.j.d.e.EmbeddedDatabaseFactory        : Shutting down embedded database: url='jdbc:h2:mem:testdb;DB_CLOSE_DELAY=-1;DB_CLOSE_ON_EXIT=false'
2022-06-29 15:37:01.877  INFO 9144 --- [    Test worker] com.zaxxer.hikari.HikariDataSource       : pool - Shutdown initiated...
2022-06-29 15:37:01.878  INFO 9144 --- [    Test worker] com.zaxxer.hikari.HikariDataSource       : pool - Shutdown completed.
]]></system-out>
  <system-err><![CDATA[]]></system-err>
</testsuite>
