<?xml version="1.0" encoding="UTF-8"?>
<testsuite name="com.ceiba.cita.controlador.ConsultaControladorCitaTest" tests="2" skipped="0" failures="0" errors="0" timestamp="2022-06-29T20:20:42" hostname="DESKTOP-SJD26V0" time="3.482">
  <properties/>
  <testcase name="obtenerPorId()" classname="com.ceiba.cita.controlador.ConsultaControladorCitaTest" time="0.368"/>
  <testcase name="obtenerTodasActivas()" classname="com.ceiba.cita.controlador.ConsultaControladorCitaTest" time="0.291"/>
  <system-out><![CDATA[2022-06-29 15:20:39.107  INFO 9804 --- [    Test worker] o.s.t.c.support.AbstractContextLoader    : Could not detect default resource locations for test class [com.ceiba.cita.controlador.ConsultaControladorCitaTest]: no resource found for suffixes {-context.xml, Context.groovy}.
2022-06-29 15:20:39.118  INFO 9804 --- [    Test worker] .b.t.a.w.s.WebMvcTestContextBootstrapper : Loaded default TestExecutionListener class names from location [META-INF/spring.factories]: [org.springframework.boot.test.autoconfigure.restdocs.RestDocsTestExecutionListener, org.springframework.boot.test.autoconfigure.web.client.MockRestServiceServerResetTestExecutionListener, org.springframework.boot.test.autoconfigure.web.servlet.MockMvcPrintOnlyOnFailureTestExecutionListener, org.springframework.boot.test.autoconfigure.web.servlet.WebDriverTestExecutionListener, org.springframework.boot.test.autoconfigure.webservices.client.MockWebServiceServerTestExecutionListener, org.springframework.boot.test.mock.mockito.MockitoTestExecutionListener, org.springframework.boot.test.mock.mockito.ResetMocksTestExecutionListener, org.springframework.test.context.web.ServletTestExecutionListener, org.springframework.test.context.support.DirtiesContextBeforeModesTestExecutionListener, org.springframework.test.context.event.ApplicationEventsTestExecutionListener, org.springframework.test.context.support.DependencyInjectionTestExecutionListener, org.springframework.test.context.support.DirtiesContextTestExecutionListener, org.springframework.test.context.transaction.TransactionalTestExecutionListener, org.springframework.test.context.jdbc.SqlScriptsTestExecutionListener, org.springframework.test.context.event.EventPublishingTestExecutionListener]
2022-06-29 15:20:39.118  INFO 9804 --- [    Test worker] .b.t.a.w.s.WebMvcTestContextBootstrapper : Using TestExecutionListeners: [org.springframework.test.context.web.ServletTestExecutionListener@7f445761, org.springframework.test.context.support.DirtiesContextBeforeModesTestExecutionListener@114b8b04, org.springframework.test.context.event.ApplicationEventsTestExecutionListener@67652cca, org.springframework.boot.test.mock.mockito.MockitoTestExecutionListener@5272b626, org.springframework.boot.test.autoconfigure.SpringBootDependencyInjectionTestExecutionListener@fd01c56, org.springframework.test.context.support.DirtiesContextTestExecutionListener@428ea503, org.springframework.test.context.transaction.TransactionalTestExecutionListener@cc3d2e4, org.springframework.test.context.jdbc.SqlScriptsTestExecutionListener@4bc796dc, org.springframework.test.context.event.EventPublishingTestExecutionListener@447a115e, org.springframework.boot.test.autoconfigure.restdocs.RestDocsTestExecutionListener@73eb026f, org.springframework.boot.test.autoconfigure.web.client.MockRestServiceServerResetTestExecutionListener@61adaa04, org.springframework.boot.test.autoconfigure.web.servlet.MockMvcPrintOnlyOnFailureTestExecutionListener@162ba19b, org.springframework.boot.test.autoconfigure.web.servlet.WebDriverTestExecutionListener@24fa2e1, org.springframework.boot.test.autoconfigure.webservices.client.MockWebServiceServerTestExecutionListener@299c20bd, org.springframework.boot.test.mock.mockito.ResetMocksTestExecutionListener@256d5200]

  .   ____          _            __ _ _
 /\\ / ___'_ __ _ _(_)_ __  __ _ \ \ \ \
( ( )\___ | '_ | '_| | '_ \/ _` | \ \ \ \
 \\/  ___)| |_)| | | | | || (_| |  ) ) ) )
  '  |____| .__|_| |_|_| |_\__, | / / / /
 =========|_|==============|___/=/_/_/_/
 :: Spring Boot ::                (v2.6.7)

2022-06-29 15:20:39.239  INFO 9804 --- [    Test worker] c.c.c.c.ConsultaControladorCitaTest      : Starting ConsultaControladorCitaTest using Java 17.0.3 on DESKTOP-SJD26V0 with PID 9804 (started by MILTON-PC in C:\DEV_MODE\WORSPACES\INTELLIJ_WORKSPACE\java-arquitectura-hexagonal\microservicio\infraestructura)
2022-06-29 15:20:39.239  INFO 9804 --- [    Test worker] c.c.c.c.ConsultaControladorCitaTest      : No active profile set, falling back to 1 default profile: "default"
2022-06-29 15:20:39.681  INFO 9804 --- [    Test worker] com.zaxxer.hikari.HikariDataSource       : pool - Starting...
2022-06-29 15:20:39.691  INFO 9804 --- [    Test worker] com.zaxxer.hikari.HikariDataSource       : pool - Start completed.
2022-06-29 15:20:40.056  INFO 9804 --- [    Test worker] o.s.j.d.e.EmbeddedDatabaseFactory        : Starting embedded database: url='jdbc:h2:mem:testdb;DB_CLOSE_DELAY=-1;DB_CLOSE_ON_EXIT=false', username='sa'
2022-06-29 15:20:40.068  INFO 9804 --- [    Test worker] o.f.c.i.database.base.DatabaseType       : Database: jdbc:h2:mem:testdb (H2 1.4)
2022-06-29 15:20:40.088  INFO 9804 --- [    Test worker] o.f.core.internal.command.DbValidate     : Successfully validated 2 migrations (execution time 00:00.013s)
2022-06-29 15:20:40.106  INFO 9804 --- [    Test worker] o.f.c.i.s.JdbcTableSchemaHistory         : Creating Schema History table "PUBLIC"."flyway_schema_history" ...
2022-06-29 15:20:40.140  INFO 9804 --- [    Test worker] o.f.core.internal.command.DbMigrate      : Current version of schema "PUBLIC": << Empty Schema >>
2022-06-29 15:20:40.158  INFO 9804 --- [    Test worker] o.f.core.internal.command.DbMigrate      : Migrating schema "PUBLIC" to version 1.0 - schema
2022-06-29 15:20:40.250  INFO 9804 --- [    Test worker] o.f.core.internal.command.DbMigrate      : Migrating schema "PUBLIC" to version 1.1 - data
2022-06-29 15:20:40.348  INFO 9804 --- [    Test worker] o.f.core.internal.command.DbMigrate      : Successfully applied 2 migrations to schema "PUBLIC" (execution time 00:00.216s)
2022-06-29 15:20:42.007  INFO 9804 --- [    Test worker] o.s.b.t.m.w.SpringBootMockServletContext : Initializing Spring TestDispatcherServlet ''
2022-06-29 15:20:42.011  INFO 9804 --- [    Test worker] o.s.t.web.servlet.TestDispatcherServlet  : Initializing Servlet ''
2022-06-29 15:20:42.011  INFO 9804 --- [    Test worker] o.s.t.web.servlet.TestDispatcherServlet  : Completed initialization in 0 ms
2022-06-29 15:20:42.047  INFO 9804 --- [    Test worker] c.c.c.c.ConsultaControladorCitaTest      : Started ConsultaControladorCitaTest in 2.917 seconds (JVM running for 32.029)
2022-06-29 15:20:42.217  INFO 9804 --- [    Test worker] o.s.j.d.e.EmbeddedDatabaseFactory        : Shutting down embedded database: url='jdbc:h2:mem:testdb;DB_CLOSE_DELAY=-1;DB_CLOSE_ON_EXIT=false'
2022-06-29 15:20:42.427  INFO 9804 --- [    Test worker] com.zaxxer.hikari.HikariDataSource       : pool - Shutdown initiated...
2022-06-29 15:20:42.427  INFO 9804 --- [    Test worker] com.zaxxer.hikari.HikariDataSource       : pool - Shutdown completed.

  .   ____          _            __ _ _
 /\\ / ___'_ __ _ _(_)_ __  __ _ \ \ \ \
( ( )\___ | '_ | '_| | '_ \/ _` | \ \ \ \
 \\/  ___)| |_)| | | | | || (_| |  ) ) ) )
  '  |____| .__|_| |_|_| |_\__, | / / / /
 =========|_|==============|___/=/_/_/_/
 :: Spring Boot ::                (v2.6.7)

2022-06-29 15:20:42.508  INFO 9804 --- [    Test worker] c.c.c.c.ConsultaControladorCitaTest      : Starting ConsultaControladorCitaTest using Java 17.0.3 on DESKTOP-SJD26V0 with PID 9804 (started by MILTON-PC in C:\DEV_MODE\WORSPACES\INTELLIJ_WORKSPACE\java-arquitectura-hexagonal\microservicio\infraestructura)
2022-06-29 15:20:42.508  INFO 9804 --- [    Test worker] c.c.c.c.ConsultaControladorCitaTest      : No active profile set, falling back to 1 default profile: "default"
2022-06-29 15:20:42.968  INFO 9804 --- [    Test worker] com.zaxxer.hikari.HikariDataSource       : pool - Starting...
2022-06-29 15:20:42.968  INFO 9804 --- [    Test worker] com.zaxxer.hikari.HikariDataSource       : pool - Start completed.
2022-06-29 15:20:43.261  INFO 9804 --- [    Test worker] o.s.j.d.e.EmbeddedDatabaseFactory        : Starting embedded database: url='jdbc:h2:mem:testdb;DB_CLOSE_DELAY=-1;DB_CLOSE_ON_EXIT=false', username='sa'
2022-06-29 15:20:43.277  INFO 9804 --- [    Test worker] o.f.c.i.database.base.DatabaseType       : Database: jdbc:h2:mem:testdb (H2 1.4)
2022-06-29 15:20:43.296  INFO 9804 --- [    Test worker] o.f.core.internal.command.DbValidate     : Successfully validated 2 migrations (execution time 00:00.006s)
2022-06-29 15:20:43.307  INFO 9804 --- [    Test worker] o.f.c.i.s.JdbcTableSchemaHistory         : Creating Schema History table "PUBLIC"."flyway_schema_history" ...
2022-06-29 15:20:43.339  INFO 9804 --- [    Test worker] o.f.core.internal.command.DbMigrate      : Current version of schema "PUBLIC": << Empty Schema >>
2022-06-29 15:20:43.361  INFO 9804 --- [    Test worker] o.f.core.internal.command.DbMigrate      : Migrating schema "PUBLIC" to version 1.0 - schema
2022-06-29 15:20:43.431  INFO 9804 --- [    Test worker] o.f.core.internal.command.DbMigrate      : Migrating schema "PUBLIC" to version 1.1 - data
2022-06-29 15:20:43.491  INFO 9804 --- [    Test worker] o.f.core.internal.command.DbMigrate      : Successfully applied 2 migrations to schema "PUBLIC" (execution time 00:00.162s)
2022-06-29 15:20:45.199  INFO 9804 --- [    Test worker] o.s.b.t.m.w.SpringBootMockServletContext : Initializing Spring TestDispatcherServlet ''
2022-06-29 15:20:45.199  INFO 9804 --- [    Test worker] o.s.t.web.servlet.TestDispatcherServlet  : Initializing Servlet ''
2022-06-29 15:20:45.201  INFO 9804 --- [    Test worker] o.s.t.web.servlet.TestDispatcherServlet  : Completed initialization in 2 ms
2022-06-29 15:20:45.240  INFO 9804 --- [    Test worker] c.c.c.c.ConsultaControladorCitaTest      : Started ConsultaControladorCitaTest in 2.807 seconds (JVM running for 35.219)
2022-06-29 15:20:45.313  INFO 9804 --- [    Test worker] o.s.j.d.e.EmbeddedDatabaseFactory        : Shutting down embedded database: url='jdbc:h2:mem:testdb;DB_CLOSE_DELAY=-1;DB_CLOSE_ON_EXIT=false'
2022-06-29 15:20:45.537  INFO 9804 --- [    Test worker] com.zaxxer.hikari.HikariDataSource       : pool - Shutdown initiated...
2022-06-29 15:20:45.537  INFO 9804 --- [    Test worker] com.zaxxer.hikari.HikariDataSource       : pool - Shutdown completed.
]]></system-out>
  <system-err><![CDATA[]]></system-err>
</testsuite>
