<?xml version="1.0" encoding="UTF-8"?>
<testsuite name="com.ceiba.client.controlador.ConsultaControladorClientTest" tests="4" skipped="0" failures="0" errors="0" timestamp="2022-06-16T01:43:50" hostname="DESKTOP-SJD26V0" time="7.331">
  <properties/>
  <testcase name="consultarPorIdentificacionPersonal()" classname="com.ceiba.client.controlador.ConsultaControladorClientTest" time="0.235"/>
  <testcase name="consultarTodosLosClientes()" classname="com.ceiba.client.controlador.ConsultaControladorClientTest" time="0.24"/>
  <testcase name="deberiaRetornarListaDeClientes()" classname="com.ceiba.client.controlador.ConsultaControladorClientTest" time="0.235"/>
  <testcase name="consultarPorId()" classname="com.ceiba.client.controlador.ConsultaControladorClientTest" time="0.243"/>
  <system-out><![CDATA[2022-06-15 20:43:48.288  INFO 9808 --- [    Test worker] o.s.t.c.support.AbstractContextLoader    : Could not detect default resource locations for test class [com.ceiba.client.controlador.ConsultaControladorClientTest]: no resource found for suffixes {-context.xml, Context.groovy}.
2022-06-15 20:43:48.306  INFO 9808 --- [    Test worker] .b.t.a.w.s.WebMvcTestContextBootstrapper : Loaded default TestExecutionListener class names from location [META-INF/spring.factories]: [org.springframework.boot.test.autoconfigure.restdocs.RestDocsTestExecutionListener, org.springframework.boot.test.autoconfigure.web.client.MockRestServiceServerResetTestExecutionListener, org.springframework.boot.test.autoconfigure.web.servlet.MockMvcPrintOnlyOnFailureTestExecutionListener, org.springframework.boot.test.autoconfigure.web.servlet.WebDriverTestExecutionListener, org.springframework.boot.test.autoconfigure.webservices.client.MockWebServiceServerTestExecutionListener, org.springframework.boot.test.mock.mockito.MockitoTestExecutionListener, org.springframework.boot.test.mock.mockito.ResetMocksTestExecutionListener, org.springframework.test.context.web.ServletTestExecutionListener, org.springframework.test.context.support.DirtiesContextBeforeModesTestExecutionListener, org.springframework.test.context.event.ApplicationEventsTestExecutionListener, org.springframework.test.context.support.DependencyInjectionTestExecutionListener, org.springframework.test.context.support.DirtiesContextTestExecutionListener, org.springframework.test.context.transaction.TransactionalTestExecutionListener, org.springframework.test.context.jdbc.SqlScriptsTestExecutionListener, org.springframework.test.context.event.EventPublishingTestExecutionListener]
2022-06-15 20:43:48.308  INFO 9808 --- [    Test worker] .b.t.a.w.s.WebMvcTestContextBootstrapper : Using TestExecutionListeners: [org.springframework.test.context.web.ServletTestExecutionListener@72ee09c4, org.springframework.test.context.support.DirtiesContextBeforeModesTestExecutionListener@4565ca9d, org.springframework.test.context.event.ApplicationEventsTestExecutionListener@16c5c532, org.springframework.boot.test.mock.mockito.MockitoTestExecutionListener@1f572c08, org.springframework.boot.test.autoconfigure.SpringBootDependencyInjectionTestExecutionListener@1df5a60f, org.springframework.test.context.support.DirtiesContextTestExecutionListener@762fb60e, org.springframework.test.context.transaction.TransactionalTestExecutionListener@4e7b11ac, org.springframework.test.context.jdbc.SqlScriptsTestExecutionListener@68ea4307, org.springframework.test.context.event.EventPublishingTestExecutionListener@589f45cb, org.springframework.boot.test.autoconfigure.restdocs.RestDocsTestExecutionListener@538b1710, org.springframework.boot.test.autoconfigure.web.client.MockRestServiceServerResetTestExecutionListener@45eb8abc, org.springframework.boot.test.autoconfigure.web.servlet.MockMvcPrintOnlyOnFailureTestExecutionListener@7fa30b7d, org.springframework.boot.test.autoconfigure.web.servlet.WebDriverTestExecutionListener@5db0b85f, org.springframework.boot.test.autoconfigure.webservices.client.MockWebServiceServerTestExecutionListener@5608176e, org.springframework.boot.test.mock.mockito.ResetMocksTestExecutionListener@4fafd979]

  .   ____          _            __ _ _
 /\\ / ___'_ __ _ _(_)_ __  __ _ \ \ \ \
( ( )\___ | '_ | '_| | '_ \/ _` | \ \ \ \
 \\/  ___)| |_)| | | | | || (_| |  ) ) ) )
  '  |____| .__|_| |_|_| |_\__, | / / / /
 =========|_|==============|___/=/_/_/_/
 :: Spring Boot ::                (v2.6.7)

2022-06-15 20:43:48.399  INFO 9808 --- [    Test worker] c.c.c.c.ConsultaControladorClientTest    : Starting ConsultaControladorClientTest using Java 13.0.2 on DESKTOP-SJD26V0 with PID 9808 (started by MILTON-PC in C:\DEV_MODE\WORSPACES\INTELLIJ_WORKSPACE\java-arquitectura-hexagonal\microservicio\infraestructura)
2022-06-15 20:43:48.399  INFO 9808 --- [    Test worker] c.c.c.c.ConsultaControladorClientTest    : No active profile set, falling back to 1 default profile: "default"
2022-06-15 20:43:48.818  INFO 9808 --- [    Test worker] com.zaxxer.hikari.HikariDataSource       : pool - Starting...
2022-06-15 20:43:48.828  INFO 9808 --- [    Test worker] com.zaxxer.hikari.HikariDataSource       : pool - Start completed.
2022-06-15 20:43:49.073  INFO 9808 --- [    Test worker] o.s.j.d.e.EmbeddedDatabaseFactory        : Starting embedded database: url='jdbc:h2:mem:testdb;DB_CLOSE_DELAY=-1;DB_CLOSE_ON_EXIT=false', username='sa'
2022-06-15 20:43:49.089  INFO 9808 --- [    Test worker] o.f.c.i.database.base.DatabaseType       : Database: jdbc:h2:mem:testdb (H2 1.4)
2022-06-15 20:43:49.106  INFO 9808 --- [    Test worker] o.f.core.internal.command.DbValidate     : Successfully validated 2 migrations (execution time 00:00.008s)
2022-06-15 20:43:49.114  INFO 9808 --- [    Test worker] o.f.c.i.s.JdbcTableSchemaHistory         : Creating Schema History table "PUBLIC"."flyway_schema_history" ...
2022-06-15 20:43:49.146  INFO 9808 --- [    Test worker] o.f.core.internal.command.DbMigrate      : Current version of schema "PUBLIC": << Empty Schema >>
2022-06-15 20:43:49.153  INFO 9808 --- [    Test worker] o.f.core.internal.command.DbMigrate      : Migrating schema "PUBLIC" to version 1.0 - schema
2022-06-15 20:43:49.209  INFO 9808 --- [    Test worker] o.f.core.internal.command.DbMigrate      : Migrating schema "PUBLIC" to version 1.1 - data
2022-06-15 20:43:49.255  INFO 9808 --- [    Test worker] o.f.core.internal.command.DbMigrate      : Successfully applied 2 migrations to schema "PUBLIC" (execution time 00:00.117s)
2022-06-15 20:43:50.635  INFO 9808 --- [    Test worker] o.s.b.t.m.w.SpringBootMockServletContext : Initializing Spring TestDispatcherServlet ''
2022-06-15 20:43:50.637  INFO 9808 --- [    Test worker] o.s.t.web.servlet.TestDispatcherServlet  : Initializing Servlet ''
2022-06-15 20:43:50.637  INFO 9808 --- [    Test worker] o.s.t.web.servlet.TestDispatcherServlet  : Completed initialization in 0 ms
2022-06-15 20:43:50.677  INFO 9808 --- [    Test worker] c.c.c.c.ConsultaControladorClientTest    : Started ConsultaControladorClientTest in 2.363 seconds (JVM running for 37.515)
2022-06-15 20:43:50.708  INFO 9808 --- [    Test worker] o.s.j.d.e.EmbeddedDatabaseFactory        : Shutting down embedded database: url='jdbc:h2:mem:testdb;DB_CLOSE_DELAY=-1;DB_CLOSE_ON_EXIT=false'
2022-06-15 20:43:50.916  INFO 9808 --- [    Test worker] com.zaxxer.hikari.HikariDataSource       : pool - Shutdown initiated...
2022-06-15 20:43:50.918  INFO 9808 --- [    Test worker] com.zaxxer.hikari.HikariDataSource       : pool - Shutdown completed.

  .   ____          _            __ _ _
 /\\ / ___'_ __ _ _(_)_ __  __ _ \ \ \ \
( ( )\___ | '_ | '_| | '_ \/ _` | \ \ \ \
 \\/  ___)| |_)| | | | | || (_| |  ) ) ) )
  '  |____| .__|_| |_|_| |_\__, | / / / /
 =========|_|==============|___/=/_/_/_/
 :: Spring Boot ::                (v2.6.7)

2022-06-15 20:43:50.994  INFO 9808 --- [    Test worker] c.c.c.c.ConsultaControladorClientTest    : Starting ConsultaControladorClientTest using Java 13.0.2 on DESKTOP-SJD26V0 with PID 9808 (started by MILTON-PC in C:\DEV_MODE\WORSPACES\INTELLIJ_WORKSPACE\java-arquitectura-hexagonal\microservicio\infraestructura)
2022-06-15 20:43:50.994  INFO 9808 --- [    Test worker] c.c.c.c.ConsultaControladorClientTest    : No active profile set, falling back to 1 default profile: "default"
2022-06-15 20:43:51.357  INFO 9808 --- [    Test worker] com.zaxxer.hikari.HikariDataSource       : pool - Starting...
2022-06-15 20:43:51.368  INFO 9808 --- [    Test worker] com.zaxxer.hikari.HikariDataSource       : pool - Start completed.
2022-06-15 20:43:51.560  INFO 9808 --- [    Test worker] o.s.j.d.e.EmbeddedDatabaseFactory        : Starting embedded database: url='jdbc:h2:mem:testdb;DB_CLOSE_DELAY=-1;DB_CLOSE_ON_EXIT=false', username='sa'
2022-06-15 20:43:51.574  INFO 9808 --- [    Test worker] o.f.c.i.database.base.DatabaseType       : Database: jdbc:h2:mem:testdb (H2 1.4)
2022-06-15 20:43:51.591  INFO 9808 --- [    Test worker] o.f.core.internal.command.DbValidate     : Successfully validated 2 migrations (execution time 00:00.007s)
2022-06-15 20:43:51.599  INFO 9808 --- [    Test worker] o.f.c.i.s.JdbcTableSchemaHistory         : Creating Schema History table "PUBLIC"."flyway_schema_history" ...
2022-06-15 20:43:51.621  INFO 9808 --- [    Test worker] o.f.core.internal.command.DbMigrate      : Current version of schema "PUBLIC": << Empty Schema >>
2022-06-15 20:43:51.625  INFO 9808 --- [    Test worker] o.f.core.internal.command.DbMigrate      : Migrating schema "PUBLIC" to version 1.0 - schema
2022-06-15 20:43:51.669  INFO 9808 --- [    Test worker] o.f.core.internal.command.DbMigrate      : Migrating schema "PUBLIC" to version 1.1 - data
2022-06-15 20:43:51.706  INFO 9808 --- [    Test worker] o.f.core.internal.command.DbMigrate      : Successfully applied 2 migrations to schema "PUBLIC" (execution time 00:00.092s)
2022-06-15 20:43:52.997  INFO 9808 --- [    Test worker] o.s.b.t.m.w.SpringBootMockServletContext : Initializing Spring TestDispatcherServlet ''
2022-06-15 20:43:52.997  INFO 9808 --- [    Test worker] o.s.t.web.servlet.TestDispatcherServlet  : Initializing Servlet ''
2022-06-15 20:43:52.997  INFO 9808 --- [    Test worker] o.s.t.web.servlet.TestDispatcherServlet  : Completed initialization in 0 ms
2022-06-15 20:43:53.038  INFO 9808 --- [    Test worker] c.c.c.c.ConsultaControladorClientTest    : Started ConsultaControladorClientTest in 2.116 seconds (JVM running for 39.879)
2022-06-15 20:43:53.078  INFO 9808 --- [    Test worker] o.s.j.d.e.EmbeddedDatabaseFactory        : Shutting down embedded database: url='jdbc:h2:mem:testdb;DB_CLOSE_DELAY=-1;DB_CLOSE_ON_EXIT=false'
2022-06-15 20:43:53.284  INFO 9808 --- [    Test worker] com.zaxxer.hikari.HikariDataSource       : pool - Shutdown initiated...
2022-06-15 20:43:53.289  INFO 9808 --- [    Test worker] com.zaxxer.hikari.HikariDataSource       : pool - Shutdown completed.

  .   ____          _            __ _ _
 /\\ / ___'_ __ _ _(_)_ __  __ _ \ \ \ \
( ( )\___ | '_ | '_| | '_ \/ _` | \ \ \ \
 \\/  ___)| |_)| | | | | || (_| |  ) ) ) )
  '  |____| .__|_| |_|_| |_\__, | / / / /
 =========|_|==============|___/=/_/_/_/
 :: Spring Boot ::                (v2.6.7)

2022-06-15 20:43:53.370  INFO 9808 --- [    Test worker] c.c.c.c.ConsultaControladorClientTest    : Starting ConsultaControladorClientTest using Java 13.0.2 on DESKTOP-SJD26V0 with PID 9808 (started by MILTON-PC in C:\DEV_MODE\WORSPACES\INTELLIJ_WORKSPACE\java-arquitectura-hexagonal\microservicio\infraestructura)
2022-06-15 20:43:53.370  INFO 9808 --- [    Test worker] c.c.c.c.ConsultaControladorClientTest    : No active profile set, falling back to 1 default profile: "default"
2022-06-15 20:43:53.700  INFO 9808 --- [    Test worker] com.zaxxer.hikari.HikariDataSource       : pool - Starting...
2022-06-15 20:43:53.704  INFO 9808 --- [    Test worker] com.zaxxer.hikari.HikariDataSource       : pool - Start completed.
2022-06-15 20:43:53.891  INFO 9808 --- [    Test worker] o.s.j.d.e.EmbeddedDatabaseFactory        : Starting embedded database: url='jdbc:h2:mem:testdb;DB_CLOSE_DELAY=-1;DB_CLOSE_ON_EXIT=false', username='sa'
2022-06-15 20:43:53.905  INFO 9808 --- [    Test worker] o.f.c.i.database.base.DatabaseType       : Database: jdbc:h2:mem:testdb (H2 1.4)
2022-06-15 20:43:53.918  INFO 9808 --- [    Test worker] o.f.core.internal.command.DbValidate     : Successfully validated 2 migrations (execution time 00:00.008s)
2022-06-15 20:43:53.926  INFO 9808 --- [    Test worker] o.f.c.i.s.JdbcTableSchemaHistory         : Creating Schema History table "PUBLIC"."flyway_schema_history" ...
2022-06-15 20:43:53.948  INFO 9808 --- [    Test worker] o.f.core.internal.command.DbMigrate      : Current version of schema "PUBLIC": << Empty Schema >>
2022-06-15 20:43:53.956  INFO 9808 --- [    Test worker] o.f.core.internal.command.DbMigrate      : Migrating schema "PUBLIC" to version 1.0 - schema
2022-06-15 20:43:54.016  INFO 9808 --- [    Test worker] o.f.core.internal.command.DbMigrate      : Migrating schema "PUBLIC" to version 1.1 - data
2022-06-15 20:43:54.045  INFO 9808 --- [    Test worker] o.f.core.internal.command.DbMigrate      : Successfully applied 2 migrations to schema "PUBLIC" (execution time 00:00.099s)
2022-06-15 20:43:55.485  INFO 9808 --- [    Test worker] o.s.b.t.m.w.SpringBootMockServletContext : Initializing Spring TestDispatcherServlet ''
2022-06-15 20:43:55.485  INFO 9808 --- [    Test worker] o.s.t.web.servlet.TestDispatcherServlet  : Initializing Servlet ''
2022-06-15 20:43:55.485  INFO 9808 --- [    Test worker] o.s.t.web.servlet.TestDispatcherServlet  : Completed initialization in 0 ms
2022-06-15 20:43:55.524  INFO 9808 --- [    Test worker] c.c.c.c.ConsultaControladorClientTest    : Started ConsultaControladorClientTest in 2.226 seconds (JVM running for 42.362)
2022-06-15 20:43:55.551  INFO 9808 --- [    Test worker] o.s.j.d.e.EmbeddedDatabaseFactory        : Shutting down embedded database: url='jdbc:h2:mem:testdb;DB_CLOSE_DELAY=-1;DB_CLOSE_ON_EXIT=false'
2022-06-15 20:43:55.755  INFO 9808 --- [    Test worker] com.zaxxer.hikari.HikariDataSource       : pool - Shutdown initiated...
2022-06-15 20:43:55.767  INFO 9808 --- [    Test worker] com.zaxxer.hikari.HikariDataSource       : pool - Shutdown completed.

  .   ____          _            __ _ _
 /\\ / ___'_ __ _ _(_)_ __  __ _ \ \ \ \
( ( )\___ | '_ | '_| | '_ \/ _` | \ \ \ \
 \\/  ___)| |_)| | | | | || (_| |  ) ) ) )
  '  |____| .__|_| |_|_| |_\__, | / / / /
 =========|_|==============|___/=/_/_/_/
 :: Spring Boot ::                (v2.6.7)

2022-06-15 20:43:55.837  INFO 9808 --- [    Test worker] c.c.c.c.ConsultaControladorClientTest    : Starting ConsultaControladorClientTest using Java 13.0.2 on DESKTOP-SJD26V0 with PID 9808 (started by MILTON-PC in C:\DEV_MODE\WORSPACES\INTELLIJ_WORKSPACE\java-arquitectura-hexagonal\microservicio\infraestructura)
2022-06-15 20:43:55.837  INFO 9808 --- [    Test worker] c.c.c.c.ConsultaControladorClientTest    : No active profile set, falling back to 1 default profile: "default"
2022-06-15 20:43:56.194  INFO 9808 --- [    Test worker] com.zaxxer.hikari.HikariDataSource       : pool - Starting...
2022-06-15 20:43:56.198  INFO 9808 --- [    Test worker] com.zaxxer.hikari.HikariDataSource       : pool - Start completed.
2022-06-15 20:43:56.367  INFO 9808 --- [    Test worker] o.s.j.d.e.EmbeddedDatabaseFactory        : Starting embedded database: url='jdbc:h2:mem:testdb;DB_CLOSE_DELAY=-1;DB_CLOSE_ON_EXIT=false', username='sa'
2022-06-15 20:43:56.388  INFO 9808 --- [    Test worker] o.f.c.i.database.base.DatabaseType       : Database: jdbc:h2:mem:testdb (H2 1.4)
2022-06-15 20:43:56.398  INFO 9808 --- [    Test worker] o.f.core.internal.command.DbValidate     : Successfully validated 2 migrations (execution time 00:00.006s)
2022-06-15 20:43:56.408  INFO 9808 --- [    Test worker] o.f.c.i.s.JdbcTableSchemaHistory         : Creating Schema History table "PUBLIC"."flyway_schema_history" ...
2022-06-15 20:43:56.436  INFO 9808 --- [    Test worker] o.f.core.internal.command.DbMigrate      : Current version of schema "PUBLIC": << Empty Schema >>
2022-06-15 20:43:56.438  INFO 9808 --- [    Test worker] o.f.core.internal.command.DbMigrate      : Migrating schema "PUBLIC" to version 1.0 - schema
2022-06-15 20:43:56.479  INFO 9808 --- [    Test worker] o.f.core.internal.command.DbMigrate      : Migrating schema "PUBLIC" to version 1.1 - data
2022-06-15 20:43:56.505  INFO 9808 --- [    Test worker] o.f.core.internal.command.DbMigrate      : Successfully applied 2 migrations to schema "PUBLIC" (execution time 00:00.082s)
2022-06-15 20:43:57.741  INFO 9808 --- [    Test worker] o.s.b.t.m.w.SpringBootMockServletContext : Initializing Spring TestDispatcherServlet ''
2022-06-15 20:43:57.741  INFO 9808 --- [    Test worker] o.s.t.web.servlet.TestDispatcherServlet  : Initializing Servlet ''
2022-06-15 20:43:57.741  INFO 9808 --- [    Test worker] o.s.t.web.servlet.TestDispatcherServlet  : Completed initialization in 0 ms
2022-06-15 20:43:57.766  INFO 9808 --- [    Test worker] c.c.c.c.ConsultaControladorClientTest    : Started ConsultaControladorClientTest in 1.991 seconds (JVM running for 44.604)
2022-06-15 20:43:57.793  INFO 9808 --- [    Test worker] o.s.j.d.e.EmbeddedDatabaseFactory        : Shutting down embedded database: url='jdbc:h2:mem:testdb;DB_CLOSE_DELAY=-1;DB_CLOSE_ON_EXIT=false'
2022-06-15 20:43:58.014  INFO 9808 --- [    Test worker] com.zaxxer.hikari.HikariDataSource       : pool - Shutdown initiated...
2022-06-15 20:43:58.016  INFO 9808 --- [    Test worker] com.zaxxer.hikari.HikariDataSource       : pool - Shutdown completed.
]]></system-out>
  <system-err><![CDATA[]]></system-err>
</testsuite>
