<?xml version="1.0" encoding="UTF-8"?>
<testsuite name="com.ceiba.tarifa.controlador.ConsultaControladorTarifaTest" tests="2" skipped="0" failures="0" errors="0" timestamp="2022-06-27T21:03:23" hostname="DESKTOP-SJD26V0" time="2.175">
  <properties/>
  <testcase name="consultarPorId()" classname="com.ceiba.tarifa.controlador.ConsultaControladorTarifaTest" time="0.245"/>
  <testcase name="consultarPorCodigo()" classname="com.ceiba.tarifa.controlador.ConsultaControladorTarifaTest" time="0.246"/>
  <system-out><![CDATA[2022-06-27 16:03:21.433  INFO 10544 --- [    Test worker] o.s.t.c.support.AbstractContextLoader    : Could not detect default resource locations for test class [com.ceiba.tarifa.controlador.ConsultaControladorTarifaTest]: no resource found for suffixes {-context.xml, Context.groovy}.
2022-06-27 16:03:21.435  INFO 10544 --- [    Test worker] .b.t.a.w.s.WebMvcTestContextBootstrapper : Loaded default TestExecutionListener class names from location [META-INF/spring.factories]: [org.springframework.boot.test.autoconfigure.restdocs.RestDocsTestExecutionListener, org.springframework.boot.test.autoconfigure.web.client.MockRestServiceServerResetTestExecutionListener, org.springframework.boot.test.autoconfigure.web.servlet.MockMvcPrintOnlyOnFailureTestExecutionListener, org.springframework.boot.test.autoconfigure.web.servlet.WebDriverTestExecutionListener, org.springframework.boot.test.autoconfigure.webservices.client.MockWebServiceServerTestExecutionListener, org.springframework.boot.test.mock.mockito.MockitoTestExecutionListener, org.springframework.boot.test.mock.mockito.ResetMocksTestExecutionListener, org.springframework.test.context.web.ServletTestExecutionListener, org.springframework.test.context.support.DirtiesContextBeforeModesTestExecutionListener, org.springframework.test.context.event.ApplicationEventsTestExecutionListener, org.springframework.test.context.support.DependencyInjectionTestExecutionListener, org.springframework.test.context.support.DirtiesContextTestExecutionListener, org.springframework.test.context.transaction.TransactionalTestExecutionListener, org.springframework.test.context.jdbc.SqlScriptsTestExecutionListener, org.springframework.test.context.event.EventPublishingTestExecutionListener]
2022-06-27 16:03:21.435  INFO 10544 --- [    Test worker] .b.t.a.w.s.WebMvcTestContextBootstrapper : Using TestExecutionListeners: [org.springframework.test.context.web.ServletTestExecutionListener@22c967ad, org.springframework.test.context.support.DirtiesContextBeforeModesTestExecutionListener@57d85db0, org.springframework.test.context.event.ApplicationEventsTestExecutionListener@2b06c38d, org.springframework.boot.test.mock.mockito.MockitoTestExecutionListener@5f02286b, org.springframework.boot.test.autoconfigure.SpringBootDependencyInjectionTestExecutionListener@361fc829, org.springframework.test.context.support.DirtiesContextTestExecutionListener@233f2687, org.springframework.test.context.transaction.TransactionalTestExecutionListener@3e3893c6, org.springframework.test.context.jdbc.SqlScriptsTestExecutionListener@70b7a51a, org.springframework.test.context.event.EventPublishingTestExecutionListener@382165a5, org.springframework.boot.test.autoconfigure.restdocs.RestDocsTestExecutionListener@62f07738, org.springframework.boot.test.autoconfigure.web.client.MockRestServiceServerResetTestExecutionListener@18ac6e03, org.springframework.boot.test.autoconfigure.web.servlet.MockMvcPrintOnlyOnFailureTestExecutionListener@557e8779, org.springframework.boot.test.autoconfigure.web.servlet.WebDriverTestExecutionListener@6641cc3e, org.springframework.boot.test.autoconfigure.webservices.client.MockWebServiceServerTestExecutionListener@7693e79, org.springframework.boot.test.mock.mockito.ResetMocksTestExecutionListener@7cce94e1]

  .   ____          _            __ _ _
 /\\ / ___'_ __ _ _(_)_ __  __ _ \ \ \ \
( ( )\___ | '_ | '_| | '_ \/ _` | \ \ \ \
 \\/  ___)| |_)| | | | | || (_| |  ) ) ) )
  '  |____| .__|_| |_|_| |_\__, | / / / /
 =========|_|==============|___/=/_/_/_/
 :: Spring Boot ::                (v2.6.7)

2022-06-27 16:03:21.504  INFO 10544 --- [    Test worker] c.c.t.c.ConsultaControladorTarifaTest    : Starting ConsultaControladorTarifaTest using Java 13.0.2 on DESKTOP-SJD26V0 with PID 10544 (started by MILTON-PC in C:\DEV_MODE\WORSPACES\INTELLIJ_WORKSPACE\java-arquitectura-hexagonal\microservicio\infraestructura)
2022-06-27 16:03:21.505  INFO 10544 --- [    Test worker] c.c.t.c.ConsultaControladorTarifaTest    : No active profile set, falling back to 1 default profile: "default"
2022-06-27 16:03:21.816  INFO 10544 --- [    Test worker] com.zaxxer.hikari.HikariDataSource       : pool - Starting...
2022-06-27 16:03:21.821  INFO 10544 --- [    Test worker] com.zaxxer.hikari.HikariDataSource       : pool - Start completed.
2022-06-27 16:03:22.028  INFO 10544 --- [    Test worker] o.s.j.d.e.EmbeddedDatabaseFactory        : Starting embedded database: url='jdbc:h2:mem:testdb;DB_CLOSE_DELAY=-1;DB_CLOSE_ON_EXIT=false', username='sa'
2022-06-27 16:03:22.038  INFO 10544 --- [    Test worker] o.f.c.i.database.base.DatabaseType       : Database: jdbc:h2:mem:testdb (H2 1.4)
2022-06-27 16:03:22.045  INFO 10544 --- [    Test worker] o.f.core.internal.command.DbValidate     : Successfully validated 2 migrations (execution time 00:00.005s)
2022-06-27 16:03:22.058  INFO 10544 --- [    Test worker] o.f.c.i.s.JdbcTableSchemaHistory         : Creating Schema History table "PUBLIC"."flyway_schema_history" ...
2022-06-27 16:03:22.073  INFO 10544 --- [    Test worker] o.f.core.internal.command.DbMigrate      : Current version of schema "PUBLIC": << Empty Schema >>
2022-06-27 16:03:22.078  INFO 10544 --- [    Test worker] o.f.core.internal.command.DbMigrate      : Migrating schema "PUBLIC" to version 1.0 - schema
2022-06-27 16:03:22.114  INFO 10544 --- [    Test worker] o.f.core.internal.command.DbMigrate      : Migrating schema "PUBLIC" to version 1.1 - data
2022-06-27 16:03:22.143  INFO 10544 --- [    Test worker] o.f.core.internal.command.DbMigrate      : Successfully applied 2 migrations to schema "PUBLIC" (execution time 00:00.076s)
2022-06-27 16:03:23.098  INFO 10544 --- [    Test worker] o.s.b.t.m.w.SpringBootMockServletContext : Initializing Spring TestDispatcherServlet ''
2022-06-27 16:03:23.098  INFO 10544 --- [    Test worker] o.s.t.web.servlet.TestDispatcherServlet  : Initializing Servlet ''
2022-06-27 16:03:23.098  INFO 10544 --- [    Test worker] o.s.t.web.servlet.TestDispatcherServlet  : Completed initialization in 0 ms
2022-06-27 16:03:23.118  INFO 10544 --- [    Test worker] c.c.t.c.ConsultaControladorTarifaTest    : Started ConsultaControladorTarifaTest in 1.673 seconds (JVM running for 41.198)
2022-06-27 16:03:23.144  INFO 10544 --- [    Test worker] o.s.j.d.e.EmbeddedDatabaseFactory        : Shutting down embedded database: url='jdbc:h2:mem:testdb;DB_CLOSE_DELAY=-1;DB_CLOSE_ON_EXIT=false'
2022-06-27 16:03:23.365  INFO 10544 --- [    Test worker] com.zaxxer.hikari.HikariDataSource       : pool - Shutdown initiated...
2022-06-27 16:03:23.365  INFO 10544 --- [    Test worker] com.zaxxer.hikari.HikariDataSource       : pool - Shutdown completed.

  .   ____          _            __ _ _
 /\\ / ___'_ __ _ _(_)_ __  __ _ \ \ \ \
( ( )\___ | '_ | '_| | '_ \/ _` | \ \ \ \
 \\/  ___)| |_)| | | | | || (_| |  ) ) ) )
  '  |____| .__|_| |_|_| |_\__, | / / / /
 =========|_|==============|___/=/_/_/_/
 :: Spring Boot ::                (v2.6.7)

2022-06-27 16:03:23.448  INFO 10544 --- [    Test worker] c.c.t.c.ConsultaControladorTarifaTest    : Starting ConsultaControladorTarifaTest using Java 13.0.2 on DESKTOP-SJD26V0 with PID 10544 (started by MILTON-PC in C:\DEV_MODE\WORSPACES\INTELLIJ_WORKSPACE\java-arquitectura-hexagonal\microservicio\infraestructura)
2022-06-27 16:03:23.448  INFO 10544 --- [    Test worker] c.c.t.c.ConsultaControladorTarifaTest    : No active profile set, falling back to 1 default profile: "default"
2022-06-27 16:03:23.735  INFO 10544 --- [    Test worker] com.zaxxer.hikari.HikariDataSource       : pool - Starting...
2022-06-27 16:03:23.744  INFO 10544 --- [    Test worker] com.zaxxer.hikari.HikariDataSource       : pool - Start completed.
2022-06-27 16:03:24.025  INFO 10544 --- [    Test worker] o.s.j.d.e.EmbeddedDatabaseFactory        : Starting embedded database: url='jdbc:h2:mem:testdb;DB_CLOSE_DELAY=-1;DB_CLOSE_ON_EXIT=false', username='sa'
2022-06-27 16:03:24.037  INFO 10544 --- [    Test worker] o.f.c.i.database.base.DatabaseType       : Database: jdbc:h2:mem:testdb (H2 1.4)
2022-06-27 16:03:24.047  INFO 10544 --- [    Test worker] o.f.core.internal.command.DbValidate     : Successfully validated 2 migrations (execution time 00:00.005s)
2022-06-27 16:03:24.053  INFO 10544 --- [    Test worker] o.f.c.i.s.JdbcTableSchemaHistory         : Creating Schema History table "PUBLIC"."flyway_schema_history" ...
2022-06-27 16:03:24.067  INFO 10544 --- [    Test worker] o.f.core.internal.command.DbMigrate      : Current version of schema "PUBLIC": << Empty Schema >>
2022-06-27 16:03:24.073  INFO 10544 --- [    Test worker] o.f.core.internal.command.DbMigrate      : Migrating schema "PUBLIC" to version 1.0 - schema
2022-06-27 16:03:24.108  INFO 10544 --- [    Test worker] o.f.core.internal.command.DbMigrate      : Migrating schema "PUBLIC" to version 1.1 - data
2022-06-27 16:03:24.128  INFO 10544 --- [    Test worker] o.f.core.internal.command.DbMigrate      : Successfully applied 2 migrations to schema "PUBLIC" (execution time 00:00.069s)
2022-06-27 16:03:25.015  INFO 10544 --- [    Test worker] o.s.b.t.m.w.SpringBootMockServletContext : Initializing Spring TestDispatcherServlet ''
2022-06-27 16:03:25.015  INFO 10544 --- [    Test worker] o.s.t.web.servlet.TestDispatcherServlet  : Initializing Servlet ''
2022-06-27 16:03:25.015  INFO 10544 --- [    Test worker] o.s.t.web.servlet.TestDispatcherServlet  : Completed initialization in 0 ms
2022-06-27 16:03:25.035  INFO 10544 --- [    Test worker] c.c.t.c.ConsultaControladorTarifaTest    : Started ConsultaControladorTarifaTest in 1.665 seconds (JVM running for 43.12)
2022-06-27 16:03:25.085  INFO 10544 --- [    Test worker] o.s.j.d.e.EmbeddedDatabaseFactory        : Shutting down embedded database: url='jdbc:h2:mem:testdb;DB_CLOSE_DELAY=-1;DB_CLOSE_ON_EXIT=false'
2022-06-27 16:03:25.295  INFO 10544 --- [    Test worker] com.zaxxer.hikari.HikariDataSource       : pool - Shutdown initiated...
2022-06-27 16:03:25.295  INFO 10544 --- [    Test worker] com.zaxxer.hikari.HikariDataSource       : pool - Shutdown completed.
]]></system-out>
  <system-err><![CDATA[]]></system-err>
</testsuite>
