<?xml version="1.0" encoding="UTF-8"?>
<testsuite name="com.ceiba.factura.controlador.ComandoControladorFacturaTest" tests="2" skipped="0" failures="0" errors="0" timestamp="2022-06-29T20:45:54" hostname="DESKTOP-SJD26V0" time="2.195">
  <properties/>
  <testcase name="crearFacturaExitosa()" classname="com.ceiba.factura.controlador.ComandoControladorFacturaTest" time="0.29"/>
  <testcase name="anularFacturaExitosa()" classname="com.ceiba.factura.controlador.ComandoControladorFacturaTest" time="0.252"/>
  <system-out><![CDATA[2022-06-29 15:45:52.268  INFO 2572 --- [    Test worker] o.s.t.c.support.AbstractContextLoader    : Could not detect default resource locations for test class [com.ceiba.factura.controlador.ComandoControladorFacturaTest]: no resource found for suffixes {-context.xml, Context.groovy}.
2022-06-29 15:45:52.281  INFO 2572 --- [    Test worker] .b.t.a.w.s.WebMvcTestContextBootstrapper : Loaded default TestExecutionListener class names from location [META-INF/spring.factories]: [org.springframework.boot.test.autoconfigure.restdocs.RestDocsTestExecutionListener, org.springframework.boot.test.autoconfigure.web.client.MockRestServiceServerResetTestExecutionListener, org.springframework.boot.test.autoconfigure.web.servlet.MockMvcPrintOnlyOnFailureTestExecutionListener, org.springframework.boot.test.autoconfigure.web.servlet.WebDriverTestExecutionListener, org.springframework.boot.test.autoconfigure.webservices.client.MockWebServiceServerTestExecutionListener, org.springframework.boot.test.mock.mockito.MockitoTestExecutionListener, org.springframework.boot.test.mock.mockito.ResetMocksTestExecutionListener, org.springframework.test.context.web.ServletTestExecutionListener, org.springframework.test.context.support.DirtiesContextBeforeModesTestExecutionListener, org.springframework.test.context.event.ApplicationEventsTestExecutionListener, org.springframework.test.context.support.DependencyInjectionTestExecutionListener, org.springframework.test.context.support.DirtiesContextTestExecutionListener, org.springframework.test.context.transaction.TransactionalTestExecutionListener, org.springframework.test.context.jdbc.SqlScriptsTestExecutionListener, org.springframework.test.context.event.EventPublishingTestExecutionListener]
2022-06-29 15:45:52.281  INFO 2572 --- [    Test worker] .b.t.a.w.s.WebMvcTestContextBootstrapper : Using TestExecutionListeners: [org.springframework.test.context.web.ServletTestExecutionListener@6c56e004, org.springframework.test.context.support.DirtiesContextBeforeModesTestExecutionListener@6d05a0a2, org.springframework.test.context.event.ApplicationEventsTestExecutionListener@721e1bdf, org.springframework.boot.test.mock.mockito.MockitoTestExecutionListener@15ffcd0c, org.springframework.boot.test.autoconfigure.SpringBootDependencyInjectionTestExecutionListener@4e725977, org.springframework.test.context.support.DirtiesContextTestExecutionListener@eb2f0ab, org.springframework.test.context.transaction.TransactionalTestExecutionListener@cf0d241, org.springframework.test.context.jdbc.SqlScriptsTestExecutionListener@678cf97e, org.springframework.test.context.event.EventPublishingTestExecutionListener@3b69ad19, org.springframework.boot.test.autoconfigure.restdocs.RestDocsTestExecutionListener@22c73577, org.springframework.boot.test.autoconfigure.web.client.MockRestServiceServerResetTestExecutionListener@28af99b4, org.springframework.boot.test.autoconfigure.web.servlet.MockMvcPrintOnlyOnFailureTestExecutionListener@28e8c2d6, org.springframework.boot.test.autoconfigure.web.servlet.WebDriverTestExecutionListener@5e9fb3b7, org.springframework.boot.test.autoconfigure.webservices.client.MockWebServiceServerTestExecutionListener@4568499e, org.springframework.boot.test.mock.mockito.ResetMocksTestExecutionListener@11de1abe]

  .   ____          _            __ _ _
 /\\ / ___'_ __ _ _(_)_ __  __ _ \ \ \ \
( ( )\___ | '_ | '_| | '_ \/ _` | \ \ \ \
 \\/  ___)| |_)| | | | | || (_| |  ) ) ) )
  '  |____| .__|_| |_|_| |_\__, | / / / /
 =========|_|==============|___/=/_/_/_/
 :: Spring Boot ::                (v2.6.7)

2022-06-29 15:45:52.348  INFO 2572 --- [    Test worker] c.c.f.c.ComandoControladorFacturaTest    : Starting ComandoControladorFacturaTest using Java 17.0.3 on DESKTOP-SJD26V0 with PID 2572 (started by MILTON-PC in C:\DEV_MODE\WORSPACES\INTELLIJ_WORKSPACE\java-arquitectura-hexagonal\microservicio\infraestructura)
2022-06-29 15:45:52.348  INFO 2572 --- [    Test worker] c.c.f.c.ComandoControladorFacturaTest    : No active profile set, falling back to 1 default profile: "default"
2022-06-29 15:45:52.656  INFO 2572 --- [    Test worker] com.zaxxer.hikari.HikariDataSource       : pool - Starting...
2022-06-29 15:45:52.658  INFO 2572 --- [    Test worker] com.zaxxer.hikari.HikariDataSource       : pool - Start completed.
2022-06-29 15:45:52.868  INFO 2572 --- [    Test worker] o.s.j.d.e.EmbeddedDatabaseFactory        : Starting embedded database: url='jdbc:h2:mem:testdb;DB_CLOSE_DELAY=-1;DB_CLOSE_ON_EXIT=false', username='sa'
2022-06-29 15:45:52.887  INFO 2572 --- [    Test worker] o.f.c.i.database.base.DatabaseType       : Database: jdbc:h2:mem:testdb (H2 1.4)
2022-06-29 15:45:52.898  INFO 2572 --- [    Test worker] o.f.core.internal.command.DbValidate     : Successfully validated 2 migrations (execution time 00:00.008s)
2022-06-29 15:45:52.911  INFO 2572 --- [    Test worker] o.f.c.i.s.JdbcTableSchemaHistory         : Creating Schema History table "PUBLIC"."flyway_schema_history" ...
2022-06-29 15:45:52.938  INFO 2572 --- [    Test worker] o.f.core.internal.command.DbMigrate      : Current version of schema "PUBLIC": << Empty Schema >>
2022-06-29 15:45:52.948  INFO 2572 --- [    Test worker] o.f.core.internal.command.DbMigrate      : Migrating schema "PUBLIC" to version 1.0 - schema
2022-06-29 15:45:53.021  INFO 2572 --- [    Test worker] o.f.core.internal.command.DbMigrate      : Migrating schema "PUBLIC" to version 1.1 - data
2022-06-29 15:45:53.038  INFO 2572 --- [    Test worker] o.f.core.internal.command.DbMigrate      : Successfully applied 2 migrations to schema "PUBLIC" (execution time 00:00.111s)
2022-06-29 15:45:54.124  INFO 2572 --- [    Test worker] o.s.b.t.m.w.SpringBootMockServletContext : Initializing Spring TestDispatcherServlet ''
2022-06-29 15:45:54.125  INFO 2572 --- [    Test worker] o.s.t.web.servlet.TestDispatcherServlet  : Initializing Servlet ''
2022-06-29 15:45:54.126  INFO 2572 --- [    Test worker] o.s.t.web.servlet.TestDispatcherServlet  : Completed initialization in 1 ms
2022-06-29 15:45:54.153  INFO 2572 --- [    Test worker] c.c.f.c.ComandoControladorFacturaTest    : Started ComandoControladorFacturaTest in 1.863 seconds (JVM running for 40.395)
2022-06-29 15:45:54.219  INFO 2572 --- [    Test worker] o.s.j.d.e.EmbeddedDatabaseFactory        : Shutting down embedded database: url='jdbc:h2:mem:testdb;DB_CLOSE_DELAY=-1;DB_CLOSE_ON_EXIT=false'
2022-06-29 15:45:54.448  INFO 2572 --- [    Test worker] com.zaxxer.hikari.HikariDataSource       : pool - Shutdown initiated...
2022-06-29 15:45:54.448  INFO 2572 --- [    Test worker] com.zaxxer.hikari.HikariDataSource       : pool - Shutdown completed.

  .   ____          _            __ _ _
 /\\ / ___'_ __ _ _(_)_ __  __ _ \ \ \ \
( ( )\___ | '_ | '_| | '_ \/ _` | \ \ \ \
 \\/  ___)| |_)| | | | | || (_| |  ) ) ) )
  '  |____| .__|_| |_|_| |_\__, | / / / /
 =========|_|==============|___/=/_/_/_/
 :: Spring Boot ::                (v2.6.7)

2022-06-29 15:45:54.498  INFO 2572 --- [    Test worker] c.c.f.c.ComandoControladorFacturaTest    : Starting ComandoControladorFacturaTest using Java 17.0.3 on DESKTOP-SJD26V0 with PID 2572 (started by MILTON-PC in C:\DEV_MODE\WORSPACES\INTELLIJ_WORKSPACE\java-arquitectura-hexagonal\microservicio\infraestructura)
2022-06-29 15:45:54.498  INFO 2572 --- [    Test worker] c.c.f.c.ComandoControladorFacturaTest    : No active profile set, falling back to 1 default profile: "default"
2022-06-29 15:45:54.807  INFO 2572 --- [    Test worker] com.zaxxer.hikari.HikariDataSource       : pool - Starting...
2022-06-29 15:45:54.811  INFO 2572 --- [    Test worker] com.zaxxer.hikari.HikariDataSource       : pool - Start completed.
2022-06-29 15:45:55.028  INFO 2572 --- [    Test worker] o.s.j.d.e.EmbeddedDatabaseFactory        : Starting embedded database: url='jdbc:h2:mem:testdb;DB_CLOSE_DELAY=-1;DB_CLOSE_ON_EXIT=false', username='sa'
2022-06-29 15:45:55.041  INFO 2572 --- [    Test worker] o.f.c.i.database.base.DatabaseType       : Database: jdbc:h2:mem:testdb (H2 1.4)
2022-06-29 15:45:55.051  INFO 2572 --- [    Test worker] o.f.core.internal.command.DbValidate     : Successfully validated 2 migrations (execution time 00:00.006s)
2022-06-29 15:45:55.058  INFO 2572 --- [    Test worker] o.f.c.i.s.JdbcTableSchemaHistory         : Creating Schema History table "PUBLIC"."flyway_schema_history" ...
2022-06-29 15:45:55.078  INFO 2572 --- [    Test worker] o.f.core.internal.command.DbMigrate      : Current version of schema "PUBLIC": << Empty Schema >>
2022-06-29 15:45:55.078  INFO 2572 --- [    Test worker] o.f.core.internal.command.DbMigrate      : Migrating schema "PUBLIC" to version 1.0 - schema
2022-06-29 15:45:55.131  INFO 2572 --- [    Test worker] o.f.core.internal.command.DbMigrate      : Migrating schema "PUBLIC" to version 1.1 - data
2022-06-29 15:45:55.161  INFO 2572 --- [    Test worker] o.f.core.internal.command.DbMigrate      : Successfully applied 2 migrations to schema "PUBLIC" (execution time 00:00.094s)
2022-06-29 15:45:56.071  INFO 2572 --- [    Test worker] o.s.b.t.m.w.SpringBootMockServletContext : Initializing Spring TestDispatcherServlet ''
2022-06-29 15:45:56.076  INFO 2572 --- [    Test worker] o.s.t.web.servlet.TestDispatcherServlet  : Initializing Servlet ''
2022-06-29 15:45:56.077  INFO 2572 --- [    Test worker] o.s.t.web.servlet.TestDispatcherServlet  : Completed initialization in 1 ms
2022-06-29 15:45:56.098  INFO 2572 --- [    Test worker] c.c.f.c.ComandoControladorFacturaTest    : Started ComandoControladorFacturaTest in 1.644 seconds (JVM running for 42.34)
2022-06-29 15:45:56.126  INFO 2572 --- [    Test worker] o.s.j.d.e.EmbeddedDatabaseFactory        : Shutting down embedded database: url='jdbc:h2:mem:testdb;DB_CLOSE_DELAY=-1;DB_CLOSE_ON_EXIT=false'
2022-06-29 15:45:56.347  INFO 2572 --- [    Test worker] com.zaxxer.hikari.HikariDataSource       : pool - Shutdown initiated...
2022-06-29 15:45:56.347  INFO 2572 --- [    Test worker] com.zaxxer.hikari.HikariDataSource       : pool - Shutdown completed.
]]></system-out>
  <system-err><![CDATA[]]></system-err>
</testsuite>
