<?xml version="1.0" encoding="UTF-8"?>
<testsuite name="com.ceiba.cita.CitaResumenDtoTest" tests="1" skipped="0" failures="0" errors="0" timestamp="2022-06-29T21:14:40" hostname="DESKTOP-SJD26V0" time="0.129">
  <properties/>
  <testcase name="deberiaConstruirSatisfactoriamente()" classname="com.ceiba.cita.CitaResumenDtoTest" time="0.129"/>
  <system-out><![CDATA[]]></system-out>
  <system-err><![CDATA[]]></system-err>
</testsuite>
