<?xml version="1.0" encoding="UTF-8"?>
<testsuite name="com.ceiba.cliente.ClienteTest" tests="6" skipped="0" failures="0" errors="0" timestamp="2022-06-29T20:36:31" hostname="DESKTOP-SJD26V0" time="0.02">
  <properties/>
  <testcase name="reconstruirClienteSinNombreDeberiaLanzarError()" classname="com.ceiba.cliente.ClienteTest" time="0.004"/>
  <testcase name="deberiaREsponderEsClienteEspecialCorrectamente()" classname="com.ceiba.cliente.ClienteTest" time="0.003"/>
  <testcase name="deberiaREsponderEsClientePreferenciaCorrectamente()" classname="com.ceiba.cliente.ClienteTest" time="0.001"/>
  <testcase name="deberiaCrearClienteExitoso()" classname="com.ceiba.cliente.ClienteTest" time="0.0"/>
  <testcase name="reconstruirClienteSinTipoDeberiaLanzarError()" classname="com.ceiba.cliente.ClienteTest" time="0.002"/>
  <testcase name="reconstruirClienteSinIdDeberiaLanzarError()" classname="com.ceiba.cliente.ClienteTest" time="0.004"/>
  <system-out><![CDATA[]]></system-out>
  <system-err><![CDATA[]]></system-err>
</testsuite>
