<?xml version="1.0" encoding="UTF-8"?>
<testsuite name="com.ceiba.cita.ServicioCancelarCitaTest" tests="1" skipped="0" failures="0" errors="0" timestamp="2022-06-28T00:17:01" hostname="DESKTOP-SJD26V0" time="4.41">
  <properties/>
  <testcase name="deberiaCancelarExitosamente()" classname="com.ceiba.cita.ServicioCancelarCitaTest" time="4.41"/>
  <system-out><![CDATA[]]></system-out>
  <system-err><![CDATA[]]></system-err>
</testsuite>
