<?xml version="1.0" encoding="UTF-8"?>
<testsuite name="com.ceiba.cita.CitaTest" tests="1" skipped="0" failures="0" errors="0" timestamp="2022-06-29T21:33:39" hostname="DESKTOP-SJD26V0" time="0.117">
  <properties/>
  <testcase name="deberiaCancelarCitaExitosamente()" classname="com.ceiba.cita.CitaTest" time="0.117"/>
  <system-out><![CDATA[]]></system-out>
  <system-err><![CDATA[]]></system-err>
</testsuite>
