<?xml version="1.0" encoding="UTF-8"?>
<testsuite name="com.ceiba.cita.UtilTimeTest" tests="3" skipped="0" failures="0" errors="0" timestamp="2022-06-29T16:58:45" hostname="DESKTOP-SJD26V0" time="0.016">
  <properties/>
  <testcase name="deberiaSerFalsoPorEstarFueraDelRango()" classname="com.ceiba.cita.UtilTimeTest" time="0.002"/>
  <testcase name="deberiaLanzarExcepcionPorParametroNulo()" classname="com.ceiba.cita.UtilTimeTest" time="0.009"/>
  <testcase name="deberiaSerVerdaderoPorEstarDentroDelRango()" classname="com.ceiba.cita.UtilTimeTest" time="0.001"/>
  <system-out><![CDATA[]]></system-out>
  <system-err><![CDATA[]]></system-err>
</testsuite>
