<?xml version="1.0" encoding="UTF-8"?>
<testsuite name="com.ceiba.cita.ServicioCitarTest" tests="1" skipped="0" failures="0" errors="0" timestamp="2022-06-28T01:17:15" hostname="DESKTOP-SJD26V0" time="4.006">
  <properties/>
  <testcase name="deberiaCitarYAlmacenarunaCita()" classname="com.ceiba.cita.ServicioCitarTest" time="4.006"/>
  <system-out><![CDATA[]]></system-out>
  <system-err><![CDATA[]]></system-err>
</testsuite>
