<?xml version="1.0" encoding="UTF-8"?>
<testsuite name="com.ceiba.factura.ServicioFacturarTest" tests="1" skipped="0" failures="0" errors="0" timestamp="2022-06-17T03:13:13" hostname="DESKTOP-SJD26V0" time="0.012">
  <properties/>
  <testcase name="deberiaGenerarFacturaYGuardar()" classname="com.ceiba.factura.ServicioFacturarTest" time="0.012"/>
  <system-out><![CDATA[]]></system-out>
  <system-err><![CDATA[]]></system-err>
</testsuite>
