<?xml version="1.0" encoding="UTF-8"?>
<testsuite name="com.ceiba.cita.CitaTest" tests="11" skipped="0" failures="0" errors="0" timestamp="2022-06-29T17:19:35" hostname="DESKTOP-SJD26V0" time="0.191">
  <properties/>
  <testcase name="reconstruirCitaSinCostoDeberiaLanzarError()" classname="com.ceiba.cita.CitaTest" time="0.144"/>
  <testcase name="reconstruirCitaSinHorarioDeberiaLanzarError()" classname="com.ceiba.cita.CitaTest" time="0.002"/>
  <testcase name="reconstruirCitaSinTarifaDeberiaLanzarError()" classname="com.ceiba.cita.CitaTest" time="0.003"/>
  <testcase name="reconstruirCitaSinMetrosCuadradosDeberiaLanzarError()" classname="com.ceiba.cita.CitaTest" time="0.002"/>
  <testcase name="reconstruirCitaSinHoraCitaDeberiaLanzarError()" classname="com.ceiba.cita.CitaTest" time="0.003"/>
  <testcase name="reconstruirCitaSinIdDeberiaLanzarError()" classname="com.ceiba.cita.CitaTest" time="0.003"/>
  <testcase name="reconstruirCitaSinFechaCitaDeberiaLanzarError()" classname="com.ceiba.cita.CitaTest" time="0.001"/>
  <testcase name="reconstruirCitaSinEstadoDeberiaLanzarError()" classname="com.ceiba.cita.CitaTest" time="0.004"/>
  <testcase name="deberiaCrearCitaExistosa()" classname="com.ceiba.cita.CitaTest" time="0.002"/>
  <testcase name="reconstruirCitaConFechaCitaMenorDiaActualDeberiaLanzarError()" classname="com.ceiba.cita.CitaTest" time="0.003"/>
  <testcase name="reconstruirCitaSinClienteDeberiaLanzarError()" classname="com.ceiba.cita.CitaTest" time="0.005"/>
  <system-out><![CDATA[]]></system-out>
  <system-err><![CDATA[]]></system-err>
</testsuite>
