<?xml version="1.0" encoding="UTF-8"?>
<testsuite name="com.ceiba.cita.ServicioCitarTest" tests="4" skipped="0" failures="0" errors="0" timestamp="2022-06-29T22:42:00" hostname="DESKTOP-SJD26V0" time="4.147">
  <properties/>
  <testcase name="deberiaCitarYAlmacenarunaCita()" classname="com.ceiba.cita.ServicioCitarTest" time="4.082"/>
  <testcase name="deberiaLanzarExcepcionPorParametroNulo()" classname="com.ceiba.cita.ServicioCitarTest" time="0.045"/>
  <testcase name="deberiaLanzarExcepcionPorParametroHorarioInvalido()" classname="com.ceiba.cita.ServicioCitarTest" time="0.004"/>
  <testcase name="deberiaCitarYAlmacenarunaCitaNoche()" classname="com.ceiba.cita.ServicioCitarTest" time="0.01"/>
  <system-out><![CDATA[]]></system-out>
  <system-err><![CDATA[]]></system-err>
</testsuite>
