<?xml version="1.0" encoding="UTF-8"?>
<testsuite name="com.ceiba.factura.ServicioAnularFacturaTest" tests="2" skipped="0" failures="0" errors="0" timestamp="2022-06-29T21:14:45" hostname="DESKTOP-SJD26V0" time="0.13">
  <properties/>
  <testcase name="anularFacturaNullDeberiaLanzarError()" classname="com.ceiba.factura.ServicioAnularFacturaTest" time="0.119"/>
  <testcase name="deberiaAnularExitosamente()" classname="com.ceiba.factura.ServicioAnularFacturaTest" time="0.008"/>
  <system-out><![CDATA[]]></system-out>
  <system-err><![CDATA[]]></system-err>
</testsuite>
