<?xml version="1.0" encoding="UTF-8"?>
<testsuite name="com.ceiba.cita.CitaTest" tests="9" skipped="0" failures="0" errors="0" timestamp="2022-06-15T22:43:29" hostname="DESKTOP-SJD26V0" time="0.136">
  <properties/>
  <testcase name="reconstruirCitaSinCostoDeberiaLanzarError()" classname="com.ceiba.cita.CitaTest" time="0.101"/>
  <testcase name="reconstruirCitaSinHorarioDeberiaLanzarError()" classname="com.ceiba.cita.CitaTest" time="0.003"/>
  <testcase name="reconstruirCitaSinTarifaDeberiaLanzarError()" classname="com.ceiba.cita.CitaTest" time="0.002"/>
  <testcase name="reconstruirCitaSinHoraCitaDeberiaLanzarError()" classname="com.ceiba.cita.CitaTest" time="0.002"/>
  <testcase name="reconstruirCitaSinIdDeberiaLanzarError()" classname="com.ceiba.cita.CitaTest" time="0.003"/>
  <testcase name="reconstruirCitaSinFechaCitaDeberiaLanzarError()" classname="com.ceiba.cita.CitaTest" time="0.002"/>
  <testcase name="reconstruirCitaSinEstadoDeberiaLanzarError()" classname="com.ceiba.cita.CitaTest" time="0.003"/>
  <testcase name="deberiaCrearCitaExistosa()" classname="com.ceiba.cita.CitaTest" time="0.002"/>
  <testcase name="reconstruirCitaSinClienteDeberiaLanzarError()" classname="com.ceiba.cita.CitaTest" time="0.002"/>
  <system-out><![CDATA[]]></system-out>
  <system-err><![CDATA[]]></system-err>
</testsuite>
