<?xml version="1.0" encoding="UTF-8"?>
<testsuite name="com.ceiba.cita.HorarioPrecioTest" tests="3" skipped="0" failures="0" errors="0" timestamp="2022-06-29T20:01:25" hostname="DESKTOP-SJD26V0" time="0.007">
  <properties/>
  <testcase name="deberiaRetornarValoresDeDiaDescuento()" classname="com.ceiba.cita.HorarioPrecioTest" time="0.002"/>
  <testcase name="deberiaRetornarValoresDeNoche()" classname="com.ceiba.cita.HorarioPrecioTest" time="0.001"/>
  <testcase name="deberiaRetornarValoresDeNocheDescuento()" classname="com.ceiba.cita.HorarioPrecioTest" time="0.002"/>
  <system-out><![CDATA[]]></system-out>
  <system-err><![CDATA[]]></system-err>
</testsuite>
