<?xml version="1.0" encoding="UTF-8"?>
<testsuite name="com.ceiba.tarifa.TarifaTest" tests="7" skipped="0" failures="0" errors="0" timestamp="2022-06-29T20:20:04" hostname="DESKTOP-SJD26V0" time="0.031">
  <properties/>
  <testcase name="reconstruirTarifaSinCodigoDeberiaLanzarError()" classname="com.ceiba.tarifa.TarifaTest" time="0.005"/>
  <testcase name="reconstruirTarifaSinNombreDeberiaLanzarError()" classname="com.ceiba.tarifa.TarifaTest" time="0.002"/>
  <testcase name="reconstruirCostoMetroCuadradoHoraSecadoDeberiaLanzarError()" classname="com.ceiba.tarifa.TarifaTest" time="0.004"/>
  <testcase name="deberiaCrearTarifaExitosa()" classname="com.ceiba.tarifa.TarifaTest" time="0.002"/>
  <testcase name="reconstruirLimpiezaProfundaSecadoDeberiaLanzarError()" classname="com.ceiba.tarifa.TarifaTest" time="0.004"/>
  <testcase name="reconstruirTarifaSinTiempoHoraSecadoDeberiaLanzarError()" classname="com.ceiba.tarifa.TarifaTest" time="0.002"/>
  <testcase name="reconstruirTarifaSinIdDeberiaLanzarError()" classname="com.ceiba.tarifa.TarifaTest" time="0.001"/>
  <system-out><![CDATA[]]></system-out>
  <system-err><![CDATA[]]></system-err>
</testsuite>
