<?xml version="1.0" encoding="UTF-8"?>
<testsuite name="com.ceiba.cita.ServicioCancelarCitaTest" tests="1" skipped="0" failures="0" errors="0" timestamp="2022-06-29T20:20:00" hostname="DESKTOP-SJD26V0" time="3.128">
  <properties/>
  <testcase name="deberiaCancelarExitosamente()" classname="com.ceiba.cita.ServicioCancelarCitaTest" time="3.128"/>
  <system-out><![CDATA[]]></system-out>
  <system-err><![CDATA[]]></system-err>
</testsuite>
