<?xml version="1.0" encoding="UTF-8"?>
<testsuite name="com.ceiba.factura.ServicioFacturarTest" tests="1" skipped="0" failures="0" errors="0" timestamp="2022-06-14T21:09:33" hostname="DESKTOP-SJD26V0" time="0.022">
  <properties/>
  <testcase name="deberiaGenerarFacturaYGuardar()" classname="com.ceiba.factura.ServicioFacturarTest" time="0.022"/>
  <system-out><![CDATA[]]></system-out>
  <system-err><![CDATA[]]></system-err>
</testsuite>
