<?xml version="1.0" encoding="UTF-8"?>
<testsuite name="com.ceiba.cita.ServicioCitarTest" tests="1" skipped="0" failures="0" errors="0" timestamp="2022-06-29T20:45:09" hostname="DESKTOP-SJD26V0" time="0.024">
  <properties/>
  <testcase name="deberiaCitarYAlmacenarunaCita()" classname="com.ceiba.cita.ServicioCitarTest" time="0.024"/>
  <system-out><![CDATA[]]></system-out>
  <system-err><![CDATA[]]></system-err>
</testsuite>
